Unity Editor version:    2022.3.61f1 (6c53ebaf375d)
Branch:                  2022.3/release
Build type:              Release
Batch mode:              YES
macOS version:           Version 14.5 (Build 23F79)
Darwin version:          23.5.0
Architecture:            arm64
Running under Rosetta:   NO
Available memory:        8192 MB
Using pre-set license
Pro License: YES

COMMAND LINE ARGUMENTS:
/Applications/Unity/Hub/Editor/2022.3.61f1/Unity.app/Contents/MacOS/Unity
-adb2
-batchMode
-noUpm
-name
AssetImportWorker2
-projectPath
/Users/lindseytong/Slide N' Glide
-logFile
Logs/AssetImportWorker2.log
-srvPort
53352
Successfully changed project path to: /Users/lindseytong/Slide N' Glide
/Users/lindseytong/Slide N' Glide
[UnityMemory] Configuration Parameters - Can be set up in boot.config
    "memorysetup-bucket-allocator-granularity=16"
    "memorysetup-bucket-allocator-bucket-count=8"
    "memorysetup-bucket-allocator-block-size=33554432"
    "memorysetup-bucket-allocator-block-count=8"
    "memorysetup-main-allocator-block-size=16777216"
    "memorysetup-thread-allocator-block-size=16777216"
    "memorysetup-gfx-main-allocator-block-size=16777216"
    "memorysetup-gfx-thread-allocator-block-size=16777216"
    "memorysetup-cache-allocator-block-size=4194304"
    "memorysetup-typetree-allocator-block-size=2097152"
    "memorysetup-profiler-bucket-allocator-granularity=16"
    "memorysetup-profiler-bucket-allocator-bucket-count=8"
    "memorysetup-profiler-bucket-allocator-block-size=33554432"
    "memorysetup-profiler-bucket-allocator-block-count=8"
    "memorysetup-profiler-allocator-block-size=16777216"
    "memorysetup-profiler-editor-allocator-block-size=1048576"
    "memorysetup-temp-allocator-size-main=16777216"
    "memorysetup-job-temp-allocator-block-size=2097152"
    "memorysetup-job-temp-allocator-block-size-background=1048576"
    "memorysetup-job-temp-allocator-reduction-small-platforms=262144"
    "memorysetup-allocator-temp-initial-block-size-main=262144"
    "memorysetup-allocator-temp-initial-block-size-worker=262144"
    "memorysetup-temp-allocator-size-background-worker=32768"
    "memorysetup-temp-allocator-size-job-worker=262144"
    "memorysetup-temp-allocator-size-preload-manager=33554432"
    "memorysetup-temp-allocator-size-nav-mesh-worker=65536"
    "memorysetup-temp-allocator-size-audio-worker=65536"
    "memorysetup-temp-allocator-size-cloud-worker=32768"
    "memorysetup-temp-allocator-size-gi-baking-worker=262144"
    "memorysetup-temp-allocator-size-gfx=262144"
Player connection [8661584896]  Target information:

Player connection [8661584896]  * "[IP] 192.168.1.66 [Port] 0 [Flags] 2 [Guid] 2151988561 [EditorId] 2151988561 [Version] 1048832 [Id] OSXEditor(0,LindseyussinAir.attlocal.net) [Debug] 1 [PackageName] OSXEditor [ProjectName] Editor" 

Player connection [8661584896] Host joined multi-casting on [225.0.0.222:54997]...
Player connection [8661584896] Host joined alternative multi-casting on [225.0.0.222:34997]...
Input System module state changed to: Initialized.
[PhysX] Initialized MultithreadedTaskDispatcher with 8 workers.
Refreshing native plugins compatible for Editor in 10.11 ms, found 2 plugins.
Preloading 0 native plugins for Editor in 0.00 ms.
Initialize engine version: 2022.3.61f1 (6c53ebaf375d)
[Subsystems] Discovering subsystems at path /Applications/Unity/Hub/Editor/2022.3.61f1/Unity.app/Contents/Resources/UnitySubsystems
[Subsystems] Discovering subsystems at path /Users/lindseytong/Slide N' Glide/Assets
GfxDevice: creating device client; threaded=0; jobified=0
 preferred device: Apple M1 (high power)
Metal devices available: 1
0: Apple M1 (high power)
Using device Apple M1 (high power)
Initializing Metal device caps: Apple M1
Initialize mono
Mono path[0] = '/Applications/Unity/Hub/Editor/2022.3.61f1/Unity.app/Contents/Managed'
Mono path[1] = '/Applications/Unity/Hub/Editor/2022.3.61f1/Unity.app/Contents/MonoBleedingEdge/lib/mono/unityjit-macos'
Mono config path = '/Applications/Unity/Hub/Editor/2022.3.61f1/Unity.app/Contents/MonoBleedingEdge/etc'
Using monoOptions --debugger-agent=transport=dt_socket,embedding=1,server=y,suspend=n,address=127.0.0.1:56966
Begin MonoManager ReloadAssembly
Registering precompiled unity dll's ...
Register platform support module: /Applications/Unity/Hub/Editor/2022.3.61f1/PlaybackEngines/WebGLSupport/UnityEditor.WebGL.Extensions.dll
Register platform support module: /Applications/Unity/Hub/Editor/2022.3.61f1/Unity.app/Contents/PlaybackEngines/MacStandaloneSupport/UnityEditor.OSXStandalone.Extensions.dll
Registered in 0.002900 seconds.
- Loaded All Assemblies, in  0.350 seconds
Native extension for OSXStandalone target not found
Native extension for WebGL target not found
Mono: successfully reloaded assembly
- Finished resetting the current domain, in  0.261 seconds
Domain Reload Profiling: 611ms
	BeginReloadAssembly (103ms)
		ExecutionOrderSort (0ms)
		DisableScriptedObjects (0ms)
		BackupInstance (0ms)
		ReleaseScriptingObjects (0ms)
		CreateAndSetChildDomain (0ms)
	RebuildCommonClasses (33ms)
	RebuildNativeTypeToScriptingClass (9ms)
	initialDomainReloadingComplete (45ms)
	LoadAllAssembliesAndSetupDomain (160ms)
		LoadAssemblies (104ms)
		RebuildTransferFunctionScriptingTraits (0ms)
		AnalyzeDomain (157ms)
			TypeCache.Refresh (155ms)
				TypeCache.ScanAssembly (143ms)
			ScanForSourceGeneratedMonoScriptInfo (0ms)
			ResolveRequiredComponents (1ms)
	FinalizeReload (261ms)
		ReleaseScriptCaches (0ms)
		RebuildScriptCaches (0ms)
		SetupLoadedEditorAssemblies (221ms)
			LogAssemblyErrors (0ms)
			InitializePlatformSupportModulesInManaged (7ms)
			SetLoadedEditorAssemblies (4ms)
			RefreshPlugins (0ms)
			BeforeProcessingInitializeOnLoad (2ms)
			ProcessInitializeOnLoadAttributes (172ms)
			ProcessInitializeOnLoadMethodAttributes (36ms)
			AfterProcessingInitializeOnLoad (0ms)
			EditorAssembliesLoaded (0ms)
		ExecutionOrderSort2 (0ms)
		AwakeInstancesAfterBackupRestoration (0ms)
========================================================================
Worker process is ready to serve import requests
Caller must complete domain reload
Begin MonoManager ReloadAssembly
- Loaded All Assemblies, in  0.555 seconds
Native extension for OSXStandalone target not found
Native extension for WebGL target not found
Mono: successfully reloaded assembly
- Finished resetting the current domain, in  0.427 seconds
Domain Reload Profiling: 986ms
	BeginReloadAssembly (150ms)
		ExecutionOrderSort (0ms)
		DisableScriptedObjects (5ms)
		BackupInstance (0ms)
		ReleaseScriptingObjects (0ms)
		CreateAndSetChildDomain (36ms)
	RebuildCommonClasses (28ms)
	RebuildNativeTypeToScriptingClass (9ms)
	initialDomainReloadingComplete (31ms)
	LoadAllAssembliesAndSetupDomain (340ms)
		LoadAssemblies (235ms)
		RebuildTransferFunctionScriptingTraits (0ms)
		AnalyzeDomain (165ms)
			TypeCache.Refresh (151ms)
				TypeCache.ScanAssembly (128ms)
			ScanForSourceGeneratedMonoScriptInfo (9ms)
			ResolveRequiredComponents (4ms)
	FinalizeReload (427ms)
		ReleaseScriptCaches (0ms)
		RebuildScriptCaches (0ms)
		SetupLoadedEditorAssemblies (303ms)
			LogAssemblyErrors (0ms)
			InitializePlatformSupportModulesInManaged (4ms)
			SetLoadedEditorAssemblies (3ms)
			RefreshPlugins (0ms)
			BeforeProcessingInitializeOnLoad (41ms)
			ProcessInitializeOnLoadAttributes (235ms)
			ProcessInitializeOnLoadMethodAttributes (17ms)
			AfterProcessingInitializeOnLoad (1ms)
			EditorAssembliesLoaded (0ms)
		ExecutionOrderSort2 (0ms)
		AwakeInstancesAfterBackupRestoration (3ms)
Launching external process: /Applications/Unity/Hub/Editor/2022.3.61f1/Unity.app/Contents/Tools/UnityShaderCompiler
Launched and connected shader compiler UnityShaderCompiler after 0.24 seconds
Refreshing native plugins compatible for Editor in 2.23 ms, found 2 plugins.
Preloading 0 native plugins for Editor in 0.00 ms.
Unloading 3568 Unused Serialized files (Serialized files now loaded: 0)
Unloading 22 unused Assets / (100.7 KB). Loaded Objects now: 4035.
Memory consumption went from 144.0 MB to 144.0 MB.
Total: 7.302750 ms (FindLiveObjects: 0.492833 ms CreateObjectMapping: 0.223958 ms MarkObjects: 5.027459 ms  DeleteObjects: 1.557584 ms)

AssetImportParameters requested are different than current active one (requested -> active):
  custom:container-demuxer-ogg: 62fdf1f143b41e24485cea50d1cbac27 -> 
  custom:video-decoder-ogg-theora: a1e56fd34408186e4bbccfd4996cb3dc -> 
  custom:scripting/monoscript/fileName/Demo_Cannon.cs: 4bafd18793c1f2e91d81b7d557a59b13 -> 
  custom:scripting/monoscript/fileName/Demo_Unit.cs: 59a5f949051a6dba5929b65f372e7752 -> 
  custom:scripting/monoscript/fileName/Demo_Bullet.cs: 865687936b4476236e7773ddafe98a51 -> 
  custom:scripting/monoscript/fileName/Restart.cs: f4038f140f9e26ceb7931d56fcf7209d -> add66e6da873e366ed3518c440850d01
  custom:CustomObjectIndexerAttribute: 9a22284fe3817be447336de3de66b15e -> 
  custom:container-demuxer-webm: 4f35f7cbe854078d1ac9338744f61a02 -> 
  custom:scripting/monoscript/fileName/HealthSystem.cs: 3bf514bc72cae70b3f75cf0b3e42834b -> 
  custom:scripting/monoscript/fileName/ReadmeEditor_HealthSystem.cs: ffe2b7af7ae94220116f831e129dbec4 -> 
  custom:scripting/monoscript/fileName/Demo_Zombie.cs: e506a4c95f2fa047953388ae05cd79a7 -> 
  custom:scripting/monoscript/fileName/LookAtCamera.cs: 44866165fc05474e916a53991d5a3bc9 -> 
  custom:container-muxer-webm: aa71ff27fc2769a1b78a27578f13a17b -> 
  custom:video-decoder-webm-vp8: 9c59270c3fd7afecdb556c50c9e8de78 -> 
  custom:SearchIndexIgnoredProperties: e643bd26f0fe6173181afceb89e7c659 -> 
  custom:scripting/monoscript/fileName/HealthSystemComponent.cs: 376616f923bdf6f4801de5c1cfc814d3 -> 
  custom:AudioImporter_EditorPlatform: 3918e3fc78b5a79bad01e8451be0beb8 -> 
  custom:scripting/monoscript/fileName/IGetHealthSystem.cs: fe78d35da2a17f46f9315a888e2723bc -> 
  custom:scripting/monoscript/fileName/Demo_HealButton.cs: 586b31ab69340957765be839e992134f -> 
  custom:scripting/monoscript/fileName/TryAgain.cs: 5943599f40223b8eec5bba9b73d114a1 -> 
  custom:scripting/monoscript/fileName/HealthBarUI.cs: 2ed933b48b8d56a6b02dfff68cc5ea5a -> 
  custom:framework-osx-AVFoundation: e770b220cccbd017edd2c1fefb359320 -> 
  custom:video-encoder-webm-vp8: eb34c28f22e8b96e1ab97ce403110664 -> 
  custom:audio-decoder-ogg-vorbis: bf7c407c2cedff20999df2af8eb42d56 -> 
  custom:scripting/monoscript/fileName/Demo_DamageButton.cs: 134b4fa9c96d91b73fe2ab2bf8f47c91 -> 
  custom:scripting/monoscript/fileName/Demo_UnitCSharp.cs: bf027c959432188370c4d588e50122f7 -> 
  custom:scripting/monoscript/fileName/Demo.cs: 64e1956b8d06855efe6846ccc24a48c8 -> 
  custom:audio-encoder-webm-vorbis: bf7c407c2cedff20999df2af8eb42d56 -> 
  custom:scripting/monoscript/fileName/Demo_DefenseGame.cs: ef35965b14692a186e75b7b809fb2f7b -> 
  custom:scripting/monoscript/fileName/PlayerMove.cs: c911525a3fea5fc8ea2713161dd32c9d -> e1b5b1ca7ac5e05a4b47501120527237
  custom:scripting/monoscript/fileName/Readme_HealthSystem.cs: e6e81e05fa9f5a72d1e699f63cb523ba -> 
========================================================================
Received Import Request.
  Time since last request: 294620.699285 seconds.
  path: Assets/Scripts/ReturnMenu.cs
  artifactKey: Guid(4f959f1cf96754af1850c451f3e97ba7) Importer(815301076,1909f56bfc062723c751e8b465ee728b)
Start importing Assets/Scripts/ReturnMenu.cs using Guid(4f959f1cf96754af1850c451f3e97ba7) Importer(815301076,1909f56bfc062723c751e8b465ee728b) [PhysX] Initialized MultithreadedTaskDispatcher with 8 workers.
 -> (artifact id: 'd8b6b1003e0c90c0db8ad85451411910') in 0.009916 seconds
Number of updated asset objects reloaded before import = 0
Number of asset objects unloaded after import = 0
========================================================================
Received Prepare
Caller must complete domain reload
Begin MonoManager ReloadAssembly
Thread 0x315533000 may have been prematurely finalized
- Loaded All Assemblies, in  0.362 seconds
Native extension for OSXStandalone target not found
Native extension for WebGL target not found
Mono: successfully reloaded assembly
- Finished resetting the current domain, in  0.977 seconds
Domain Reload Profiling: 1339ms
	BeginReloadAssembly (126ms)
		ExecutionOrderSort (0ms)
		DisableScriptedObjects (4ms)
		BackupInstance (0ms)
		ReleaseScriptingObjects (0ms)
		CreateAndSetChildDomain (42ms)
	RebuildCommonClasses (30ms)
	RebuildNativeTypeToScriptingClass (10ms)
	initialDomainReloadingComplete (25ms)
	LoadAllAssembliesAndSetupDomain (170ms)
		LoadAssemblies (183ms)
		RebuildTransferFunctionScriptingTraits (0ms)
		AnalyzeDomain (27ms)
			TypeCache.Refresh (15ms)
				TypeCache.ScanAssembly (1ms)
			ScanForSourceGeneratedMonoScriptInfo (6ms)
			ResolveRequiredComponents (5ms)
	FinalizeReload (977ms)
		ReleaseScriptCaches (0ms)
		RebuildScriptCaches (0ms)
		SetupLoadedEditorAssemblies (253ms)
			LogAssemblyErrors (0ms)
			InitializePlatformSupportModulesInManaged (4ms)
			SetLoadedEditorAssemblies (3ms)
			RefreshPlugins (0ms)
			BeforeProcessingInitializeOnLoad (39ms)
			ProcessInitializeOnLoadAttributes (193ms)
			ProcessInitializeOnLoadMethodAttributes (12ms)
			AfterProcessingInitializeOnLoad (1ms)
			EditorAssembliesLoaded (0ms)
		ExecutionOrderSort2 (0ms)
		AwakeInstancesAfterBackupRestoration (3ms)
Refreshing native plugins compatible for Editor in 0.70 ms, found 2 plugins.
Preloading 0 native plugins for Editor in 0.00 ms.
Unloading 3529 Unused Serialized files (Serialized files now loaded: 0)
Unloading 17 unused Assets / (78.3 KB). Loaded Objects now: 4038.
Memory consumption went from 140.6 MB to 140.5 MB.
Total: 3.074250 ms (FindLiveObjects: 0.177583 ms CreateObjectMapping: 0.049625 ms MarkObjects: 2.738042 ms  DeleteObjects: 0.108291 ms)

Prepare: number of updated asset objects reloaded= 0
AssetImportParameters requested are different than current active one (requested -> active):
  custom:container-demuxer-ogg: 62fdf1f143b41e24485cea50d1cbac27 -> 
  custom:video-decoder-ogg-theora: a1e56fd34408186e4bbccfd4996cb3dc -> 
  custom:scripting/monoscript/fileName/Demo_Cannon.cs: 4bafd18793c1f2e91d81b7d557a59b13 -> 
  custom:scripting/monoscript/fileName/Demo_Unit.cs: 59a5f949051a6dba5929b65f372e7752 -> 
  custom:scripting/monoscript/fileName/Demo_Bullet.cs: 865687936b4476236e7773ddafe98a51 -> 
  custom:scripting/monoscript/fileName/Restart.cs: f4038f140f9e26ceb7931d56fcf7209d -> add66e6da873e366ed3518c440850d01
  custom:CustomObjectIndexerAttribute: 9a22284fe3817be447336de3de66b15e -> 
  custom:container-demuxer-webm: 4f35f7cbe854078d1ac9338744f61a02 -> 
  custom:scripting/monoscript/fileName/HealthSystem.cs: 3bf514bc72cae70b3f75cf0b3e42834b -> 
  custom:scripting/monoscript/fileName/ReadmeEditor_HealthSystem.cs: ffe2b7af7ae94220116f831e129dbec4 -> 
  custom:scripting/monoscript/fileName/Demo_Zombie.cs: e506a4c95f2fa047953388ae05cd79a7 -> 
  custom:scripting/monoscript/fileName/LookAtCamera.cs: 44866165fc05474e916a53991d5a3bc9 -> 
  custom:container-muxer-webm: aa71ff27fc2769a1b78a27578f13a17b -> 
  custom:video-decoder-webm-vp8: 9c59270c3fd7afecdb556c50c9e8de78 -> 
  custom:SearchIndexIgnoredProperties: e643bd26f0fe6173181afceb89e7c659 -> 
  custom:scripting/monoscript/fileName/HealthSystemComponent.cs: 376616f923bdf6f4801de5c1cfc814d3 -> 
  custom:AudioImporter_EditorPlatform: 3918e3fc78b5a79bad01e8451be0beb8 -> 
  custom:scripting/monoscript/fileName/IGetHealthSystem.cs: fe78d35da2a17f46f9315a888e2723bc -> 
  custom:scripting/monoscript/fileName/Demo_HealButton.cs: 586b31ab69340957765be839e992134f -> 
  custom:scripting/monoscript/fileName/TryAgain.cs: 5943599f40223b8eec5bba9b73d114a1 -> 
  custom:scripting/monoscript/fileName/HealthBarUI.cs: 2ed933b48b8d56a6b02dfff68cc5ea5a -> 
  custom:framework-osx-AVFoundation: e770b220cccbd017edd2c1fefb359320 -> 
  custom:video-encoder-webm-vp8: eb34c28f22e8b96e1ab97ce403110664 -> 
  custom:audio-decoder-ogg-vorbis: bf7c407c2cedff20999df2af8eb42d56 -> 
  custom:scripting/monoscript/fileName/Demo_DamageButton.cs: 134b4fa9c96d91b73fe2ab2bf8f47c91 -> 
  custom:scripting/monoscript/fileName/Demo_UnitCSharp.cs: bf027c959432188370c4d588e50122f7 -> 
  custom:scripting/monoscript/fileName/Demo.cs: 64e1956b8d06855efe6846ccc24a48c8 -> 
  custom:audio-encoder-webm-vorbis: bf7c407c2cedff20999df2af8eb42d56 -> 
  custom:scripting/monoscript/fileName/Demo_DefenseGame.cs: ef35965b14692a186e75b7b809fb2f7b -> 
  custom:scripting/monoscript/fileName/PlayerMove.cs: c911525a3fea5fc8ea2713161dd32c9d -> e1b5b1ca7ac5e05a4b47501120527237
  custom:scripting/monoscript/fileName/Readme_HealthSystem.cs: e6e81e05fa9f5a72d1e699f63cb523ba -> 
========================================================================
Received Prepare
Caller must complete domain reload
Begin MonoManager ReloadAssembly
Thread 0x30a987000 may have been prematurely finalized
- Loaded All Assemblies, in  0.239 seconds
Native extension for OSXStandalone target not found
Native extension for WebGL target not found
Mono: successfully reloaded assembly
- Finished resetting the current domain, in  0.475 seconds
Domain Reload Profiling: 715ms
	BeginReloadAssembly (83ms)
		ExecutionOrderSort (0ms)
		DisableScriptedObjects (3ms)
		BackupInstance (0ms)
		ReleaseScriptingObjects (0ms)
		CreateAndSetChildDomain (25ms)
	RebuildCommonClasses (28ms)
	RebuildNativeTypeToScriptingClass (9ms)
	initialDomainReloadingComplete (15ms)
	LoadAllAssembliesAndSetupDomain (104ms)
		LoadAssemblies (123ms)
		RebuildTransferFunctionScriptingTraits (0ms)
		AnalyzeDomain (13ms)
			TypeCache.Refresh (7ms)
				TypeCache.ScanAssembly (0ms)
			ScanForSourceGeneratedMonoScriptInfo (0ms)
			ResolveRequiredComponents (5ms)
	FinalizeReload (475ms)
		ReleaseScriptCaches (0ms)
		RebuildScriptCaches (0ms)
		SetupLoadedEditorAssemblies (285ms)
			LogAssemblyErrors (0ms)
			InitializePlatformSupportModulesInManaged (4ms)
			SetLoadedEditorAssemblies (3ms)
			RefreshPlugins (0ms)
			BeforeProcessingInitializeOnLoad (39ms)
			ProcessInitializeOnLoadAttributes (224ms)
			ProcessInitializeOnLoadMethodAttributes (14ms)
			AfterProcessingInitializeOnLoad (1ms)
			EditorAssembliesLoaded (0ms)
		ExecutionOrderSort2 (0ms)
		AwakeInstancesAfterBackupRestoration (3ms)
Refreshing native plugins compatible for Editor in 0.86 ms, found 2 plugins.
Preloading 0 native plugins for Editor in 0.00 ms.
Unloading 3530 Unused Serialized files (Serialized files now loaded: 0)
Unloading 17 unused Assets / (78.5 KB). Loaded Objects now: 4041.
Memory consumption went from 145.8 MB to 145.7 MB.
Total: 2.582750 ms (FindLiveObjects: 0.133459 ms CreateObjectMapping: 0.044542 ms MarkObjects: 2.297583 ms  DeleteObjects: 0.106583 ms)

Prepare: number of updated asset objects reloaded= 0
AssetImportParameters requested are different than current active one (requested -> active):
  custom:container-demuxer-ogg: 62fdf1f143b41e24485cea50d1cbac27 -> 
  custom:video-decoder-ogg-theora: a1e56fd34408186e4bbccfd4996cb3dc -> 
  custom:scripting/monoscript/fileName/Demo_Cannon.cs: 4bafd18793c1f2e91d81b7d557a59b13 -> 
  custom:scripting/monoscript/fileName/Demo_Unit.cs: 59a5f949051a6dba5929b65f372e7752 -> 
  custom:scripting/monoscript/fileName/Demo_Bullet.cs: 865687936b4476236e7773ddafe98a51 -> 
  custom:scripting/monoscript/fileName/Restart.cs: f4038f140f9e26ceb7931d56fcf7209d -> add66e6da873e366ed3518c440850d01
  custom:CustomObjectIndexerAttribute: 9a22284fe3817be447336de3de66b15e -> 
  custom:container-demuxer-webm: 4f35f7cbe854078d1ac9338744f61a02 -> 
  custom:scripting/monoscript/fileName/HealthSystem.cs: 3bf514bc72cae70b3f75cf0b3e42834b -> 
  custom:scripting/monoscript/fileName/ReadmeEditor_HealthSystem.cs: ffe2b7af7ae94220116f831e129dbec4 -> 
  custom:scripting/monoscript/fileName/Demo_Zombie.cs: e506a4c95f2fa047953388ae05cd79a7 -> 
  custom:scripting/monoscript/fileName/LookAtCamera.cs: 44866165fc05474e916a53991d5a3bc9 -> 
  custom:container-muxer-webm: aa71ff27fc2769a1b78a27578f13a17b -> 
  custom:video-decoder-webm-vp8: 9c59270c3fd7afecdb556c50c9e8de78 -> 
  custom:SearchIndexIgnoredProperties: e643bd26f0fe6173181afceb89e7c659 -> 
  custom:scripting/monoscript/fileName/HealthSystemComponent.cs: 376616f923bdf6f4801de5c1cfc814d3 -> 
  custom:AudioImporter_EditorPlatform: 3918e3fc78b5a79bad01e8451be0beb8 -> 
  custom:scripting/monoscript/fileName/IGetHealthSystem.cs: fe78d35da2a17f46f9315a888e2723bc -> 
  custom:scripting/monoscript/fileName/Demo_HealButton.cs: 586b31ab69340957765be839e992134f -> 
  custom:scripting/monoscript/fileName/TryAgain.cs: 5943599f40223b8eec5bba9b73d114a1 -> 
  custom:scripting/monoscript/fileName/HealthBarUI.cs: 2ed933b48b8d56a6b02dfff68cc5ea5a -> 
  custom:framework-osx-AVFoundation: e770b220cccbd017edd2c1fefb359320 -> 
  custom:video-encoder-webm-vp8: eb34c28f22e8b96e1ab97ce403110664 -> 
  custom:audio-decoder-ogg-vorbis: bf7c407c2cedff20999df2af8eb42d56 -> 
  custom:scripting/monoscript/fileName/Demo_DamageButton.cs: 134b4fa9c96d91b73fe2ab2bf8f47c91 -> 
  custom:scripting/monoscript/fileName/Demo_UnitCSharp.cs: bf027c959432188370c4d588e50122f7 -> 
  custom:scripting/monoscript/fileName/Demo.cs: 64e1956b8d06855efe6846ccc24a48c8 -> 
  custom:audio-encoder-webm-vorbis: bf7c407c2cedff20999df2af8eb42d56 -> 
  custom:scripting/monoscript/fileName/Demo_DefenseGame.cs: ef35965b14692a186e75b7b809fb2f7b -> 
  custom:scripting/monoscript/fileName/PlayerMove.cs: c911525a3fea5fc8ea2713161dd32c9d -> e1b5b1ca7ac5e05a4b47501120527237
  custom:scripting/monoscript/fileName/Readme_HealthSystem.cs: e6e81e05fa9f5a72d1e699f63cb523ba -> 
========================================================================
Received Import Request.
  Time since last request: 44.567052 seconds.
  path: Assets/Scripts/ReturnMenu.cs
  artifactKey: Guid(4f959f1cf96754af1850c451f3e97ba7) Importer(815301076,1909f56bfc062723c751e8b465ee728b)
Start importing Assets/Scripts/ReturnMenu.cs using Guid(4f959f1cf96754af1850c451f3e97ba7) Importer(815301076,1909f56bfc062723c751e8b465ee728b) [PhysX] Initialized MultithreadedTaskDispatcher with 8 workers.
 -> (artifact id: 'c139176fa47469a78e527b7a70385b79') in 0.001336 seconds
Number of updated asset objects reloaded before import = 0
Number of asset objects unloaded after import = 0
========================================================================
Received Prepare
Caller must complete domain reload
Begin MonoManager ReloadAssembly
Thread 0x16f24f000 may have been prematurely finalized
- Loaded All Assemblies, in  0.440 seconds
Native extension for OSXStandalone target not found
Native extension for WebGL target not found
Mono: successfully reloaded assembly
- Finished resetting the current domain, in  0.913 seconds
Domain Reload Profiling: 1355ms
	BeginReloadAssembly (106ms)
		ExecutionOrderSort (0ms)
		DisableScriptedObjects (4ms)
		BackupInstance (0ms)
		ReleaseScriptingObjects (0ms)
		CreateAndSetChildDomain (38ms)
	RebuildCommonClasses (28ms)
	RebuildNativeTypeToScriptingClass (9ms)
	initialDomainReloadingComplete (21ms)
	LoadAllAssembliesAndSetupDomain (275ms)
		LoadAssemblies (252ms)
		RebuildTransferFunctionScriptingTraits (0ms)
		AnalyzeDomain (59ms)
			TypeCache.Refresh (22ms)
				TypeCache.ScanAssembly (1ms)
			ScanForSourceGeneratedMonoScriptInfo (23ms)
			ResolveRequiredComponents (13ms)
	FinalizeReload (914ms)
		ReleaseScriptCaches (0ms)
		RebuildScriptCaches (0ms)
		SetupLoadedEditorAssemblies (257ms)
			LogAssemblyErrors (0ms)
			InitializePlatformSupportModulesInManaged (5ms)
			SetLoadedEditorAssemblies (4ms)
			RefreshPlugins (0ms)
			BeforeProcessingInitializeOnLoad (40ms)
			ProcessInitializeOnLoadAttributes (196ms)
			ProcessInitializeOnLoadMethodAttributes (12ms)
			AfterProcessingInitializeOnLoad (1ms)
			EditorAssembliesLoaded (0ms)
		ExecutionOrderSort2 (0ms)
		AwakeInstancesAfterBackupRestoration (2ms)
Refreshing native plugins compatible for Editor in 0.71 ms, found 2 plugins.
Preloading 0 native plugins for Editor in 0.00 ms.
Unloading 3528 Unused Serialized files (Serialized files now loaded: 0)
Unloading 18 unused Assets / (78.9 KB). Loaded Objects now: 4043.
Memory consumption went from 150.6 MB to 150.5 MB.
Total: 2.884375 ms (FindLiveObjects: 0.339292 ms CreateObjectMapping: 0.049250 ms MarkObjects: 2.394416 ms  DeleteObjects: 0.100709 ms)

Prepare: number of updated asset objects reloaded= 0
AssetImportParameters requested are different than current active one (requested -> active):
  custom:container-demuxer-ogg: 62fdf1f143b41e24485cea50d1cbac27 -> 
  custom:video-decoder-ogg-theora: a1e56fd34408186e4bbccfd4996cb3dc -> 
  custom:scripting/monoscript/fileName/Demo_Cannon.cs: 4bafd18793c1f2e91d81b7d557a59b13 -> 
  custom:scripting/monoscript/fileName/Demo_Unit.cs: 59a5f949051a6dba5929b65f372e7752 -> 
  custom:scripting/monoscript/fileName/Demo_Bullet.cs: 865687936b4476236e7773ddafe98a51 -> 
  custom:scripting/monoscript/fileName/Restart.cs: f4038f140f9e26ceb7931d56fcf7209d -> add66e6da873e366ed3518c440850d01
  custom:CustomObjectIndexerAttribute: 9a22284fe3817be447336de3de66b15e -> 
  custom:container-demuxer-webm: 4f35f7cbe854078d1ac9338744f61a02 -> 
  custom:scripting/monoscript/fileName/HealthSystem.cs: 3bf514bc72cae70b3f75cf0b3e42834b -> 
  custom:scripting/monoscript/fileName/ReadmeEditor_HealthSystem.cs: ffe2b7af7ae94220116f831e129dbec4 -> 
  custom:scripting/monoscript/fileName/Demo_Zombie.cs: e506a4c95f2fa047953388ae05cd79a7 -> 
  custom:scripting/monoscript/fileName/LookAtCamera.cs: 44866165fc05474e916a53991d5a3bc9 -> 
  custom:container-muxer-webm: aa71ff27fc2769a1b78a27578f13a17b -> 
  custom:video-decoder-webm-vp8: 9c59270c3fd7afecdb556c50c9e8de78 -> 
  custom:SearchIndexIgnoredProperties: e643bd26f0fe6173181afceb89e7c659 -> 
  custom:scripting/monoscript/fileName/HealthSystemComponent.cs: 376616f923bdf6f4801de5c1cfc814d3 -> 
  custom:AudioImporter_EditorPlatform: 3918e3fc78b5a79bad01e8451be0beb8 -> 
  custom:scripting/monoscript/fileName/IGetHealthSystem.cs: fe78d35da2a17f46f9315a888e2723bc -> 
  custom:scripting/monoscript/fileName/Demo_HealButton.cs: 586b31ab69340957765be839e992134f -> 
  custom:scripting/monoscript/fileName/TryAgain.cs: 5943599f40223b8eec5bba9b73d114a1 -> 
  custom:scripting/monoscript/fileName/HealthBarUI.cs: 2ed933b48b8d56a6b02dfff68cc5ea5a -> 
  custom:framework-osx-AVFoundation: e770b220cccbd017edd2c1fefb359320 -> 
  custom:video-encoder-webm-vp8: eb34c28f22e8b96e1ab97ce403110664 -> 
  custom:audio-decoder-ogg-vorbis: bf7c407c2cedff20999df2af8eb42d56 -> 
  custom:scripting/monoscript/fileName/Demo_DamageButton.cs: 134b4fa9c96d91b73fe2ab2bf8f47c91 -> 
  custom:scripting/monoscript/fileName/Demo_UnitCSharp.cs: bf027c959432188370c4d588e50122f7 -> 
  custom:scripting/monoscript/fileName/Demo.cs: 64e1956b8d06855efe6846ccc24a48c8 -> 
  custom:audio-encoder-webm-vorbis: bf7c407c2cedff20999df2af8eb42d56 -> 
  custom:scripting/monoscript/fileName/Demo_DefenseGame.cs: ef35965b14692a186e75b7b809fb2f7b -> 
  custom:scripting/precompiled-assembly-types:Assembly-CSharp: 9c679feca488b115ca36c73c0d83df4f -> 7a063d5b9f86bfaf1c70d59d4d03a175
  custom:scripting/monoscript/fileName/PlayerMove.cs: c911525a3fea5fc8ea2713161dd32c9d -> e1b5b1ca7ac5e05a4b47501120527237
  custom:scripting/monoscript/fileName/Readme_HealthSystem.cs: e6e81e05fa9f5a72d1e699f63cb523ba -> 
========================================================================
Received Prepare
Caller must complete domain reload
Begin MonoManager ReloadAssembly
Thread 0x30aa13000 may have been prematurely finalized
- Loaded All Assemblies, in  0.312 seconds
Native extension for OSXStandalone target not found
Native extension for WebGL target not found
Mono: successfully reloaded assembly
- Finished resetting the current domain, in  0.891 seconds
Domain Reload Profiling: 1204ms
	BeginReloadAssembly (95ms)
		ExecutionOrderSort (0ms)
		DisableScriptedObjects (3ms)
		BackupInstance (0ms)
		ReleaseScriptingObjects (0ms)
		CreateAndSetChildDomain (33ms)
	RebuildCommonClasses (29ms)
	RebuildNativeTypeToScriptingClass (9ms)
	initialDomainReloadingComplete (16ms)
	LoadAllAssembliesAndSetupDomain (164ms)
		LoadAssemblies (174ms)
		RebuildTransferFunctionScriptingTraits (0ms)
		AnalyzeDomain (23ms)
			TypeCache.Refresh (17ms)
				TypeCache.ScanAssembly (0ms)
			ScanForSourceGeneratedMonoScriptInfo (0ms)
			ResolveRequiredComponents (5ms)
	FinalizeReload (892ms)
		ReleaseScriptCaches (0ms)
		RebuildScriptCaches (0ms)
		SetupLoadedEditorAssemblies (274ms)
			LogAssemblyErrors (0ms)
			InitializePlatformSupportModulesInManaged (5ms)
			SetLoadedEditorAssemblies (3ms)
			RefreshPlugins (0ms)
			BeforeProcessingInitializeOnLoad (42ms)
			ProcessInitializeOnLoadAttributes (209ms)
			ProcessInitializeOnLoadMethodAttributes (14ms)
			AfterProcessingInitializeOnLoad (1ms)
			EditorAssembliesLoaded (0ms)
		ExecutionOrderSort2 (0ms)
		AwakeInstancesAfterBackupRestoration (3ms)
Refreshing native plugins compatible for Editor in 0.73 ms, found 2 plugins.
Preloading 0 native plugins for Editor in 0.00 ms.
Unloading 3529 Unused Serialized files (Serialized files now loaded: 0)
Unloading 17 unused Assets / (102.5 KB). Loaded Objects now: 4046.
Memory consumption went from 155.8 MB to 155.7 MB.
Total: 2.906625 ms (FindLiveObjects: 0.307958 ms CreateObjectMapping: 0.045459 ms MarkObjects: 2.403750 ms  DeleteObjects: 0.148666 ms)

Prepare: number of updated asset objects reloaded= 0
AssetImportParameters requested are different than current active one (requested -> active):
  custom:container-demuxer-ogg: 62fdf1f143b41e24485cea50d1cbac27 -> 
  custom:video-decoder-ogg-theora: a1e56fd34408186e4bbccfd4996cb3dc -> 
  custom:scripting/monoscript/fileName/Demo_Cannon.cs: 4bafd18793c1f2e91d81b7d557a59b13 -> 
  custom:scripting/monoscript/fileName/Demo_Unit.cs: 59a5f949051a6dba5929b65f372e7752 -> 
  custom:scripting/monoscript/fileName/Demo_Bullet.cs: 865687936b4476236e7773ddafe98a51 -> 
  custom:scripting/monoscript/fileName/Restart.cs: f4038f140f9e26ceb7931d56fcf7209d -> add66e6da873e366ed3518c440850d01
  custom:CustomObjectIndexerAttribute: 9a22284fe3817be447336de3de66b15e -> 
  custom:container-demuxer-webm: 4f35f7cbe854078d1ac9338744f61a02 -> 
  custom:scripting/monoscript/fileName/HealthSystem.cs: 3bf514bc72cae70b3f75cf0b3e42834b -> 
  custom:scripting/monoscript/fileName/ReadmeEditor_HealthSystem.cs: ffe2b7af7ae94220116f831e129dbec4 -> 
  custom:scripting/monoscript/fileName/Demo_Zombie.cs: e506a4c95f2fa047953388ae05cd79a7 -> 
  custom:scripting/monoscript/fileName/LookAtCamera.cs: 44866165fc05474e916a53991d5a3bc9 -> 
  custom:container-muxer-webm: aa71ff27fc2769a1b78a27578f13a17b -> 
  custom:video-decoder-webm-vp8: 9c59270c3fd7afecdb556c50c9e8de78 -> 
  custom:SearchIndexIgnoredProperties: e643bd26f0fe6173181afceb89e7c659 -> 
  custom:scripting/monoscript/fileName/HealthSystemComponent.cs: 376616f923bdf6f4801de5c1cfc814d3 -> 
  custom:AudioImporter_EditorPlatform: 3918e3fc78b5a79bad01e8451be0beb8 -> 
  custom:scripting/monoscript/fileName/IGetHealthSystem.cs: fe78d35da2a17f46f9315a888e2723bc -> 
  custom:scripting/monoscript/fileName/Demo_HealButton.cs: 586b31ab69340957765be839e992134f -> 
  custom:scripting/monoscript/fileName/TryAgain.cs: 5943599f40223b8eec5bba9b73d114a1 -> 
  custom:scripting/monoscript/fileName/HealthBarUI.cs: 2ed933b48b8d56a6b02dfff68cc5ea5a -> 
  custom:framework-osx-AVFoundation: e770b220cccbd017edd2c1fefb359320 -> 
  custom:video-encoder-webm-vp8: eb34c28f22e8b96e1ab97ce403110664 -> 
  custom:audio-decoder-ogg-vorbis: bf7c407c2cedff20999df2af8eb42d56 -> 
  custom:scripting/monoscript/fileName/Demo_DamageButton.cs: 134b4fa9c96d91b73fe2ab2bf8f47c91 -> 
  custom:scripting/monoscript/fileName/Demo_UnitCSharp.cs: bf027c959432188370c4d588e50122f7 -> 
  custom:scripting/monoscript/fileName/Demo.cs: 64e1956b8d06855efe6846ccc24a48c8 -> 
  custom:audio-encoder-webm-vorbis: bf7c407c2cedff20999df2af8eb42d56 -> 
  custom:scripting/monoscript/fileName/Demo_DefenseGame.cs: ef35965b14692a186e75b7b809fb2f7b -> 
  custom:scripting/precompiled-assembly-types:Assembly-CSharp: 9c679feca488b115ca36c73c0d83df4f -> 7a063d5b9f86bfaf1c70d59d4d03a175
  custom:scripting/monoscript/fileName/PlayerMove.cs: c911525a3fea5fc8ea2713161dd32c9d -> e1b5b1ca7ac5e05a4b47501120527237
  custom:scripting/monoscript/fileName/Readme_HealthSystem.cs: e6e81e05fa9f5a72d1e699f63cb523ba -> 
========================================================================
Received Import Request.
  Time since last request: 311.573430 seconds.
  path: Assets/Scripts/Restart.cs
  artifactKey: Guid(b6780f33912b949c4bd99568f238aa7b) Importer(815301076,1909f56bfc062723c751e8b465ee728b)
Start importing Assets/Scripts/Restart.cs using Guid(b6780f33912b949c4bd99568f238aa7b) Importer(815301076,1909f56bfc062723c751e8b465ee728b) [PhysX] Initialized MultithreadedTaskDispatcher with 8 workers.
 -> (artifact id: '95f7afaea7a27148bf8d6619fef22182') in 0.009988 seconds
Number of updated asset objects reloaded before import = 0
Number of asset objects unloaded after import = 0
========================================================================
Received Prepare
Caller must complete domain reload
Begin MonoManager ReloadAssembly
Thread 0x16f21b000 may have been prematurely finalized
- Loaded All Assemblies, in  0.358 seconds
Native extension for OSXStandalone target not found
Native extension for WebGL target not found
Mono: successfully reloaded assembly
- Finished resetting the current domain, in  0.812 seconds
Domain Reload Profiling: 1171ms
	BeginReloadAssembly (93ms)
		ExecutionOrderSort (0ms)
		DisableScriptedObjects (3ms)
		BackupInstance (0ms)
		ReleaseScriptingObjects (0ms)
		CreateAndSetChildDomain (31ms)
	RebuildCommonClasses (34ms)
	RebuildNativeTypeToScriptingClass (14ms)
	initialDomainReloadingComplete (16ms)
	LoadAllAssembliesAndSetupDomain (202ms)
		LoadAssemblies (208ms)
		RebuildTransferFunctionScriptingTraits (0ms)
		AnalyzeDomain (28ms)
			TypeCache.Refresh (10ms)
				TypeCache.ScanAssembly (1ms)
			ScanForSourceGeneratedMonoScriptInfo (7ms)
			ResolveRequiredComponents (11ms)
	FinalizeReload (812ms)
		ReleaseScriptCaches (0ms)
		RebuildScriptCaches (0ms)
		SetupLoadedEditorAssemblies (243ms)
			LogAssemblyErrors (0ms)
			InitializePlatformSupportModulesInManaged (4ms)
			SetLoadedEditorAssemblies (3ms)
			RefreshPlugins (0ms)
			BeforeProcessingInitializeOnLoad (38ms)
			ProcessInitializeOnLoadAttributes (187ms)
			ProcessInitializeOnLoadMethodAttributes (11ms)
			AfterProcessingInitializeOnLoad (1ms)
			EditorAssembliesLoaded (0ms)
		ExecutionOrderSort2 (0ms)
		AwakeInstancesAfterBackupRestoration (2ms)
Refreshing native plugins compatible for Editor in 0.68 ms, found 2 plugins.
Preloading 0 native plugins for Editor in 0.00 ms.
Unloading 3529 Unused Serialized files (Serialized files now loaded: 0)
Unloading 17 unused Assets / (102.7 KB). Loaded Objects now: 4050.
Memory consumption went from 160.6 MB to 160.5 MB.
Total: 2.615500 ms (FindLiveObjects: 0.134542 ms CreateObjectMapping: 0.044166 ms MarkObjects: 2.344583 ms  DeleteObjects: 0.091542 ms)

Prepare: number of updated asset objects reloaded= 0
AssetImportParameters requested are different than current active one (requested -> active):
  custom:container-demuxer-ogg: 62fdf1f143b41e24485cea50d1cbac27 -> 
  custom:video-decoder-ogg-theora: a1e56fd34408186e4bbccfd4996cb3dc -> 
  custom:scripting/monoscript/fileName/Demo_Cannon.cs: 4bafd18793c1f2e91d81b7d557a59b13 -> 
  custom:scripting/monoscript/fileName/Demo_Unit.cs: 59a5f949051a6dba5929b65f372e7752 -> 
  custom:scripting/monoscript/fileName/Demo_Bullet.cs: 865687936b4476236e7773ddafe98a51 -> 
  custom:scripting/monoscript/fileName/Restart.cs: f4038f140f9e26ceb7931d56fcf7209d -> add66e6da873e366ed3518c440850d01
  custom:CustomObjectIndexerAttribute: 9a22284fe3817be447336de3de66b15e -> 
  custom:container-demuxer-webm: 4f35f7cbe854078d1ac9338744f61a02 -> 
  custom:scripting/monoscript/fileName/HealthSystem.cs: 3bf514bc72cae70b3f75cf0b3e42834b -> 
  custom:scripting/monoscript/fileName/ReadmeEditor_HealthSystem.cs: ffe2b7af7ae94220116f831e129dbec4 -> 
  custom:scripting/monoscript/fileName/Demo_Zombie.cs: e506a4c95f2fa047953388ae05cd79a7 -> 
  custom:scripting/monoscript/fileName/LookAtCamera.cs: 44866165fc05474e916a53991d5a3bc9 -> 
  custom:container-muxer-webm: aa71ff27fc2769a1b78a27578f13a17b -> 
  custom:video-decoder-webm-vp8: 9c59270c3fd7afecdb556c50c9e8de78 -> 
  custom:SearchIndexIgnoredProperties: e643bd26f0fe6173181afceb89e7c659 -> 
  custom:scripting/monoscript/fileName/HealthSystemComponent.cs: 376616f923bdf6f4801de5c1cfc814d3 -> 
  custom:AudioImporter_EditorPlatform: 3918e3fc78b5a79bad01e8451be0beb8 -> 
  custom:scripting/monoscript/fileName/IGetHealthSystem.cs: fe78d35da2a17f46f9315a888e2723bc -> 
  custom:scripting/monoscript/fileName/Demo_HealButton.cs: 586b31ab69340957765be839e992134f -> 
  custom:scripting/monoscript/fileName/TryAgain.cs: 5943599f40223b8eec5bba9b73d114a1 -> 
  custom:scripting/monoscript/fileName/HealthBarUI.cs: 2ed933b48b8d56a6b02dfff68cc5ea5a -> 
  custom:framework-osx-AVFoundation: e770b220cccbd017edd2c1fefb359320 -> 
  custom:video-encoder-webm-vp8: eb34c28f22e8b96e1ab97ce403110664 -> 
  custom:audio-decoder-ogg-vorbis: bf7c407c2cedff20999df2af8eb42d56 -> 
  custom:scripting/monoscript/fileName/Demo_DamageButton.cs: 134b4fa9c96d91b73fe2ab2bf8f47c91 -> 
  custom:scripting/monoscript/fileName/Demo_UnitCSharp.cs: bf027c959432188370c4d588e50122f7 -> 
  custom:scripting/monoscript/fileName/Demo.cs: 64e1956b8d06855efe6846ccc24a48c8 -> 
  custom:audio-encoder-webm-vorbis: bf7c407c2cedff20999df2af8eb42d56 -> 
  custom:scripting/monoscript/fileName/Demo_DefenseGame.cs: ef35965b14692a186e75b7b809fb2f7b -> 
  custom:scripting/precompiled-assembly-types:Assembly-CSharp: c2012a2da094765f47304767abc48809 -> 7a063d5b9f86bfaf1c70d59d4d03a175
  custom:scripting/monoscript/fileName/PlayerMove.cs: c911525a3fea5fc8ea2713161dd32c9d -> e1b5b1ca7ac5e05a4b47501120527237
  custom:scripting/monoscript/fileName/Readme_HealthSystem.cs: e6e81e05fa9f5a72d1e699f63cb523ba -> 
========================================================================
Received Prepare
Caller must complete domain reload
Begin MonoManager ReloadAssembly
Thread 0x16f21b000 may have been prematurely finalized
- Loaded All Assemblies, in  0.346 seconds
Native extension for OSXStandalone target not found
Native extension for WebGL target not found
Mono: successfully reloaded assembly
- Finished resetting the current domain, in  0.863 seconds
Domain Reload Profiling: 1209ms
	BeginReloadAssembly (109ms)
		ExecutionOrderSort (0ms)
		DisableScriptedObjects (3ms)
		BackupInstance (0ms)
		ReleaseScriptingObjects (0ms)
		CreateAndSetChildDomain (43ms)
	RebuildCommonClasses (29ms)
	RebuildNativeTypeToScriptingClass (9ms)
	initialDomainReloadingComplete (18ms)
	LoadAllAssembliesAndSetupDomain (182ms)
		LoadAssemblies (192ms)
		RebuildTransferFunctionScriptingTraits (0ms)
		AnalyzeDomain (27ms)
			TypeCache.Refresh (15ms)
				TypeCache.ScanAssembly (1ms)
			ScanForSourceGeneratedMonoScriptInfo (7ms)
			ResolveRequiredComponents (5ms)
	FinalizeReload (863ms)
		ReleaseScriptCaches (0ms)
		RebuildScriptCaches (0ms)
		SetupLoadedEditorAssemblies (252ms)
			LogAssemblyErrors (0ms)
			InitializePlatformSupportModulesInManaged (4ms)
			SetLoadedEditorAssemblies (3ms)
			RefreshPlugins (0ms)
			BeforeProcessingInitializeOnLoad (39ms)
			ProcessInitializeOnLoadAttributes (193ms)
			ProcessInitializeOnLoadMethodAttributes (12ms)
			AfterProcessingInitializeOnLoad (1ms)
			EditorAssembliesLoaded (0ms)
		ExecutionOrderSort2 (0ms)
		AwakeInstancesAfterBackupRestoration (3ms)
Refreshing native plugins compatible for Editor in 0.53 ms, found 2 plugins.
Preloading 0 native plugins for Editor in 0.00 ms.
Unloading 3530 Unused Serialized files (Serialized files now loaded: 0)
Unloading 17 unused Assets / (86.5 KB). Loaded Objects now: 4053.
Memory consumption went from 165.8 MB to 165.7 MB.
Total: 2.728916 ms (FindLiveObjects: 0.138792 ms CreateObjectMapping: 0.046291 ms MarkObjects: 2.446208 ms  DeleteObjects: 0.097042 ms)

Prepare: number of updated asset objects reloaded= 0
AssetImportParameters requested are different than current active one (requested -> active):
  custom:container-demuxer-ogg: 62fdf1f143b41e24485cea50d1cbac27 -> 
  custom:video-decoder-ogg-theora: a1e56fd34408186e4bbccfd4996cb3dc -> 
  custom:scripting/monoscript/fileName/Demo_Cannon.cs: 4bafd18793c1f2e91d81b7d557a59b13 -> 
  custom:scripting/monoscript/fileName/Demo_Unit.cs: 59a5f949051a6dba5929b65f372e7752 -> 
  custom:scripting/monoscript/fileName/Demo_Bullet.cs: 865687936b4476236e7773ddafe98a51 -> 
  custom:scripting/monoscript/fileName/Restart.cs: f4038f140f9e26ceb7931d56fcf7209d -> add66e6da873e366ed3518c440850d01
  custom:CustomObjectIndexerAttribute: 9a22284fe3817be447336de3de66b15e -> 
  custom:container-demuxer-webm: 4f35f7cbe854078d1ac9338744f61a02 -> 
  custom:scripting/monoscript/fileName/HealthSystem.cs: 3bf514bc72cae70b3f75cf0b3e42834b -> 
  custom:scripting/monoscript/fileName/ReadmeEditor_HealthSystem.cs: ffe2b7af7ae94220116f831e129dbec4 -> 
  custom:scripting/monoscript/fileName/Demo_Zombie.cs: e506a4c95f2fa047953388ae05cd79a7 -> 
  custom:scripting/monoscript/fileName/LookAtCamera.cs: 44866165fc05474e916a53991d5a3bc9 -> 
  custom:container-muxer-webm: aa71ff27fc2769a1b78a27578f13a17b -> 
  custom:video-decoder-webm-vp8: 9c59270c3fd7afecdb556c50c9e8de78 -> 
  custom:SearchIndexIgnoredProperties: e643bd26f0fe6173181afceb89e7c659 -> 
  custom:scripting/monoscript/fileName/HealthSystemComponent.cs: 376616f923bdf6f4801de5c1cfc814d3 -> 
  custom:AudioImporter_EditorPlatform: 3918e3fc78b5a79bad01e8451be0beb8 -> 
  custom:scripting/monoscript/fileName/IGetHealthSystem.cs: fe78d35da2a17f46f9315a888e2723bc -> 
  custom:scripting/monoscript/fileName/Demo_HealButton.cs: 586b31ab69340957765be839e992134f -> 
  custom:scripting/monoscript/fileName/TryAgain.cs: 5943599f40223b8eec5bba9b73d114a1 -> 
  custom:scripting/monoscript/fileName/HealthBarUI.cs: 2ed933b48b8d56a6b02dfff68cc5ea5a -> 
  custom:framework-osx-AVFoundation: e770b220cccbd017edd2c1fefb359320 -> 
  custom:video-encoder-webm-vp8: eb34c28f22e8b96e1ab97ce403110664 -> 
  custom:audio-decoder-ogg-vorbis: bf7c407c2cedff20999df2af8eb42d56 -> 
  custom:scripting/monoscript/fileName/Demo_DamageButton.cs: 134b4fa9c96d91b73fe2ab2bf8f47c91 -> 
  custom:scripting/monoscript/fileName/Demo_UnitCSharp.cs: bf027c959432188370c4d588e50122f7 -> 
  custom:scripting/monoscript/fileName/Demo.cs: 64e1956b8d06855efe6846ccc24a48c8 -> 
  custom:audio-encoder-webm-vorbis: bf7c407c2cedff20999df2af8eb42d56 -> 
  custom:scripting/monoscript/fileName/Demo_DefenseGame.cs: ef35965b14692a186e75b7b809fb2f7b -> 
  custom:scripting/precompiled-assembly-types:Assembly-CSharp: c2012a2da094765f47304767abc48809 -> 7a063d5b9f86bfaf1c70d59d4d03a175
  custom:scripting/monoscript/fileName/PlayerMove.cs: c911525a3fea5fc8ea2713161dd32c9d -> e1b5b1ca7ac5e05a4b47501120527237
  custom:scripting/monoscript/fileName/Readme_HealthSystem.cs: e6e81e05fa9f5a72d1e699f63cb523ba -> 
========================================================================
Received Import Request.
  Time since last request: 338.356311 seconds.
  path: Assets/Scripts/MenuLoader.cs
  artifactKey: Guid(80d816db51a1b4310b61ec4c69c44aed) Importer(815301076,1909f56bfc062723c751e8b465ee728b)
Start importing Assets/Scripts/MenuLoader.cs using Guid(80d816db51a1b4310b61ec4c69c44aed) Importer(815301076,1909f56bfc062723c751e8b465ee728b) [PhysX] Initialized MultithreadedTaskDispatcher with 8 workers.
 -> (artifact id: '30a2813bd785f4663e69d54b26950ff1') in 0.016137 seconds
Number of updated asset objects reloaded before import = 0
Number of asset objects unloaded after import = 0
========================================================================
Received Prepare
Caller must complete domain reload
Begin MonoManager ReloadAssembly
Thread 0x16f21b000 may have been prematurely finalized
- Loaded All Assemblies, in  0.396 seconds
Native extension for OSXStandalone target not found
Native extension for WebGL target not found
Mono: successfully reloaded assembly
- Finished resetting the current domain, in  1.030 seconds
Domain Reload Profiling: 1426ms
	BeginReloadAssembly (146ms)
		ExecutionOrderSort (0ms)
		DisableScriptedObjects (3ms)
		BackupInstance (0ms)
		ReleaseScriptingObjects (0ms)
		CreateAndSetChildDomain (49ms)
	RebuildCommonClasses (36ms)
	RebuildNativeTypeToScriptingClass (10ms)
	initialDomainReloadingComplete (20ms)
	LoadAllAssembliesAndSetupDomain (185ms)
		LoadAssemblies (226ms)
		RebuildTransferFunctionScriptingTraits (0ms)
		AnalyzeDomain (27ms)
			TypeCache.Refresh (16ms)
				TypeCache.ScanAssembly (1ms)
			ScanForSourceGeneratedMonoScriptInfo (7ms)
			ResolveRequiredComponents (5ms)
	FinalizeReload (1030ms)
		ReleaseScriptCaches (0ms)
		RebuildScriptCaches (0ms)
		SetupLoadedEditorAssemblies (280ms)
			LogAssemblyErrors (0ms)
			InitializePlatformSupportModulesInManaged (5ms)
			SetLoadedEditorAssemblies (4ms)
			RefreshPlugins (0ms)
			BeforeProcessingInitializeOnLoad (45ms)
			ProcessInitializeOnLoadAttributes (214ms)
			ProcessInitializeOnLoadMethodAttributes (12ms)
			AfterProcessingInitializeOnLoad (1ms)
			EditorAssembliesLoaded (0ms)
		ExecutionOrderSort2 (0ms)
		AwakeInstancesAfterBackupRestoration (3ms)
Refreshing native plugins compatible for Editor in 0.69 ms, found 2 plugins.
Preloading 0 native plugins for Editor in 0.00 ms.
Unloading 3530 Unused Serialized files (Serialized files now loaded: 0)
Unloading 17 unused Assets / (102.6 KB). Loaded Objects now: 4057.
Memory consumption went from 170.7 MB to 170.6 MB.
Total: 2.475750 ms (FindLiveObjects: 0.163708 ms CreateObjectMapping: 0.047833 ms MarkObjects: 2.158375 ms  DeleteObjects: 0.104834 ms)

Prepare: number of updated asset objects reloaded= 0
AssetImportParameters requested are different than current active one (requested -> active):
  custom:container-demuxer-ogg: 62fdf1f143b41e24485cea50d1cbac27 -> 
  custom:video-decoder-ogg-theora: a1e56fd34408186e4bbccfd4996cb3dc -> 
  custom:scripting/monoscript/fileName/Demo_Cannon.cs: 4bafd18793c1f2e91d81b7d557a59b13 -> 
  custom:scripting/monoscript/fileName/Demo_Unit.cs: 59a5f949051a6dba5929b65f372e7752 -> 
  custom:scripting/monoscript/fileName/Demo_Bullet.cs: 865687936b4476236e7773ddafe98a51 -> 
  custom:scripting/monoscript/fileName/Restart.cs: f4038f140f9e26ceb7931d56fcf7209d -> add66e6da873e366ed3518c440850d01
  custom:scripting/monoscript/fileName/MenuLoader.cs: b921a92d494c127f5c5814c88143c62e -> 
  custom:CustomObjectIndexerAttribute: 9a22284fe3817be447336de3de66b15e -> 
  custom:container-demuxer-webm: 4f35f7cbe854078d1ac9338744f61a02 -> 
  custom:scripting/monoscript/fileName/HealthSystem.cs: 3bf514bc72cae70b3f75cf0b3e42834b -> 
  custom:scripting/monoscript/fileName/ReadmeEditor_HealthSystem.cs: ffe2b7af7ae94220116f831e129dbec4 -> 
  custom:scripting/monoscript/fileName/Demo_Zombie.cs: e506a4c95f2fa047953388ae05cd79a7 -> 
  custom:scripting/monoscript/fileName/LookAtCamera.cs: 44866165fc05474e916a53991d5a3bc9 -> 
  custom:container-muxer-webm: aa71ff27fc2769a1b78a27578f13a17b -> 
  custom:video-decoder-webm-vp8: 9c59270c3fd7afecdb556c50c9e8de78 -> 
  custom:SearchIndexIgnoredProperties: e643bd26f0fe6173181afceb89e7c659 -> 
  custom:scripting/monoscript/fileName/HealthSystemComponent.cs: 376616f923bdf6f4801de5c1cfc814d3 -> 
  custom:AudioImporter_EditorPlatform: 3918e3fc78b5a79bad01e8451be0beb8 -> 
  custom:scripting/monoscript/fileName/IGetHealthSystem.cs: fe78d35da2a17f46f9315a888e2723bc -> 
  custom:scripting/monoscript/fileName/Demo_HealButton.cs: 586b31ab69340957765be839e992134f -> 
  custom:scripting/monoscript/fileName/TryAgain.cs: 5943599f40223b8eec5bba9b73d114a1 -> 
  custom:scripting/monoscript/fileName/HealthBarUI.cs: 2ed933b48b8d56a6b02dfff68cc5ea5a -> 
  custom:framework-osx-AVFoundation: e770b220cccbd017edd2c1fefb359320 -> 
  custom:video-encoder-webm-vp8: eb34c28f22e8b96e1ab97ce403110664 -> 
  custom:audio-decoder-ogg-vorbis: bf7c407c2cedff20999df2af8eb42d56 -> 
  custom:scripting/monoscript/fileName/Demo_DamageButton.cs: 134b4fa9c96d91b73fe2ab2bf8f47c91 -> 
  custom:scripting/monoscript/fileName/Demo_UnitCSharp.cs: bf027c959432188370c4d588e50122f7 -> 
  custom:scripting/monoscript/fileName/Demo.cs: 64e1956b8d06855efe6846ccc24a48c8 -> 
  custom:audio-encoder-webm-vorbis: bf7c407c2cedff20999df2af8eb42d56 -> 
  custom:scripting/monoscript/fileName/Demo_DefenseGame.cs: ef35965b14692a186e75b7b809fb2f7b -> 
  custom:scripting/precompiled-assembly-types:Assembly-CSharp: 97b9f7107fd5899beadf72deb6e4f1df -> 7a063d5b9f86bfaf1c70d59d4d03a175
  custom:scripting/monoscript/fileName/PlayerMove.cs: c911525a3fea5fc8ea2713161dd32c9d -> e1b5b1ca7ac5e05a4b47501120527237
  custom:scripting/monoscript/fileName/Readme_HealthSystem.cs: e6e81e05fa9f5a72d1e699f63cb523ba -> 
========================================================================
Received Import Request.
  Time since last request: 5.919971 seconds.
  path: Assets/Scripts/MenuLoader.cs
  artifactKey: Guid(80d816db51a1b4310b61ec4c69c44aed) Importer(815301076,1909f56bfc062723c751e8b465ee728b)
Start importing Assets/Scripts/MenuLoader.cs using Guid(80d816db51a1b4310b61ec4c69c44aed) Importer(815301076,1909f56bfc062723c751e8b465ee728b) [PhysX] Initialized MultithreadedTaskDispatcher with 8 workers.
 -> (artifact id: '8895c6e35bd43a28476b1d32eecae26c') in 0.001152 seconds
Number of updated asset objects reloaded before import = 0
Number of asset objects unloaded after import = 0
========================================================================
Received Prepare
Caller must complete domain reload
Begin MonoManager ReloadAssembly
Thread 0x16f21b000 may have been prematurely finalized
- Loaded All Assemblies, in  0.318 seconds
Native extension for OSXStandalone target not found
Native extension for WebGL target not found
Mono: successfully reloaded assembly
- Finished resetting the current domain, in  0.876 seconds
Domain Reload Profiling: 1196ms
	BeginReloadAssembly (95ms)
		ExecutionOrderSort (0ms)
		DisableScriptedObjects (3ms)
		BackupInstance (0ms)
		ReleaseScriptingObjects (0ms)
		CreateAndSetChildDomain (32ms)
	RebuildCommonClasses (29ms)
	RebuildNativeTypeToScriptingClass (9ms)
	initialDomainReloadingComplete (15ms)
	LoadAllAssembliesAndSetupDomain (171ms)
		LoadAssemblies (171ms)
		RebuildTransferFunctionScriptingTraits (0ms)
		AnalyzeDomain (34ms)
			TypeCache.Refresh (19ms)
				TypeCache.ScanAssembly (1ms)
			ScanForSourceGeneratedMonoScriptInfo (8ms)
			ResolveRequiredComponents (5ms)
	FinalizeReload (877ms)
		ReleaseScriptCaches (0ms)
		RebuildScriptCaches (0ms)
		SetupLoadedEditorAssemblies (258ms)
			LogAssemblyErrors (0ms)
			InitializePlatformSupportModulesInManaged (6ms)
			SetLoadedEditorAssemblies (3ms)
			RefreshPlugins (0ms)
			BeforeProcessingInitializeOnLoad (40ms)
			ProcessInitializeOnLoadAttributes (196ms)
			ProcessInitializeOnLoadMethodAttributes (12ms)
			AfterProcessingInitializeOnLoad (1ms)
			EditorAssembliesLoaded (0ms)
		ExecutionOrderSort2 (0ms)
		AwakeInstancesAfterBackupRestoration (3ms)
Refreshing native plugins compatible for Editor in 0.75 ms, found 2 plugins.
Preloading 0 native plugins for Editor in 0.00 ms.
Unloading 3530 Unused Serialized files (Serialized files now loaded: 0)
Unloading 17 unused Assets / (102.7 KB). Loaded Objects now: 4060.
Memory consumption went from 175.8 MB to 175.7 MB.
Total: 4.603750 ms (FindLiveObjects: 0.200917 ms CreateObjectMapping: 0.045417 ms MarkObjects: 3.986250 ms  DeleteObjects: 0.370459 ms)

Prepare: number of updated asset objects reloaded= 0
AssetImportParameters requested are different than current active one (requested -> active):
  custom:container-demuxer-ogg: 62fdf1f143b41e24485cea50d1cbac27 -> 
  custom:video-decoder-ogg-theora: a1e56fd34408186e4bbccfd4996cb3dc -> 
  custom:scripting/monoscript/fileName/Demo_Cannon.cs: 4bafd18793c1f2e91d81b7d557a59b13 -> 
  custom:scripting/monoscript/fileName/Demo_Unit.cs: 59a5f949051a6dba5929b65f372e7752 -> 
  custom:scripting/monoscript/fileName/Demo_Bullet.cs: 865687936b4476236e7773ddafe98a51 -> 
  custom:scripting/monoscript/fileName/Restart.cs: f4038f140f9e26ceb7931d56fcf7209d -> add66e6da873e366ed3518c440850d01
  custom:scripting/monoscript/fileName/MenuLoader.cs: b921a92d494c127f5c5814c88143c62e -> 
  custom:CustomObjectIndexerAttribute: 9a22284fe3817be447336de3de66b15e -> 
  custom:container-demuxer-webm: 4f35f7cbe854078d1ac9338744f61a02 -> 
  custom:scripting/monoscript/fileName/HealthSystem.cs: 3bf514bc72cae70b3f75cf0b3e42834b -> 
  custom:scripting/monoscript/fileName/ReadmeEditor_HealthSystem.cs: ffe2b7af7ae94220116f831e129dbec4 -> 
  custom:scripting/monoscript/fileName/Demo_Zombie.cs: e506a4c95f2fa047953388ae05cd79a7 -> 
  custom:scripting/monoscript/fileName/LookAtCamera.cs: 44866165fc05474e916a53991d5a3bc9 -> 
  custom:container-muxer-webm: aa71ff27fc2769a1b78a27578f13a17b -> 
  custom:video-decoder-webm-vp8: 9c59270c3fd7afecdb556c50c9e8de78 -> 
  custom:SearchIndexIgnoredProperties: e643bd26f0fe6173181afceb89e7c659 -> 
  custom:scripting/monoscript/fileName/HealthSystemComponent.cs: 376616f923bdf6f4801de5c1cfc814d3 -> 
  custom:AudioImporter_EditorPlatform: 3918e3fc78b5a79bad01e8451be0beb8 -> 
  custom:scripting/monoscript/fileName/IGetHealthSystem.cs: fe78d35da2a17f46f9315a888e2723bc -> 
  custom:scripting/monoscript/fileName/Demo_HealButton.cs: 586b31ab69340957765be839e992134f -> 
  custom:scripting/monoscript/fileName/TryAgain.cs: 5943599f40223b8eec5bba9b73d114a1 -> 
  custom:scripting/monoscript/fileName/HealthBarUI.cs: 2ed933b48b8d56a6b02dfff68cc5ea5a -> 
  custom:framework-osx-AVFoundation: e770b220cccbd017edd2c1fefb359320 -> 
  custom:video-encoder-webm-vp8: eb34c28f22e8b96e1ab97ce403110664 -> 
  custom:audio-decoder-ogg-vorbis: bf7c407c2cedff20999df2af8eb42d56 -> 
  custom:scripting/monoscript/fileName/Demo_DamageButton.cs: 134b4fa9c96d91b73fe2ab2bf8f47c91 -> 
  custom:scripting/monoscript/fileName/Demo_UnitCSharp.cs: bf027c959432188370c4d588e50122f7 -> 
  custom:scripting/monoscript/fileName/Demo.cs: 64e1956b8d06855efe6846ccc24a48c8 -> 
  custom:audio-encoder-webm-vorbis: bf7c407c2cedff20999df2af8eb42d56 -> 
  custom:scripting/monoscript/fileName/Demo_DefenseGame.cs: ef35965b14692a186e75b7b809fb2f7b -> 
  custom:scripting/precompiled-assembly-types:Assembly-CSharp: 97b9f7107fd5899beadf72deb6e4f1df -> 7a063d5b9f86bfaf1c70d59d4d03a175
  custom:scripting/monoscript/fileName/PlayerMove.cs: c911525a3fea5fc8ea2713161dd32c9d -> e1b5b1ca7ac5e05a4b47501120527237
  custom:scripting/monoscript/fileName/Readme_HealthSystem.cs: e6e81e05fa9f5a72d1e699f63cb523ba -> 
========================================================================
Received Import Request.
  Time since last request: 23.549809 seconds.
  path: Assets/Scripts/MenuLoader.cs
  artifactKey: Guid(80d816db51a1b4310b61ec4c69c44aed) Importer(815301076,1909f56bfc062723c751e8b465ee728b)
Start importing Assets/Scripts/MenuLoader.cs using Guid(80d816db51a1b4310b61ec4c69c44aed) Importer(815301076,1909f56bfc062723c751e8b465ee728b) [PhysX] Initialized MultithreadedTaskDispatcher with 8 workers.
 -> (artifact id: 'e73d11fe274abca9a484ddcd532d9f25') in 0.001457 seconds
Number of updated asset objects reloaded before import = 0
Number of asset objects unloaded after import = 0
========================================================================
Received Import Request.
  Time since last request: 67.442055 seconds.
  path: Assets/TextMesh Pro/Examples & Extras/Resources/Color Gradient Presets/Dark to Light Green - Vertical.asset
  artifactKey: Guid(4c86a3366cd840348ebe8dc438570ee4) Importer(815301076,1909f56bfc062723c751e8b465ee728b)
Start importing Assets/TextMesh Pro/Examples & Extras/Resources/Color Gradient Presets/Dark to Light Green - Vertical.asset using Guid(4c86a3366cd840348ebe8dc438570ee4) Importer(815301076,1909f56bfc062723c751e8b465ee728b) [PhysX] Initialized MultithreadedTaskDispatcher with 8 workers.
 -> (artifact id: '6b1692c24e3563568cebe7b79616b0d7') in 0.029045 seconds
Number of updated asset objects reloaded before import = 0
Number of asset objects unloaded after import = 1
========================================================================
Received Import Request.
  Time since last request: 0.326959 seconds.
  path: Assets/TextMesh Pro/Examples & Extras/Fonts/Oswald-Bold.ttf
  artifactKey: Guid(c9f6d0e7bc8541498c9a4799ba184ede) Importer(815301076,1909f56bfc062723c751e8b465ee728b)
Start importing Assets/TextMesh Pro/Examples & Extras/Fonts/Oswald-Bold.ttf using Guid(c9f6d0e7bc8541498c9a4799ba184ede) Importer(815301076,1909f56bfc062723c751e8b465ee728b) [PhysX] Initialized MultithreadedTaskDispatcher with 8 workers.
[PhysX] Initialized MultithreadedTaskDispatcher with 8 workers.
[PhysX] Initialized MultithreadedTaskDispatcher with 8 workers.
 -> (artifact id: '9ec84906a01dd4d20491f7c103d8af25') in 0.217991 seconds
Number of updated asset objects reloaded before import = 0
Number of asset objects unloaded after import = 4
========================================================================
Received Prepare
Caller must complete domain reload
Begin MonoManager ReloadAssembly
Thread 0x16f21b000 may have been prematurely finalized
- Loaded All Assemblies, in  0.330 seconds
Native extension for OSXStandalone target not found
Native extension for WebGL target not found
Mono: successfully reloaded assembly
- Finished resetting the current domain, in  0.856 seconds
Domain Reload Profiling: 1187ms
	BeginReloadAssembly (97ms)
		ExecutionOrderSort (0ms)
		DisableScriptedObjects (3ms)
		BackupInstance (0ms)
		ReleaseScriptingObjects (0ms)
		CreateAndSetChildDomain (35ms)
	RebuildCommonClasses (28ms)
	RebuildNativeTypeToScriptingClass (9ms)
	initialDomainReloadingComplete (24ms)
	LoadAllAssembliesAndSetupDomain (172ms)
		LoadAssemblies (179ms)
		RebuildTransferFunctionScriptingTraits (0ms)
		AnalyzeDomain (27ms)
			TypeCache.Refresh (21ms)
				TypeCache.ScanAssembly (0ms)
			ScanForSourceGeneratedMonoScriptInfo (0ms)
			ResolveRequiredComponents (5ms)
	FinalizeReload (856ms)
		ReleaseScriptCaches (0ms)
		RebuildScriptCaches (0ms)
		SetupLoadedEditorAssemblies (274ms)
			LogAssemblyErrors (0ms)
			InitializePlatformSupportModulesInManaged (5ms)
			SetLoadedEditorAssemblies (4ms)
			RefreshPlugins (0ms)
			BeforeProcessingInitializeOnLoad (42ms)
			ProcessInitializeOnLoadAttributes (209ms)
			ProcessInitializeOnLoadMethodAttributes (13ms)
			AfterProcessingInitializeOnLoad (1ms)
			EditorAssembliesLoaded (0ms)
		ExecutionOrderSort2 (0ms)
		AwakeInstancesAfterBackupRestoration (3ms)
Refreshing native plugins compatible for Editor in 0.73 ms, found 2 plugins.
Preloading 0 native plugins for Editor in 0.00 ms.
Unloading 3530 Unused Serialized files (Serialized files now loaded: 0)
Unloading 17 unused Assets / (102.7 KB). Loaded Objects now: 4108.
Memory consumption went from 183.8 MB to 183.7 MB.
Total: 2.957250 ms (FindLiveObjects: 0.364458 ms CreateObjectMapping: 0.046333 ms MarkObjects: 2.415625 ms  DeleteObjects: 0.130042 ms)

Prepare: number of updated asset objects reloaded= 0
AssetImportParameters requested are different than current active one (requested -> active):
  custom:container-demuxer-ogg: 62fdf1f143b41e24485cea50d1cbac27 -> 
  custom:video-decoder-ogg-theora: a1e56fd34408186e4bbccfd4996cb3dc -> 
  custom:scripting/monoscript/fileName/Demo_Cannon.cs: 4bafd18793c1f2e91d81b7d557a59b13 -> 
  custom:scripting/monoscript/fileName/Demo_Unit.cs: 59a5f949051a6dba5929b65f372e7752 -> 
  custom:scripting/monoscript/fileName/Demo_Bullet.cs: 865687936b4476236e7773ddafe98a51 -> 
  custom:scripting/monoscript/fileName/Restart.cs: f4038f140f9e26ceb7931d56fcf7209d -> add66e6da873e366ed3518c440850d01
  custom:scripting/monoscript/fileName/MenuLoader.cs: b921a92d494c127f5c5814c88143c62e -> 
  custom:CustomObjectIndexerAttribute: 9a22284fe3817be447336de3de66b15e -> 
  custom:container-demuxer-webm: 4f35f7cbe854078d1ac9338744f61a02 -> 
  custom:scripting/monoscript/fileName/HealthSystem.cs: 3bf514bc72cae70b3f75cf0b3e42834b -> 
  custom:scripting/monoscript/fileName/ReadmeEditor_HealthSystem.cs: ffe2b7af7ae94220116f831e129dbec4 -> 
  custom:scripting/monoscript/fileName/Demo_Zombie.cs: e506a4c95f2fa047953388ae05cd79a7 -> 
  custom:scripting/monoscript/fileName/LookAtCamera.cs: 44866165fc05474e916a53991d5a3bc9 -> 
  custom:container-muxer-webm: aa71ff27fc2769a1b78a27578f13a17b -> 
  custom:video-decoder-webm-vp8: 9c59270c3fd7afecdb556c50c9e8de78 -> 
  custom:SearchIndexIgnoredProperties: e643bd26f0fe6173181afceb89e7c659 -> 
  custom:scripting/monoscript/fileName/HealthSystemComponent.cs: 376616f923bdf6f4801de5c1cfc814d3 -> 
  custom:AudioImporter_EditorPlatform: 3918e3fc78b5a79bad01e8451be0beb8 -> 
  custom:scripting/monoscript/fileName/IGetHealthSystem.cs: fe78d35da2a17f46f9315a888e2723bc -> 
  custom:scripting/monoscript/fileName/Demo_HealButton.cs: 586b31ab69340957765be839e992134f -> 
  custom:scripting/monoscript/fileName/TryAgain.cs: 5943599f40223b8eec5bba9b73d114a1 -> 
  custom:scripting/monoscript/fileName/HealthBarUI.cs: 2ed933b48b8d56a6b02dfff68cc5ea5a -> 
  custom:framework-osx-AVFoundation: e770b220cccbd017edd2c1fefb359320 -> 
  custom:video-encoder-webm-vp8: eb34c28f22e8b96e1ab97ce403110664 -> 
  custom:audio-decoder-ogg-vorbis: bf7c407c2cedff20999df2af8eb42d56 -> 
  custom:scripting/monoscript/fileName/Demo_DamageButton.cs: 134b4fa9c96d91b73fe2ab2bf8f47c91 -> 
  custom:scripting/monoscript/fileName/Demo_UnitCSharp.cs: bf027c959432188370c4d588e50122f7 -> 
  custom:scripting/monoscript/fileName/Demo.cs: 64e1956b8d06855efe6846ccc24a48c8 -> 
  custom:audio-encoder-webm-vorbis: bf7c407c2cedff20999df2af8eb42d56 -> 
  custom:scripting/monoscript/fileName/Demo_DefenseGame.cs: ef35965b14692a186e75b7b809fb2f7b -> 
  custom:scripting/precompiled-assembly-types:Assembly-CSharp: 97b9f7107fd5899beadf72deb6e4f1df -> 7a063d5b9f86bfaf1c70d59d4d03a175
  custom:scripting/monoscript/fileName/PlayerMove.cs: c911525a3fea5fc8ea2713161dd32c9d -> e1b5b1ca7ac5e05a4b47501120527237
  custom:scripting/monoscript/fileName/Readme_HealthSystem.cs: e6e81e05fa9f5a72d1e699f63cb523ba -> 
========================================================================
Received Prepare
Caller must complete domain reload
Begin MonoManager ReloadAssembly
Thread 0x16f21b000 may have been prematurely finalized
- Loaded All Assemblies, in  0.294 seconds
Native extension for OSXStandalone target not found
Native extension for WebGL target not found
Mono: successfully reloaded assembly
- Finished resetting the current domain, in  0.799 seconds
Domain Reload Profiling: 1094ms
	BeginReloadAssembly (96ms)
		ExecutionOrderSort (0ms)
		DisableScriptedObjects (4ms)
		BackupInstance (0ms)
		ReleaseScriptingObjects (0ms)
		CreateAndSetChildDomain (33ms)
	RebuildCommonClasses (28ms)
	RebuildNativeTypeToScriptingClass (9ms)
	initialDomainReloadingComplete (15ms)
	LoadAllAssembliesAndSetupDomain (146ms)
		LoadAssemblies (162ms)
		RebuildTransferFunctionScriptingTraits (0ms)
		AnalyzeDomain (17ms)
			TypeCache.Refresh (7ms)
				TypeCache.ScanAssembly (0ms)
			ScanForSourceGeneratedMonoScriptInfo (0ms)
			ResolveRequiredComponents (8ms)
	FinalizeReload (799ms)
		ReleaseScriptCaches (0ms)
		RebuildScriptCaches (0ms)
		SetupLoadedEditorAssemblies (281ms)
			LogAssemblyErrors (0ms)
			InitializePlatformSupportModulesInManaged (4ms)
			SetLoadedEditorAssemblies (4ms)
			RefreshPlugins (0ms)
			BeforeProcessingInitializeOnLoad (41ms)
			ProcessInitializeOnLoadAttributes (217ms)
			ProcessInitializeOnLoadMethodAttributes (13ms)
			AfterProcessingInitializeOnLoad (1ms)
			EditorAssembliesLoaded (0ms)
		ExecutionOrderSort2 (0ms)
		AwakeInstancesAfterBackupRestoration (3ms)
Refreshing native plugins compatible for Editor in 0.73 ms, found 2 plugins.
Preloading 0 native plugins for Editor in 0.00 ms.
Unloading 3531 Unused Serialized files (Serialized files now loaded: 0)
Unloading 17 unused Assets / (78.4 KB). Loaded Objects now: 4111.
Memory consumption went from 189.0 MB to 188.9 MB.
Total: 3.383583 ms (FindLiveObjects: 0.167625 ms CreateObjectMapping: 0.045250 ms MarkObjects: 3.001333 ms  DeleteObjects: 0.168583 ms)

Prepare: number of updated asset objects reloaded= 0
AssetImportParameters requested are different than current active one (requested -> active):
  custom:container-demuxer-ogg: 62fdf1f143b41e24485cea50d1cbac27 -> 
  custom:video-decoder-ogg-theora: a1e56fd34408186e4bbccfd4996cb3dc -> 
  custom:scripting/monoscript/fileName/Demo_Cannon.cs: 4bafd18793c1f2e91d81b7d557a59b13 -> 
  custom:scripting/monoscript/fileName/Demo_Unit.cs: 59a5f949051a6dba5929b65f372e7752 -> 
  custom:scripting/monoscript/fileName/Demo_Bullet.cs: 865687936b4476236e7773ddafe98a51 -> 
  custom:scripting/monoscript/fileName/Restart.cs: f4038f140f9e26ceb7931d56fcf7209d -> add66e6da873e366ed3518c440850d01
  custom:scripting/monoscript/fileName/MenuLoader.cs: b921a92d494c127f5c5814c88143c62e -> 
  custom:CustomObjectIndexerAttribute: 9a22284fe3817be447336de3de66b15e -> 
  custom:container-demuxer-webm: 4f35f7cbe854078d1ac9338744f61a02 -> 
  custom:scripting/monoscript/fileName/HealthSystem.cs: 3bf514bc72cae70b3f75cf0b3e42834b -> 
  custom:scripting/monoscript/fileName/ReadmeEditor_HealthSystem.cs: ffe2b7af7ae94220116f831e129dbec4 -> 
  custom:scripting/monoscript/fileName/Demo_Zombie.cs: e506a4c95f2fa047953388ae05cd79a7 -> 
  custom:scripting/monoscript/fileName/LookAtCamera.cs: 44866165fc05474e916a53991d5a3bc9 -> 
  custom:container-muxer-webm: aa71ff27fc2769a1b78a27578f13a17b -> 
  custom:video-decoder-webm-vp8: 9c59270c3fd7afecdb556c50c9e8de78 -> 
  custom:SearchIndexIgnoredProperties: e643bd26f0fe6173181afceb89e7c659 -> 
  custom:scripting/monoscript/fileName/HealthSystemComponent.cs: 376616f923bdf6f4801de5c1cfc814d3 -> 
  custom:AudioImporter_EditorPlatform: 3918e3fc78b5a79bad01e8451be0beb8 -> 
  custom:scripting/monoscript/fileName/IGetHealthSystem.cs: fe78d35da2a17f46f9315a888e2723bc -> 
  custom:scripting/monoscript/fileName/Demo_HealButton.cs: 586b31ab69340957765be839e992134f -> 
  custom:scripting/monoscript/fileName/TryAgain.cs: 5943599f40223b8eec5bba9b73d114a1 -> 
  custom:scripting/monoscript/fileName/HealthBarUI.cs: 2ed933b48b8d56a6b02dfff68cc5ea5a -> 
  custom:framework-osx-AVFoundation: e770b220cccbd017edd2c1fefb359320 -> 
  custom:video-encoder-webm-vp8: eb34c28f22e8b96e1ab97ce403110664 -> 
  custom:audio-decoder-ogg-vorbis: bf7c407c2cedff20999df2af8eb42d56 -> 
  custom:scripting/monoscript/fileName/Demo_DamageButton.cs: 134b4fa9c96d91b73fe2ab2bf8f47c91 -> 
  custom:scripting/monoscript/fileName/Demo_UnitCSharp.cs: bf027c959432188370c4d588e50122f7 -> 
  custom:scripting/monoscript/fileName/Demo.cs: 64e1956b8d06855efe6846ccc24a48c8 -> 
  custom:audio-encoder-webm-vorbis: bf7c407c2cedff20999df2af8eb42d56 -> 
  custom:scripting/monoscript/fileName/Demo_DefenseGame.cs: ef35965b14692a186e75b7b809fb2f7b -> 
  custom:scripting/precompiled-assembly-types:Assembly-CSharp: 97b9f7107fd5899beadf72deb6e4f1df -> 7a063d5b9f86bfaf1c70d59d4d03a175
  custom:scripting/monoscript/fileName/PlayerMove.cs: c911525a3fea5fc8ea2713161dd32c9d -> e1b5b1ca7ac5e05a4b47501120527237
  custom:scripting/monoscript/fileName/Readme_HealthSystem.cs: e6e81e05fa9f5a72d1e699f63cb523ba -> 
========================================================================
Received Prepare
Caller must complete domain reload
Begin MonoManager ReloadAssembly
Thread 0x16f21b000 may have been prematurely finalized
- Loaded All Assemblies, in  0.329 seconds
Native extension for OSXStandalone target not found
Native extension for WebGL target not found
Mono: successfully reloaded assembly
- Finished resetting the current domain, in  0.887 seconds
Domain Reload Profiling: 1216ms
	BeginReloadAssembly (98ms)
		ExecutionOrderSort (0ms)
		DisableScriptedObjects (3ms)
		BackupInstance (0ms)
		ReleaseScriptingObjects (0ms)
		CreateAndSetChildDomain (34ms)
	RebuildCommonClasses (29ms)
	RebuildNativeTypeToScriptingClass (9ms)
	initialDomainReloadingComplete (17ms)
	LoadAllAssembliesAndSetupDomain (176ms)
		LoadAssemblies (176ms)
		RebuildTransferFunctionScriptingTraits (0ms)
		AnalyzeDomain (35ms)
			TypeCache.Refresh (24ms)
				TypeCache.ScanAssembly (0ms)
			ScanForSourceGeneratedMonoScriptInfo (0ms)
			ResolveRequiredComponents (10ms)
	FinalizeReload (887ms)
		ReleaseScriptCaches (0ms)
		RebuildScriptCaches (0ms)
		SetupLoadedEditorAssemblies (272ms)
			LogAssemblyErrors (0ms)
			InitializePlatformSupportModulesInManaged (5ms)
			SetLoadedEditorAssemblies (4ms)
			RefreshPlugins (0ms)
			BeforeProcessingInitializeOnLoad (42ms)
			ProcessInitializeOnLoadAttributes (207ms)
			ProcessInitializeOnLoadMethodAttributes (14ms)
			AfterProcessingInitializeOnLoad (1ms)
			EditorAssembliesLoaded (0ms)
		ExecutionOrderSort2 (0ms)
		AwakeInstancesAfterBackupRestoration (3ms)
Refreshing native plugins compatible for Editor in 0.77 ms, found 2 plugins.
Preloading 0 native plugins for Editor in 0.00 ms.
Unloading 3531 Unused Serialized files (Serialized files now loaded: 0)
Unloading 17 unused Assets / (78.5 KB). Loaded Objects now: 4114.
Memory consumption went from 193.9 MB to 193.8 MB.
Total: 2.717583 ms (FindLiveObjects: 0.137291 ms CreateObjectMapping: 0.045792 ms MarkObjects: 2.422375 ms  DeleteObjects: 0.111500 ms)

Prepare: number of updated asset objects reloaded= 0
AssetImportParameters requested are different than current active one (requested -> active):
  custom:container-demuxer-ogg: 62fdf1f143b41e24485cea50d1cbac27 -> 
  custom:video-decoder-ogg-theora: a1e56fd34408186e4bbccfd4996cb3dc -> 
  custom:scripting/monoscript/fileName/Demo_Cannon.cs: 4bafd18793c1f2e91d81b7d557a59b13 -> 
  custom:scripting/monoscript/fileName/Demo_Unit.cs: 59a5f949051a6dba5929b65f372e7752 -> 
  custom:scripting/monoscript/fileName/Demo_Bullet.cs: 865687936b4476236e7773ddafe98a51 -> 
  custom:scripting/monoscript/fileName/Restart.cs: f4038f140f9e26ceb7931d56fcf7209d -> add66e6da873e366ed3518c440850d01
  custom:scripting/monoscript/fileName/MenuLoader.cs: b921a92d494c127f5c5814c88143c62e -> 
  custom:CustomObjectIndexerAttribute: 9a22284fe3817be447336de3de66b15e -> 
  custom:container-demuxer-webm: 4f35f7cbe854078d1ac9338744f61a02 -> 
  custom:scripting/monoscript/fileName/HealthSystem.cs: 3bf514bc72cae70b3f75cf0b3e42834b -> 
  custom:scripting/monoscript/fileName/ReadmeEditor_HealthSystem.cs: ffe2b7af7ae94220116f831e129dbec4 -> 
  custom:scripting/monoscript/fileName/Demo_Zombie.cs: e506a4c95f2fa047953388ae05cd79a7 -> 
  custom:scripting/monoscript/fileName/LookAtCamera.cs: 44866165fc05474e916a53991d5a3bc9 -> 
  custom:container-muxer-webm: aa71ff27fc2769a1b78a27578f13a17b -> 
  custom:video-decoder-webm-vp8: 9c59270c3fd7afecdb556c50c9e8de78 -> 
  custom:SearchIndexIgnoredProperties: e643bd26f0fe6173181afceb89e7c659 -> 
  custom:scripting/monoscript/fileName/HealthSystemComponent.cs: 376616f923bdf6f4801de5c1cfc814d3 -> 
  custom:AudioImporter_EditorPlatform: 3918e3fc78b5a79bad01e8451be0beb8 -> 
  custom:scripting/monoscript/fileName/IGetHealthSystem.cs: fe78d35da2a17f46f9315a888e2723bc -> 
  custom:scripting/monoscript/fileName/Demo_HealButton.cs: 586b31ab69340957765be839e992134f -> 
  custom:scripting/monoscript/fileName/TryAgain.cs: 5943599f40223b8eec5bba9b73d114a1 -> 
  custom:scripting/monoscript/fileName/HealthBarUI.cs: 2ed933b48b8d56a6b02dfff68cc5ea5a -> 
  custom:framework-osx-AVFoundation: e770b220cccbd017edd2c1fefb359320 -> 
  custom:video-encoder-webm-vp8: eb34c28f22e8b96e1ab97ce403110664 -> 
  custom:audio-decoder-ogg-vorbis: bf7c407c2cedff20999df2af8eb42d56 -> 
  custom:scripting/monoscript/fileName/Demo_DamageButton.cs: 134b4fa9c96d91b73fe2ab2bf8f47c91 -> 
  custom:scripting/monoscript/fileName/Demo_UnitCSharp.cs: bf027c959432188370c4d588e50122f7 -> 
  custom:scripting/monoscript/fileName/Demo.cs: 64e1956b8d06855efe6846ccc24a48c8 -> 
  custom:audio-encoder-webm-vorbis: bf7c407c2cedff20999df2af8eb42d56 -> 
  custom:scripting/monoscript/fileName/Demo_DefenseGame.cs: ef35965b14692a186e75b7b809fb2f7b -> 
  custom:scripting/precompiled-assembly-types:Assembly-CSharp: 97b9f7107fd5899beadf72deb6e4f1df -> 7a063d5b9f86bfaf1c70d59d4d03a175
  custom:scripting/monoscript/fileName/PlayerMove.cs: c911525a3fea5fc8ea2713161dd32c9d -> e1b5b1ca7ac5e05a4b47501120527237
  custom:scripting/monoscript/fileName/Readme_HealthSystem.cs: e6e81e05fa9f5a72d1e699f63cb523ba -> 
========================================================================
Received Prepare
Refreshing native plugins compatible for Editor in 0.91 ms, found 2 plugins.
Preloading 0 native plugins for Editor in 0.00 ms.
Unloading 4 Unused Serialized files (Serialized files now loaded: 0)
Unloading 4 unused Assets / (59.7 KB). Loaded Objects now: 4114.
Memory consumption went from 137.7 MB to 137.7 MB.
Total: 23.441208 ms (FindLiveObjects: 0.333208 ms CreateObjectMapping: 0.049500 ms MarkObjects: 22.855875 ms  DeleteObjects: 0.199958 ms)

Prepare: number of updated asset objects reloaded= 0
AssetImportParameters requested are different than current active one (requested -> active):
  custom:container-demuxer-ogg: 62fdf1f143b41e24485cea50d1cbac27 -> 
  custom:video-decoder-ogg-theora: a1e56fd34408186e4bbccfd4996cb3dc -> 
  custom:scripting/monoscript/fileName/Demo_Cannon.cs: 4bafd18793c1f2e91d81b7d557a59b13 -> 
  custom:scripting/monoscript/fileName/Demo_Unit.cs: 59a5f949051a6dba5929b65f372e7752 -> 
  custom:scripting/monoscript/fileName/Demo_Bullet.cs: 865687936b4476236e7773ddafe98a51 -> 
  custom:scripting/monoscript/fileName/Restart.cs: f4038f140f9e26ceb7931d56fcf7209d -> add66e6da873e366ed3518c440850d01
  custom:scripting/monoscript/fileName/MenuLoader.cs: b921a92d494c127f5c5814c88143c62e -> 
  custom:CustomObjectIndexerAttribute: 9a22284fe3817be447336de3de66b15e -> 
  custom:container-demuxer-webm: 4f35f7cbe854078d1ac9338744f61a02 -> 
  custom:scripting/monoscript/fileName/HealthSystem.cs: 3bf514bc72cae70b3f75cf0b3e42834b -> 
  custom:scripting/monoscript/fileName/ReadmeEditor_HealthSystem.cs: ffe2b7af7ae94220116f831e129dbec4 -> 
  custom:scripting/monoscript/fileName/Demo_Zombie.cs: e506a4c95f2fa047953388ae05cd79a7 -> 
  custom:scripting/monoscript/fileName/LookAtCamera.cs: 44866165fc05474e916a53991d5a3bc9 -> 
  custom:container-muxer-webm: aa71ff27fc2769a1b78a27578f13a17b -> 
  custom:video-decoder-webm-vp8: 9c59270c3fd7afecdb556c50c9e8de78 -> 
  custom:SearchIndexIgnoredProperties: e643bd26f0fe6173181afceb89e7c659 -> 
  custom:scripting/monoscript/fileName/HealthSystemComponent.cs: 376616f923bdf6f4801de5c1cfc814d3 -> 
  custom:AudioImporter_EditorPlatform: 3918e3fc78b5a79bad01e8451be0beb8 -> 
  custom:scripting/monoscript/fileName/IGetHealthSystem.cs: fe78d35da2a17f46f9315a888e2723bc -> 
  custom:scripting/monoscript/fileName/Demo_HealButton.cs: 586b31ab69340957765be839e992134f -> 
  custom:scripting/monoscript/fileName/TryAgain.cs: 5943599f40223b8eec5bba9b73d114a1 -> 
  custom:scripting/monoscript/fileName/HealthBarUI.cs: 2ed933b48b8d56a6b02dfff68cc5ea5a -> 
  custom:framework-osx-AVFoundation: e770b220cccbd017edd2c1fefb359320 -> 
  custom:video-encoder-webm-vp8: eb34c28f22e8b96e1ab97ce403110664 -> 
  custom:audio-decoder-ogg-vorbis: bf7c407c2cedff20999df2af8eb42d56 -> 
  custom:scripting/monoscript/fileName/Demo_DamageButton.cs: 134b4fa9c96d91b73fe2ab2bf8f47c91 -> 
  custom:scripting/monoscript/fileName/Demo_UnitCSharp.cs: bf027c959432188370c4d588e50122f7 -> 
  custom:scripting/monoscript/fileName/Demo.cs: 64e1956b8d06855efe6846ccc24a48c8 -> 
  custom:audio-encoder-webm-vorbis: bf7c407c2cedff20999df2af8eb42d56 -> 
  custom:scripting/monoscript/fileName/Demo_DefenseGame.cs: ef35965b14692a186e75b7b809fb2f7b -> 
  custom:scripting/precompiled-assembly-types:Assembly-CSharp: 97b9f7107fd5899beadf72deb6e4f1df -> 7a063d5b9f86bfaf1c70d59d4d03a175
  custom:scripting/monoscript/fileName/PlayerMove.cs: c911525a3fea5fc8ea2713161dd32c9d -> e1b5b1ca7ac5e05a4b47501120527237
  custom:scripting/monoscript/fileName/Readme_HealthSystem.cs: e6e81e05fa9f5a72d1e699f63cb523ba -> 
========================================================================
Received Prepare
Refreshing native plugins compatible for Editor in 0.68 ms, found 2 plugins.
Preloading 0 native plugins for Editor in 0.00 ms.
Unloading 4 Unused Serialized files (Serialized files now loaded: 0)
Unloading 4 unused Assets / (59.7 KB). Loaded Objects now: 4114.
Memory consumption went from 137.2 MB to 137.2 MB.
Total: 2.388667 ms (FindLiveObjects: 0.213708 ms CreateObjectMapping: 0.044042 ms MarkObjects: 2.057958 ms  DeleteObjects: 0.072625 ms)

Prepare: number of updated asset objects reloaded= 0
AssetImportParameters requested are different than current active one (requested -> active):
  custom:container-demuxer-ogg: 62fdf1f143b41e24485cea50d1cbac27 -> 
  custom:video-decoder-ogg-theora: a1e56fd34408186e4bbccfd4996cb3dc -> 
  custom:scripting/monoscript/fileName/Demo_Cannon.cs: 4bafd18793c1f2e91d81b7d557a59b13 -> 
  custom:scripting/monoscript/fileName/Demo_Unit.cs: 59a5f949051a6dba5929b65f372e7752 -> 
  custom:scripting/monoscript/fileName/Demo_Bullet.cs: 865687936b4476236e7773ddafe98a51 -> 
  custom:scripting/monoscript/fileName/Restart.cs: f4038f140f9e26ceb7931d56fcf7209d -> add66e6da873e366ed3518c440850d01
  custom:scripting/monoscript/fileName/MenuLoader.cs: b921a92d494c127f5c5814c88143c62e -> 
  custom:CustomObjectIndexerAttribute: 9a22284fe3817be447336de3de66b15e -> 
  custom:container-demuxer-webm: 4f35f7cbe854078d1ac9338744f61a02 -> 
  custom:scripting/monoscript/fileName/HealthSystem.cs: 3bf514bc72cae70b3f75cf0b3e42834b -> 
  custom:scripting/monoscript/fileName/ReadmeEditor_HealthSystem.cs: ffe2b7af7ae94220116f831e129dbec4 -> 
  custom:scripting/monoscript/fileName/Demo_Zombie.cs: e506a4c95f2fa047953388ae05cd79a7 -> 
  custom:scripting/monoscript/fileName/LookAtCamera.cs: 44866165fc05474e916a53991d5a3bc9 -> 
  custom:container-muxer-webm: aa71ff27fc2769a1b78a27578f13a17b -> 
  custom:video-decoder-webm-vp8: 9c59270c3fd7afecdb556c50c9e8de78 -> 
  custom:SearchIndexIgnoredProperties: e643bd26f0fe6173181afceb89e7c659 -> 
  custom:scripting/monoscript/fileName/HealthSystemComponent.cs: 376616f923bdf6f4801de5c1cfc814d3 -> 
  custom:AudioImporter_EditorPlatform: 3918e3fc78b5a79bad01e8451be0beb8 -> 
  custom:scripting/monoscript/fileName/IGetHealthSystem.cs: fe78d35da2a17f46f9315a888e2723bc -> 
  custom:scripting/monoscript/fileName/Demo_HealButton.cs: 586b31ab69340957765be839e992134f -> 
  custom:scripting/monoscript/fileName/TryAgain.cs: 5943599f40223b8eec5bba9b73d114a1 -> 
  custom:scripting/monoscript/fileName/HealthBarUI.cs: 2ed933b48b8d56a6b02dfff68cc5ea5a -> 
  custom:framework-osx-AVFoundation: e770b220cccbd017edd2c1fefb359320 -> 
  custom:video-encoder-webm-vp8: eb34c28f22e8b96e1ab97ce403110664 -> 
  custom:audio-decoder-ogg-vorbis: bf7c407c2cedff20999df2af8eb42d56 -> 
  custom:scripting/monoscript/fileName/Demo_DamageButton.cs: 134b4fa9c96d91b73fe2ab2bf8f47c91 -> 
  custom:scripting/monoscript/fileName/Demo_UnitCSharp.cs: bf027c959432188370c4d588e50122f7 -> 
  custom:scripting/monoscript/fileName/Demo.cs: 64e1956b8d06855efe6846ccc24a48c8 -> 
  custom:audio-encoder-webm-vorbis: bf7c407c2cedff20999df2af8eb42d56 -> 
  custom:scripting/monoscript/fileName/Demo_DefenseGame.cs: ef35965b14692a186e75b7b809fb2f7b -> 
  custom:scripting/precompiled-assembly-types:Assembly-CSharp: 97b9f7107fd5899beadf72deb6e4f1df -> 7a063d5b9f86bfaf1c70d59d4d03a175
  custom:scripting/monoscript/fileName/PlayerMove.cs: c911525a3fea5fc8ea2713161dd32c9d -> e1b5b1ca7ac5e05a4b47501120527237
  custom:scripting/monoscript/fileName/Readme_HealthSystem.cs: e6e81e05fa9f5a72d1e699f63cb523ba -> 
========================================================================
Received Prepare
Caller must complete domain reload
Begin MonoManager ReloadAssembly
Thread 0x16f21b000 may have been prematurely finalized
- Loaded All Assemblies, in  0.762 seconds
Native extension for OSXStandalone target not found
Native extension for WebGL target not found
Mono: successfully reloaded assembly
- Finished resetting the current domain, in  0.839 seconds
Domain Reload Profiling: 1603ms
	BeginReloadAssembly (235ms)
		ExecutionOrderSort (0ms)
		DisableScriptedObjects (3ms)
		BackupInstance (0ms)
		ReleaseScriptingObjects (0ms)
		CreateAndSetChildDomain (97ms)
	RebuildCommonClasses (29ms)
	RebuildNativeTypeToScriptingClass (9ms)
	initialDomainReloadingComplete (28ms)
	LoadAllAssembliesAndSetupDomain (463ms)
		LoadAssemblies (363ms)
		RebuildTransferFunctionScriptingTraits (0ms)
		AnalyzeDomain (186ms)
			TypeCache.Refresh (136ms)
				TypeCache.ScanAssembly (96ms)
			ScanForSourceGeneratedMonoScriptInfo (41ms)
			ResolveRequiredComponents (8ms)
	FinalizeReload (839ms)
		ReleaseScriptCaches (0ms)
		RebuildScriptCaches (0ms)
		SetupLoadedEditorAssemblies (291ms)
			LogAssemblyErrors (0ms)
			InitializePlatformSupportModulesInManaged (9ms)
			SetLoadedEditorAssemblies (6ms)
			RefreshPlugins (0ms)
			BeforeProcessingInitializeOnLoad (43ms)
			ProcessInitializeOnLoadAttributes (221ms)
			ProcessInitializeOnLoadMethodAttributes (11ms)
			AfterProcessingInitializeOnLoad (1ms)
			EditorAssembliesLoaded (0ms)
		ExecutionOrderSort2 (0ms)
		AwakeInstancesAfterBackupRestoration (3ms)
Refreshing native plugins compatible for Editor in 2.12 ms, found 2 plugins.
Preloading 0 native plugins for Editor in 0.00 ms.
Unloading 3531 Unused Serialized files (Serialized files now loaded: 0)
Unloading 17 unused Assets / (78.5 KB). Loaded Objects now: 4117.
Memory consumption went from 197.7 MB to 197.6 MB.
Total: 3.187167 ms (FindLiveObjects: 0.236209 ms CreateObjectMapping: 0.049708 ms MarkObjects: 2.789292 ms  DeleteObjects: 0.111458 ms)

Prepare: number of updated asset objects reloaded= 0
AssetImportParameters requested are different than current active one (requested -> active):
  custom:container-demuxer-ogg: 62fdf1f143b41e24485cea50d1cbac27 -> 
  custom:video-decoder-ogg-theora: a1e56fd34408186e4bbccfd4996cb3dc -> 
  custom:scripting/monoscript/fileName/Demo_Cannon.cs: 4bafd18793c1f2e91d81b7d557a59b13 -> 
  custom:scripting/monoscript/fileName/Demo_Unit.cs: 59a5f949051a6dba5929b65f372e7752 -> 
  custom:scripting/monoscript/fileName/Demo_Bullet.cs: 865687936b4476236e7773ddafe98a51 -> 
  custom:scripting/monoscript/fileName/Restart.cs: f4038f140f9e26ceb7931d56fcf7209d -> add66e6da873e366ed3518c440850d01
  custom:scripting/monoscript/fileName/MenuLoader.cs: b921a92d494c127f5c5814c88143c62e -> 
  custom:CustomObjectIndexerAttribute: 9a22284fe3817be447336de3de66b15e -> 
  custom:container-demuxer-webm: 4f35f7cbe854078d1ac9338744f61a02 -> 
  custom:scripting/monoscript/fileName/HealthSystem.cs: 3bf514bc72cae70b3f75cf0b3e42834b -> 
  custom:scripting/monoscript/fileName/ReadmeEditor_HealthSystem.cs: ffe2b7af7ae94220116f831e129dbec4 -> 
  custom:scripting/monoscript/fileName/Demo_Zombie.cs: e506a4c95f2fa047953388ae05cd79a7 -> 
  custom:scripting/monoscript/fileName/LookAtCamera.cs: 44866165fc05474e916a53991d5a3bc9 -> 
  custom:container-muxer-webm: aa71ff27fc2769a1b78a27578f13a17b -> 
  custom:video-decoder-webm-vp8: 9c59270c3fd7afecdb556c50c9e8de78 -> 
  custom:SearchIndexIgnoredProperties: e643bd26f0fe6173181afceb89e7c659 -> 
  custom:scripting/monoscript/fileName/HealthSystemComponent.cs: 376616f923bdf6f4801de5c1cfc814d3 -> 
  custom:AudioImporter_EditorPlatform: 3918e3fc78b5a79bad01e8451be0beb8 -> 
  custom:scripting/monoscript/fileName/IGetHealthSystem.cs: fe78d35da2a17f46f9315a888e2723bc -> 
  custom:scripting/monoscript/fileName/Demo_HealButton.cs: 586b31ab69340957765be839e992134f -> 
  custom:scripting/monoscript/fileName/TryAgain.cs: 5943599f40223b8eec5bba9b73d114a1 -> 
  custom:scripting/monoscript/fileName/HealthBarUI.cs: 2ed933b48b8d56a6b02dfff68cc5ea5a -> 
  custom:framework-osx-AVFoundation: e770b220cccbd017edd2c1fefb359320 -> 
  custom:video-encoder-webm-vp8: eb34c28f22e8b96e1ab97ce403110664 -> 
  custom:audio-decoder-ogg-vorbis: bf7c407c2cedff20999df2af8eb42d56 -> 
  custom:scripting/monoscript/fileName/Demo_DamageButton.cs: 134b4fa9c96d91b73fe2ab2bf8f47c91 -> 
  custom:scripting/monoscript/fileName/Demo_UnitCSharp.cs: bf027c959432188370c4d588e50122f7 -> 
  custom:scripting/monoscript/fileName/Demo.cs: 64e1956b8d06855efe6846ccc24a48c8 -> 
  custom:audio-encoder-webm-vorbis: bf7c407c2cedff20999df2af8eb42d56 -> 
  custom:scripting/monoscript/fileName/Demo_DefenseGame.cs: ef35965b14692a186e75b7b809fb2f7b -> 
  custom:scripting/precompiled-assembly-types:Assembly-CSharp: 97b9f7107fd5899beadf72deb6e4f1df -> 7a063d5b9f86bfaf1c70d59d4d03a175
  custom:scripting/monoscript/fileName/PlayerMove.cs: c911525a3fea5fc8ea2713161dd32c9d -> e1b5b1ca7ac5e05a4b47501120527237
  custom:scripting/monoscript/fileName/Readme_HealthSystem.cs: e6e81e05fa9f5a72d1e699f63cb523ba -> 
========================================================================
Received Prepare
Refreshing native plugins compatible for Editor in 1.93 ms, found 2 plugins.
Preloading 0 native plugins for Editor in 0.00 ms.
Unloading 4 Unused Serialized files (Serialized files now loaded: 0)
Unloading 4 unused Assets / (67.9 KB). Loaded Objects now: 4117.
Memory consumption went from 143.0 MB to 142.9 MB.
Total: 27.554625 ms (FindLiveObjects: 0.255333 ms CreateObjectMapping: 0.045292 ms MarkObjects: 27.125625 ms  DeleteObjects: 0.128042 ms)

Prepare: number of updated asset objects reloaded= 0
AssetImportParameters requested are different than current active one (requested -> active):
  custom:container-demuxer-ogg: 62fdf1f143b41e24485cea50d1cbac27 -> 
  custom:video-decoder-ogg-theora: a1e56fd34408186e4bbccfd4996cb3dc -> 
  custom:scripting/monoscript/fileName/Demo_Cannon.cs: 4bafd18793c1f2e91d81b7d557a59b13 -> 
  custom:scripting/monoscript/fileName/Demo_Unit.cs: 59a5f949051a6dba5929b65f372e7752 -> 
  custom:scripting/monoscript/fileName/Demo_Bullet.cs: 865687936b4476236e7773ddafe98a51 -> 
  custom:scripting/monoscript/fileName/Restart.cs: f4038f140f9e26ceb7931d56fcf7209d -> add66e6da873e366ed3518c440850d01
  custom:scripting/monoscript/fileName/MenuLoader.cs: b921a92d494c127f5c5814c88143c62e -> 
  custom:CustomObjectIndexerAttribute: 9a22284fe3817be447336de3de66b15e -> 
  custom:container-demuxer-webm: 4f35f7cbe854078d1ac9338744f61a02 -> 
  custom:scripting/monoscript/fileName/HealthSystem.cs: 3bf514bc72cae70b3f75cf0b3e42834b -> 
  custom:scripting/monoscript/fileName/ReadmeEditor_HealthSystem.cs: ffe2b7af7ae94220116f831e129dbec4 -> 
  custom:scripting/monoscript/fileName/Demo_Zombie.cs: e506a4c95f2fa047953388ae05cd79a7 -> 
  custom:scripting/monoscript/fileName/LookAtCamera.cs: 44866165fc05474e916a53991d5a3bc9 -> 
  custom:container-muxer-webm: aa71ff27fc2769a1b78a27578f13a17b -> 
  custom:video-decoder-webm-vp8: 9c59270c3fd7afecdb556c50c9e8de78 -> 
  custom:SearchIndexIgnoredProperties: e643bd26f0fe6173181afceb89e7c659 -> 
  custom:scripting/monoscript/fileName/HealthSystemComponent.cs: 376616f923bdf6f4801de5c1cfc814d3 -> 
  custom:AudioImporter_EditorPlatform: 3918e3fc78b5a79bad01e8451be0beb8 -> 
  custom:scripting/monoscript/fileName/IGetHealthSystem.cs: fe78d35da2a17f46f9315a888e2723bc -> 
  custom:scripting/monoscript/fileName/Demo_HealButton.cs: 586b31ab69340957765be839e992134f -> 
  custom:scripting/monoscript/fileName/TryAgain.cs: 5943599f40223b8eec5bba9b73d114a1 -> 
  custom:scripting/monoscript/fileName/HealthBarUI.cs: 2ed933b48b8d56a6b02dfff68cc5ea5a -> 
  custom:framework-osx-AVFoundation: e770b220cccbd017edd2c1fefb359320 -> 
  custom:video-encoder-webm-vp8: eb34c28f22e8b96e1ab97ce403110664 -> 
  custom:audio-decoder-ogg-vorbis: bf7c407c2cedff20999df2af8eb42d56 -> 
  custom:scripting/monoscript/fileName/Demo_DamageButton.cs: 134b4fa9c96d91b73fe2ab2bf8f47c91 -> 
  custom:scripting/monoscript/fileName/Demo_UnitCSharp.cs: bf027c959432188370c4d588e50122f7 -> 
  custom:scripting/monoscript/fileName/Demo.cs: 64e1956b8d06855efe6846ccc24a48c8 -> 
  custom:audio-encoder-webm-vorbis: bf7c407c2cedff20999df2af8eb42d56 -> 
  custom:scripting/monoscript/fileName/Demo_DefenseGame.cs: ef35965b14692a186e75b7b809fb2f7b -> 
  custom:scripting/precompiled-assembly-types:Assembly-CSharp: 97b9f7107fd5899beadf72deb6e4f1df -> 7a063d5b9f86bfaf1c70d59d4d03a175
  custom:scripting/monoscript/fileName/PlayerMove.cs: c911525a3fea5fc8ea2713161dd32c9d -> e1b5b1ca7ac5e05a4b47501120527237
  custom:scripting/monoscript/fileName/Readme_HealthSystem.cs: e6e81e05fa9f5a72d1e699f63cb523ba -> 
