Unity Editor version:    2022.3.61f1 (6c53ebaf375d)
Branch:                  2022.3/release
Build type:              Release
Batch mode:              YES
macOS version:           Version 14.5 (Build 23F79)
Darwin version:          23.5.0
Architecture:            arm64
Running under Rosetta:   NO
Available memory:        8192 MB
Using pre-set license
Pro License: YES

COMMAND LINE ARGUMENTS:
/Applications/Unity/Hub/Editor/2022.3.61f1/Unity.app/Contents/MacOS/Unity
-adb2
-batchMode
-noUpm
-name
AssetImportWorker3
-projectPath
/Users/lindseytong/Slide N' Glide
-logFile
Logs/AssetImportWorker3.log
-srvPort
53352
Successfully changed project path to: /Users/lindseytong/Slide N' Glide
/Users/lindseytong/Slide N' Glide
[UnityMemory] Configuration Parameters - Can be set up in boot.config
    "memorysetup-bucket-allocator-granularity=16"
    "memorysetup-bucket-allocator-bucket-count=8"
    "memorysetup-bucket-allocator-block-size=33554432"
    "memorysetup-bucket-allocator-block-count=8"
    "memorysetup-main-allocator-block-size=16777216"
    "memorysetup-thread-allocator-block-size=16777216"
    "memorysetup-gfx-main-allocator-block-size=16777216"
    "memorysetup-gfx-thread-allocator-block-size=16777216"
    "memorysetup-cache-allocator-block-size=4194304"
    "memorysetup-typetree-allocator-block-size=2097152"
    "memorysetup-profiler-bucket-allocator-granularity=16"
    "memorysetup-profiler-bucket-allocator-bucket-count=8"
    "memorysetup-profiler-bucket-allocator-block-size=33554432"
    "memorysetup-profiler-bucket-allocator-block-count=8"
    "memorysetup-profiler-allocator-block-size=16777216"
    "memorysetup-profiler-editor-allocator-block-size=1048576"
    "memorysetup-temp-allocator-size-main=16777216"
    "memorysetup-job-temp-allocator-block-size=2097152"
    "memorysetup-job-temp-allocator-block-size-background=1048576"
    "memorysetup-job-temp-allocator-reduction-small-platforms=262144"
    "memorysetup-allocator-temp-initial-block-size-main=262144"
    "memorysetup-allocator-temp-initial-block-size-worker=262144"
    "memorysetup-temp-allocator-size-background-worker=32768"
    "memorysetup-temp-allocator-size-job-worker=262144"
    "memorysetup-temp-allocator-size-preload-manager=33554432"
    "memorysetup-temp-allocator-size-nav-mesh-worker=65536"
    "memorysetup-temp-allocator-size-audio-worker=65536"
    "memorysetup-temp-allocator-size-cloud-worker=32768"
    "memorysetup-temp-allocator-size-gi-baking-worker=262144"
    "memorysetup-temp-allocator-size-gfx=262144"
Player connection [8661584896]  Target information:

Player connection [8661584896]  * "[IP] 192.168.1.66 [Port] 0 [Flags] 2 [Guid] 3486571228 [EditorId] 3486571228 [Version] 1048832 [Id] OSXEditor(0,LindseyussinAir.attlocal.net) [Debug] 1 [PackageName] OSXEditor [ProjectName] Editor" 

Player connection [8661584896] Host joined multi-casting on [225.0.0.222:54997]...
Player connection [8661584896] Host joined alternative multi-casting on [225.0.0.222:34997]...
Input System module state changed to: Initialized.
[PhysX] Initialized MultithreadedTaskDispatcher with 8 workers.
Refreshing native plugins compatible for Editor in 10.12 ms, found 2 plugins.
Preloading 0 native plugins for Editor in 0.00 ms.
Initialize engine version: 2022.3.61f1 (6c53ebaf375d)
[Subsystems] Discovering subsystems at path /Applications/Unity/Hub/Editor/2022.3.61f1/Unity.app/Contents/Resources/UnitySubsystems
[Subsystems] Discovering subsystems at path /Users/lindseytong/Slide N' Glide/Assets
GfxDevice: creating device client; threaded=0; jobified=0
 preferred device: Apple M1 (high power)
Metal devices available: 1
0: Apple M1 (high power)
Using device Apple M1 (high power)
Initializing Metal device caps: Apple M1
Initialize mono
Mono path[0] = '/Applications/Unity/Hub/Editor/2022.3.61f1/Unity.app/Contents/Managed'
Mono path[1] = '/Applications/Unity/Hub/Editor/2022.3.61f1/Unity.app/Contents/MonoBleedingEdge/lib/mono/unityjit-macos'
Mono config path = '/Applications/Unity/Hub/Editor/2022.3.61f1/Unity.app/Contents/MonoBleedingEdge/etc'
Using monoOptions --debugger-agent=transport=dt_socket,embedding=1,server=y,suspend=n,address=127.0.0.1:56968
Begin MonoManager ReloadAssembly
Registering precompiled unity dll's ...
Register platform support module: /Applications/Unity/Hub/Editor/2022.3.61f1/PlaybackEngines/WebGLSupport/UnityEditor.WebGL.Extensions.dll
Register platform support module: /Applications/Unity/Hub/Editor/2022.3.61f1/Unity.app/Contents/PlaybackEngines/MacStandaloneSupport/UnityEditor.OSXStandalone.Extensions.dll
Registered in 0.002872 seconds.
- Loaded All Assemblies, in  0.352 seconds
Native extension for OSXStandalone target not found
Native extension for WebGL target not found
Mono: successfully reloaded assembly
- Finished resetting the current domain, in  0.256 seconds
Domain Reload Profiling: 608ms
	BeginReloadAssembly (103ms)
		ExecutionOrderSort (0ms)
		DisableScriptedObjects (0ms)
		BackupInstance (0ms)
		ReleaseScriptingObjects (0ms)
		CreateAndSetChildDomain (0ms)
	RebuildCommonClasses (33ms)
	RebuildNativeTypeToScriptingClass (9ms)
	initialDomainReloadingComplete (45ms)
	LoadAllAssembliesAndSetupDomain (162ms)
		LoadAssemblies (104ms)
		RebuildTransferFunctionScriptingTraits (0ms)
		AnalyzeDomain (159ms)
			TypeCache.Refresh (158ms)
				TypeCache.ScanAssembly (143ms)
			ScanForSourceGeneratedMonoScriptInfo (0ms)
			ResolveRequiredComponents (0ms)
	FinalizeReload (256ms)
		ReleaseScriptCaches (0ms)
		RebuildScriptCaches (0ms)
		SetupLoadedEditorAssemblies (215ms)
			LogAssemblyErrors (0ms)
			InitializePlatformSupportModulesInManaged (7ms)
			SetLoadedEditorAssemblies (4ms)
			RefreshPlugins (0ms)
			BeforeProcessingInitializeOnLoad (3ms)
			ProcessInitializeOnLoadAttributes (164ms)
			ProcessInitializeOnLoadMethodAttributes (37ms)
			AfterProcessingInitializeOnLoad (0ms)
			EditorAssembliesLoaded (0ms)
		ExecutionOrderSort2 (0ms)
		AwakeInstancesAfterBackupRestoration (0ms)
========================================================================
Worker process is ready to serve import requests
Caller must complete domain reload
Begin MonoManager ReloadAssembly
- Loaded All Assemblies, in  0.556 seconds
Native extension for OSXStandalone target not found
Native extension for WebGL target not found
Mono: successfully reloaded assembly
- Finished resetting the current domain, in  0.429 seconds
Domain Reload Profiling: 990ms
	BeginReloadAssembly (152ms)
		ExecutionOrderSort (0ms)
		DisableScriptedObjects (5ms)
		BackupInstance (0ms)
		ReleaseScriptingObjects (0ms)
		CreateAndSetChildDomain (37ms)
	RebuildCommonClasses (29ms)
	RebuildNativeTypeToScriptingClass (9ms)
	initialDomainReloadingComplete (31ms)
	LoadAllAssembliesAndSetupDomain (340ms)
		LoadAssemblies (237ms)
		RebuildTransferFunctionScriptingTraits (0ms)
		AnalyzeDomain (165ms)
			TypeCache.Refresh (152ms)
				TypeCache.ScanAssembly (130ms)
			ScanForSourceGeneratedMonoScriptInfo (9ms)
			ResolveRequiredComponents (4ms)
	FinalizeReload (430ms)
		ReleaseScriptCaches (0ms)
		RebuildScriptCaches (0ms)
		SetupLoadedEditorAssemblies (309ms)
			LogAssemblyErrors (0ms)
			InitializePlatformSupportModulesInManaged (4ms)
			SetLoadedEditorAssemblies (4ms)
			RefreshPlugins (0ms)
			BeforeProcessingInitializeOnLoad (42ms)
			ProcessInitializeOnLoadAttributes (239ms)
			ProcessInitializeOnLoadMethodAttributes (20ms)
			AfterProcessingInitializeOnLoad (1ms)
			EditorAssembliesLoaded (0ms)
		ExecutionOrderSort2 (0ms)
		AwakeInstancesAfterBackupRestoration (3ms)
Launching external process: /Applications/Unity/Hub/Editor/2022.3.61f1/Unity.app/Contents/Tools/UnityShaderCompiler
Launched and connected shader compiler UnityShaderCompiler after 0.24 seconds
Refreshing native plugins compatible for Editor in 0.63 ms, found 2 plugins.
Preloading 0 native plugins for Editor in 0.00 ms.
Unloading 3568 Unused Serialized files (Serialized files now loaded: 0)
Unloading 22 unused Assets / (100.5 KB). Loaded Objects now: 4035.
Memory consumption went from 144.4 MB to 144.3 MB.
Total: 3.914416 ms (FindLiveObjects: 0.168083 ms CreateObjectMapping: 0.055042 ms MarkObjects: 3.462000 ms  DeleteObjects: 0.228375 ms)

AssetImportParameters requested are different than current active one (requested -> active):
  custom:container-demuxer-ogg: 62fdf1f143b41e24485cea50d1cbac27 -> 
  custom:video-decoder-ogg-theora: a1e56fd34408186e4bbccfd4996cb3dc -> 
  custom:scripting/monoscript/fileName/Demo_Cannon.cs: 4bafd18793c1f2e91d81b7d557a59b13 -> 
  custom:scripting/monoscript/fileName/Demo_Unit.cs: 59a5f949051a6dba5929b65f372e7752 -> 
  custom:scripting/monoscript/fileName/Demo_Bullet.cs: 865687936b4476236e7773ddafe98a51 -> 
  custom:scripting/monoscript/fileName/Restart.cs: f4038f140f9e26ceb7931d56fcf7209d -> add66e6da873e366ed3518c440850d01
  custom:CustomObjectIndexerAttribute: 9a22284fe3817be447336de3de66b15e -> 
  custom:container-demuxer-webm: 4f35f7cbe854078d1ac9338744f61a02 -> 
  custom:scripting/monoscript/fileName/HealthSystem.cs: 3bf514bc72cae70b3f75cf0b3e42834b -> 
  custom:scripting/monoscript/fileName/ReadmeEditor_HealthSystem.cs: ffe2b7af7ae94220116f831e129dbec4 -> 
  custom:scripting/monoscript/fileName/Demo_Zombie.cs: e506a4c95f2fa047953388ae05cd79a7 -> 
  custom:scripting/monoscript/fileName/LookAtCamera.cs: 44866165fc05474e916a53991d5a3bc9 -> 
  custom:container-muxer-webm: aa71ff27fc2769a1b78a27578f13a17b -> 
  custom:video-decoder-webm-vp8: 9c59270c3fd7afecdb556c50c9e8de78 -> 
  custom:SearchIndexIgnoredProperties: e643bd26f0fe6173181afceb89e7c659 -> 
  custom:scripting/monoscript/fileName/HealthSystemComponent.cs: 376616f923bdf6f4801de5c1cfc814d3 -> 
  custom:AudioImporter_EditorPlatform: 3918e3fc78b5a79bad01e8451be0beb8 -> 
  custom:scripting/monoscript/fileName/IGetHealthSystem.cs: fe78d35da2a17f46f9315a888e2723bc -> 
  custom:scripting/monoscript/fileName/Demo_HealButton.cs: 586b31ab69340957765be839e992134f -> 
  custom:scripting/monoscript/fileName/TryAgain.cs: 5943599f40223b8eec5bba9b73d114a1 -> 
  custom:scripting/monoscript/fileName/HealthBarUI.cs: 2ed933b48b8d56a6b02dfff68cc5ea5a -> 
  custom:framework-osx-AVFoundation: e770b220cccbd017edd2c1fefb359320 -> 
  custom:video-encoder-webm-vp8: eb34c28f22e8b96e1ab97ce403110664 -> 
  custom:audio-decoder-ogg-vorbis: bf7c407c2cedff20999df2af8eb42d56 -> 
  custom:scripting/monoscript/fileName/Demo_DamageButton.cs: 134b4fa9c96d91b73fe2ab2bf8f47c91 -> 
  custom:scripting/monoscript/fileName/Demo_UnitCSharp.cs: bf027c959432188370c4d588e50122f7 -> 
  custom:scripting/monoscript/fileName/Demo.cs: 64e1956b8d06855efe6846ccc24a48c8 -> 
  custom:audio-encoder-webm-vorbis: bf7c407c2cedff20999df2af8eb42d56 -> 
  custom:scripting/monoscript/fileName/Demo_DefenseGame.cs: ef35965b14692a186e75b7b809fb2f7b -> 
  custom:scripting/monoscript/fileName/PlayerMove.cs: c911525a3fea5fc8ea2713161dd32c9d -> e1b5b1ca7ac5e05a4b47501120527237
  custom:scripting/monoscript/fileName/Readme_HealthSystem.cs: e6e81e05fa9f5a72d1e699f63cb523ba -> 
========================================================================
Received Prepare
Caller must complete domain reload
Begin MonoManager ReloadAssembly
Thread 0x321ad3000 may have been prematurely finalized
- Loaded All Assemblies, in  0.359 seconds
Native extension for OSXStandalone target not found
Native extension for WebGL target not found
Mono: successfully reloaded assembly
- Finished resetting the current domain, in  0.983 seconds
Domain Reload Profiling: 1342ms
	BeginReloadAssembly (126ms)
		ExecutionOrderSort (0ms)
		DisableScriptedObjects (4ms)
		BackupInstance (0ms)
		ReleaseScriptingObjects (0ms)
		CreateAndSetChildDomain (40ms)
	RebuildCommonClasses (29ms)
	RebuildNativeTypeToScriptingClass (11ms)
	initialDomainReloadingComplete (23ms)
	LoadAllAssembliesAndSetupDomain (170ms)
		LoadAssemblies (186ms)
		RebuildTransferFunctionScriptingTraits (0ms)
		AnalyzeDomain (27ms)
			TypeCache.Refresh (15ms)
				TypeCache.ScanAssembly (1ms)
			ScanForSourceGeneratedMonoScriptInfo (6ms)
			ResolveRequiredComponents (5ms)
	FinalizeReload (983ms)
		ReleaseScriptCaches (0ms)
		RebuildScriptCaches (0ms)
		SetupLoadedEditorAssemblies (258ms)
			LogAssemblyErrors (0ms)
			InitializePlatformSupportModulesInManaged (4ms)
			SetLoadedEditorAssemblies (4ms)
			RefreshPlugins (0ms)
			BeforeProcessingInitializeOnLoad (41ms)
			ProcessInitializeOnLoadAttributes (196ms)
			ProcessInitializeOnLoadMethodAttributes (12ms)
			AfterProcessingInitializeOnLoad (1ms)
			EditorAssembliesLoaded (0ms)
		ExecutionOrderSort2 (0ms)
		AwakeInstancesAfterBackupRestoration (3ms)
Refreshing native plugins compatible for Editor in 0.71 ms, found 2 plugins.
Preloading 0 native plugins for Editor in 0.00 ms.
Unloading 3530 Unused Serialized files (Serialized files now loaded: 0)
Unloading 17 unused Assets / (86.4 KB). Loaded Objects now: 4038.
Memory consumption went from 141.0 MB to 140.9 MB.
Total: 2.894500 ms (FindLiveObjects: 0.168417 ms CreateObjectMapping: 0.048125 ms MarkObjects: 2.570584 ms  DeleteObjects: 0.106583 ms)

Prepare: number of updated asset objects reloaded= 0
AssetImportParameters requested are different than current active one (requested -> active):
  custom:container-demuxer-ogg: 62fdf1f143b41e24485cea50d1cbac27 -> 
  custom:video-decoder-ogg-theora: a1e56fd34408186e4bbccfd4996cb3dc -> 
  custom:scripting/monoscript/fileName/Demo_Cannon.cs: 4bafd18793c1f2e91d81b7d557a59b13 -> 
  custom:scripting/monoscript/fileName/Demo_Unit.cs: 59a5f949051a6dba5929b65f372e7752 -> 
  custom:scripting/monoscript/fileName/Demo_Bullet.cs: 865687936b4476236e7773ddafe98a51 -> 
  custom:scripting/monoscript/fileName/Restart.cs: f4038f140f9e26ceb7931d56fcf7209d -> add66e6da873e366ed3518c440850d01
  custom:CustomObjectIndexerAttribute: 9a22284fe3817be447336de3de66b15e -> 
  custom:container-demuxer-webm: 4f35f7cbe854078d1ac9338744f61a02 -> 
  custom:scripting/monoscript/fileName/HealthSystem.cs: 3bf514bc72cae70b3f75cf0b3e42834b -> 
  custom:scripting/monoscript/fileName/ReadmeEditor_HealthSystem.cs: ffe2b7af7ae94220116f831e129dbec4 -> 
  custom:scripting/monoscript/fileName/Demo_Zombie.cs: e506a4c95f2fa047953388ae05cd79a7 -> 
  custom:scripting/monoscript/fileName/LookAtCamera.cs: 44866165fc05474e916a53991d5a3bc9 -> 
  custom:container-muxer-webm: aa71ff27fc2769a1b78a27578f13a17b -> 
  custom:video-decoder-webm-vp8: 9c59270c3fd7afecdb556c50c9e8de78 -> 
  custom:SearchIndexIgnoredProperties: e643bd26f0fe6173181afceb89e7c659 -> 
  custom:scripting/monoscript/fileName/HealthSystemComponent.cs: 376616f923bdf6f4801de5c1cfc814d3 -> 
  custom:AudioImporter_EditorPlatform: 3918e3fc78b5a79bad01e8451be0beb8 -> 
  custom:scripting/monoscript/fileName/IGetHealthSystem.cs: fe78d35da2a17f46f9315a888e2723bc -> 
  custom:scripting/monoscript/fileName/Demo_HealButton.cs: 586b31ab69340957765be839e992134f -> 
  custom:scripting/monoscript/fileName/TryAgain.cs: 5943599f40223b8eec5bba9b73d114a1 -> 
  custom:scripting/monoscript/fileName/HealthBarUI.cs: 2ed933b48b8d56a6b02dfff68cc5ea5a -> 
  custom:framework-osx-AVFoundation: e770b220cccbd017edd2c1fefb359320 -> 
  custom:video-encoder-webm-vp8: eb34c28f22e8b96e1ab97ce403110664 -> 
  custom:audio-decoder-ogg-vorbis: bf7c407c2cedff20999df2af8eb42d56 -> 
  custom:scripting/monoscript/fileName/Demo_DamageButton.cs: 134b4fa9c96d91b73fe2ab2bf8f47c91 -> 
  custom:scripting/monoscript/fileName/Demo_UnitCSharp.cs: bf027c959432188370c4d588e50122f7 -> 
  custom:scripting/monoscript/fileName/Demo.cs: 64e1956b8d06855efe6846ccc24a48c8 -> 
  custom:audio-encoder-webm-vorbis: bf7c407c2cedff20999df2af8eb42d56 -> 
  custom:scripting/monoscript/fileName/Demo_DefenseGame.cs: ef35965b14692a186e75b7b809fb2f7b -> 
  custom:scripting/monoscript/fileName/PlayerMove.cs: c911525a3fea5fc8ea2713161dd32c9d -> e1b5b1ca7ac5e05a4b47501120527237
  custom:scripting/monoscript/fileName/Readme_HealthSystem.cs: e6e81e05fa9f5a72d1e699f63cb523ba -> 
========================================================================
Received Prepare
Caller must complete domain reload
Begin MonoManager ReloadAssembly
Thread 0x16c0e3000 may have been prematurely finalized
- Loaded All Assemblies, in  0.247 seconds
Native extension for OSXStandalone target not found
Native extension for WebGL target not found
Mono: successfully reloaded assembly
- Finished resetting the current domain, in  0.482 seconds
Domain Reload Profiling: 729ms
	BeginReloadAssembly (84ms)
		ExecutionOrderSort (0ms)
		DisableScriptedObjects (3ms)
		BackupInstance (0ms)
		ReleaseScriptingObjects (0ms)
		CreateAndSetChildDomain (26ms)
	RebuildCommonClasses (28ms)
	RebuildNativeTypeToScriptingClass (9ms)
	initialDomainReloadingComplete (18ms)
	LoadAllAssembliesAndSetupDomain (108ms)
		LoadAssemblies (128ms)
		RebuildTransferFunctionScriptingTraits (0ms)
		AnalyzeDomain (12ms)
			TypeCache.Refresh (6ms)
				TypeCache.ScanAssembly (0ms)
			ScanForSourceGeneratedMonoScriptInfo (0ms)
			ResolveRequiredComponents (5ms)
	FinalizeReload (482ms)
		ReleaseScriptCaches (0ms)
		RebuildScriptCaches (0ms)
		SetupLoadedEditorAssemblies (297ms)
			LogAssemblyErrors (0ms)
			InitializePlatformSupportModulesInManaged (4ms)
			SetLoadedEditorAssemblies (4ms)
			RefreshPlugins (0ms)
			BeforeProcessingInitializeOnLoad (45ms)
			ProcessInitializeOnLoadAttributes (231ms)
			ProcessInitializeOnLoadMethodAttributes (13ms)
			AfterProcessingInitializeOnLoad (1ms)
			EditorAssembliesLoaded (0ms)
		ExecutionOrderSort2 (0ms)
		AwakeInstancesAfterBackupRestoration (3ms)
Refreshing native plugins compatible for Editor in 0.61 ms, found 2 plugins.
Preloading 0 native plugins for Editor in 0.00 ms.
Unloading 3530 Unused Serialized files (Serialized files now loaded: 0)
Unloading 17 unused Assets / (86.4 KB). Loaded Objects now: 4041.
Memory consumption went from 145.9 MB to 145.8 MB.
Total: 2.462000 ms (FindLiveObjects: 0.133542 ms CreateObjectMapping: 0.053334 ms MarkObjects: 2.181167 ms  DeleteObjects: 0.093333 ms)

Prepare: number of updated asset objects reloaded= 0
AssetImportParameters requested are different than current active one (requested -> active):
  custom:container-demuxer-ogg: 62fdf1f143b41e24485cea50d1cbac27 -> 
  custom:video-decoder-ogg-theora: a1e56fd34408186e4bbccfd4996cb3dc -> 
  custom:scripting/monoscript/fileName/Demo_Cannon.cs: 4bafd18793c1f2e91d81b7d557a59b13 -> 
  custom:scripting/monoscript/fileName/Demo_Unit.cs: 59a5f949051a6dba5929b65f372e7752 -> 
  custom:scripting/monoscript/fileName/Demo_Bullet.cs: 865687936b4476236e7773ddafe98a51 -> 
  custom:scripting/monoscript/fileName/Restart.cs: f4038f140f9e26ceb7931d56fcf7209d -> add66e6da873e366ed3518c440850d01
  custom:CustomObjectIndexerAttribute: 9a22284fe3817be447336de3de66b15e -> 
  custom:container-demuxer-webm: 4f35f7cbe854078d1ac9338744f61a02 -> 
  custom:scripting/monoscript/fileName/HealthSystem.cs: 3bf514bc72cae70b3f75cf0b3e42834b -> 
  custom:scripting/monoscript/fileName/ReadmeEditor_HealthSystem.cs: ffe2b7af7ae94220116f831e129dbec4 -> 
  custom:scripting/monoscript/fileName/Demo_Zombie.cs: e506a4c95f2fa047953388ae05cd79a7 -> 
  custom:scripting/monoscript/fileName/LookAtCamera.cs: 44866165fc05474e916a53991d5a3bc9 -> 
  custom:container-muxer-webm: aa71ff27fc2769a1b78a27578f13a17b -> 
  custom:video-decoder-webm-vp8: 9c59270c3fd7afecdb556c50c9e8de78 -> 
  custom:SearchIndexIgnoredProperties: e643bd26f0fe6173181afceb89e7c659 -> 
  custom:scripting/monoscript/fileName/HealthSystemComponent.cs: 376616f923bdf6f4801de5c1cfc814d3 -> 
  custom:AudioImporter_EditorPlatform: 3918e3fc78b5a79bad01e8451be0beb8 -> 
  custom:scripting/monoscript/fileName/IGetHealthSystem.cs: fe78d35da2a17f46f9315a888e2723bc -> 
  custom:scripting/monoscript/fileName/Demo_HealButton.cs: 586b31ab69340957765be839e992134f -> 
  custom:scripting/monoscript/fileName/TryAgain.cs: 5943599f40223b8eec5bba9b73d114a1 -> 
  custom:scripting/monoscript/fileName/HealthBarUI.cs: 2ed933b48b8d56a6b02dfff68cc5ea5a -> 
  custom:framework-osx-AVFoundation: e770b220cccbd017edd2c1fefb359320 -> 
  custom:video-encoder-webm-vp8: eb34c28f22e8b96e1ab97ce403110664 -> 
  custom:audio-decoder-ogg-vorbis: bf7c407c2cedff20999df2af8eb42d56 -> 
  custom:scripting/monoscript/fileName/Demo_DamageButton.cs: 134b4fa9c96d91b73fe2ab2bf8f47c91 -> 
  custom:scripting/monoscript/fileName/Demo_UnitCSharp.cs: bf027c959432188370c4d588e50122f7 -> 
  custom:scripting/monoscript/fileName/Demo.cs: 64e1956b8d06855efe6846ccc24a48c8 -> 
  custom:audio-encoder-webm-vorbis: bf7c407c2cedff20999df2af8eb42d56 -> 
  custom:scripting/monoscript/fileName/Demo_DefenseGame.cs: ef35965b14692a186e75b7b809fb2f7b -> 
  custom:scripting/monoscript/fileName/PlayerMove.cs: c911525a3fea5fc8ea2713161dd32c9d -> e1b5b1ca7ac5e05a4b47501120527237
  custom:scripting/monoscript/fileName/Readme_HealthSystem.cs: e6e81e05fa9f5a72d1e699f63cb523ba -> 
========================================================================
Received Prepare
Caller must complete domain reload
Begin MonoManager ReloadAssembly
Thread 0x16badf000 may have been prematurely finalized
- Loaded All Assemblies, in  0.413 seconds
Native extension for OSXStandalone target not found
Native extension for WebGL target not found
Mono: successfully reloaded assembly
- Finished resetting the current domain, in  0.941 seconds
Domain Reload Profiling: 1356ms
	BeginReloadAssembly (101ms)
		ExecutionOrderSort (0ms)
		DisableScriptedObjects (3ms)
		BackupInstance (0ms)
		ReleaseScriptingObjects (0ms)
		CreateAndSetChildDomain (36ms)
	RebuildCommonClasses (29ms)
	RebuildNativeTypeToScriptingClass (11ms)
	initialDomainReloadingComplete (24ms)
	LoadAllAssembliesAndSetupDomain (251ms)
		LoadAssemblies (225ms)
		RebuildTransferFunctionScriptingTraits (0ms)
		AnalyzeDomain (58ms)
			TypeCache.Refresh (25ms)
				TypeCache.ScanAssembly (2ms)
			ScanForSourceGeneratedMonoScriptInfo (22ms)
			ResolveRequiredComponents (11ms)
	FinalizeReload (942ms)
		ReleaseScriptCaches (0ms)
		RebuildScriptCaches (0ms)
		SetupLoadedEditorAssemblies (270ms)
			LogAssemblyErrors (0ms)
			InitializePlatformSupportModulesInManaged (5ms)
			SetLoadedEditorAssemblies (4ms)
			RefreshPlugins (0ms)
			BeforeProcessingInitializeOnLoad (42ms)
			ProcessInitializeOnLoadAttributes (206ms)
			ProcessInitializeOnLoadMethodAttributes (12ms)
			AfterProcessingInitializeOnLoad (1ms)
			EditorAssembliesLoaded (0ms)
		ExecutionOrderSort2 (0ms)
		AwakeInstancesAfterBackupRestoration (2ms)
Refreshing native plugins compatible for Editor in 0.52 ms, found 2 plugins.
Preloading 0 native plugins for Editor in 0.00 ms.
Unloading 3529 Unused Serialized files (Serialized files now loaded: 0)
Unloading 18 unused Assets / (103.0 KB). Loaded Objects now: 4043.
Memory consumption went from 150.9 MB to 150.8 MB.
Total: 3.095542 ms (FindLiveObjects: 0.338417 ms CreateObjectMapping: 0.048458 ms MarkObjects: 2.394500 ms  DeleteObjects: 0.313625 ms)

Prepare: number of updated asset objects reloaded= 0
AssetImportParameters requested are different than current active one (requested -> active):
  custom:container-demuxer-ogg: 62fdf1f143b41e24485cea50d1cbac27 -> 
  custom:video-decoder-ogg-theora: a1e56fd34408186e4bbccfd4996cb3dc -> 
  custom:scripting/monoscript/fileName/Demo_Cannon.cs: 4bafd18793c1f2e91d81b7d557a59b13 -> 
  custom:scripting/monoscript/fileName/Demo_Unit.cs: 59a5f949051a6dba5929b65f372e7752 -> 
  custom:scripting/monoscript/fileName/Demo_Bullet.cs: 865687936b4476236e7773ddafe98a51 -> 
  custom:scripting/monoscript/fileName/Restart.cs: f4038f140f9e26ceb7931d56fcf7209d -> add66e6da873e366ed3518c440850d01
  custom:CustomObjectIndexerAttribute: 9a22284fe3817be447336de3de66b15e -> 
  custom:container-demuxer-webm: 4f35f7cbe854078d1ac9338744f61a02 -> 
  custom:scripting/monoscript/fileName/HealthSystem.cs: 3bf514bc72cae70b3f75cf0b3e42834b -> 
  custom:scripting/monoscript/fileName/ReadmeEditor_HealthSystem.cs: ffe2b7af7ae94220116f831e129dbec4 -> 
  custom:scripting/monoscript/fileName/Demo_Zombie.cs: e506a4c95f2fa047953388ae05cd79a7 -> 
  custom:scripting/monoscript/fileName/LookAtCamera.cs: 44866165fc05474e916a53991d5a3bc9 -> 
  custom:container-muxer-webm: aa71ff27fc2769a1b78a27578f13a17b -> 
  custom:video-decoder-webm-vp8: 9c59270c3fd7afecdb556c50c9e8de78 -> 
  custom:SearchIndexIgnoredProperties: e643bd26f0fe6173181afceb89e7c659 -> 
  custom:scripting/monoscript/fileName/HealthSystemComponent.cs: 376616f923bdf6f4801de5c1cfc814d3 -> 
  custom:AudioImporter_EditorPlatform: 3918e3fc78b5a79bad01e8451be0beb8 -> 
  custom:scripting/monoscript/fileName/IGetHealthSystem.cs: fe78d35da2a17f46f9315a888e2723bc -> 
  custom:scripting/monoscript/fileName/Demo_HealButton.cs: 586b31ab69340957765be839e992134f -> 
  custom:scripting/monoscript/fileName/TryAgain.cs: 5943599f40223b8eec5bba9b73d114a1 -> 
  custom:scripting/monoscript/fileName/HealthBarUI.cs: 2ed933b48b8d56a6b02dfff68cc5ea5a -> 
  custom:framework-osx-AVFoundation: e770b220cccbd017edd2c1fefb359320 -> 
  custom:video-encoder-webm-vp8: eb34c28f22e8b96e1ab97ce403110664 -> 
  custom:audio-decoder-ogg-vorbis: bf7c407c2cedff20999df2af8eb42d56 -> 
  custom:scripting/monoscript/fileName/Demo_DamageButton.cs: 134b4fa9c96d91b73fe2ab2bf8f47c91 -> 
  custom:scripting/monoscript/fileName/Demo_UnitCSharp.cs: bf027c959432188370c4d588e50122f7 -> 
  custom:scripting/monoscript/fileName/Demo.cs: 64e1956b8d06855efe6846ccc24a48c8 -> 
  custom:audio-encoder-webm-vorbis: bf7c407c2cedff20999df2af8eb42d56 -> 
  custom:scripting/monoscript/fileName/Demo_DefenseGame.cs: ef35965b14692a186e75b7b809fb2f7b -> 
  custom:scripting/precompiled-assembly-types:Assembly-CSharp: 9c679feca488b115ca36c73c0d83df4f -> 7a063d5b9f86bfaf1c70d59d4d03a175
  custom:scripting/monoscript/fileName/PlayerMove.cs: c911525a3fea5fc8ea2713161dd32c9d -> e1b5b1ca7ac5e05a4b47501120527237
  custom:scripting/monoscript/fileName/Readme_HealthSystem.cs: e6e81e05fa9f5a72d1e699f63cb523ba -> 
========================================================================
Received Prepare
Caller must complete domain reload
Begin MonoManager ReloadAssembly
Thread 0x16badf000 may have been prematurely finalized
- Loaded All Assemblies, in  0.309 seconds
Native extension for OSXStandalone target not found
Native extension for WebGL target not found
Mono: successfully reloaded assembly
- Finished resetting the current domain, in  0.894 seconds
Domain Reload Profiling: 1204ms
	BeginReloadAssembly (95ms)
		ExecutionOrderSort (0ms)
		DisableScriptedObjects (3ms)
		BackupInstance (0ms)
		ReleaseScriptingObjects (0ms)
		CreateAndSetChildDomain (33ms)
	RebuildCommonClasses (30ms)
	RebuildNativeTypeToScriptingClass (9ms)
	initialDomainReloadingComplete (19ms)
	LoadAllAssembliesAndSetupDomain (156ms)
		LoadAssemblies (170ms)
		RebuildTransferFunctionScriptingTraits (0ms)
		AnalyzeDomain (19ms)
			TypeCache.Refresh (14ms)
				TypeCache.ScanAssembly (0ms)
			ScanForSourceGeneratedMonoScriptInfo (0ms)
			ResolveRequiredComponents (5ms)
	FinalizeReload (895ms)
		ReleaseScriptCaches (0ms)
		RebuildScriptCaches (0ms)
		SetupLoadedEditorAssemblies (277ms)
			LogAssemblyErrors (0ms)
			InitializePlatformSupportModulesInManaged (5ms)
			SetLoadedEditorAssemblies (4ms)
			RefreshPlugins (0ms)
			BeforeProcessingInitializeOnLoad (43ms)
			ProcessInitializeOnLoadAttributes (210ms)
			ProcessInitializeOnLoadMethodAttributes (14ms)
			AfterProcessingInitializeOnLoad (1ms)
			EditorAssembliesLoaded (0ms)
		ExecutionOrderSort2 (0ms)
		AwakeInstancesAfterBackupRestoration (3ms)
Refreshing native plugins compatible for Editor in 0.74 ms, found 2 plugins.
Preloading 0 native plugins for Editor in 0.00 ms.
Unloading 3529 Unused Serialized files (Serialized files now loaded: 0)
Unloading 17 unused Assets / (94.6 KB). Loaded Objects now: 4046.
Memory consumption went from 155.8 MB to 155.7 MB.
Total: 2.911583 ms (FindLiveObjects: 0.333708 ms CreateObjectMapping: 0.043125 ms MarkObjects: 2.389958 ms  DeleteObjects: 0.143500 ms)

Prepare: number of updated asset objects reloaded= 0
AssetImportParameters requested are different than current active one (requested -> active):
  custom:container-demuxer-ogg: 62fdf1f143b41e24485cea50d1cbac27 -> 
  custom:video-decoder-ogg-theora: a1e56fd34408186e4bbccfd4996cb3dc -> 
  custom:scripting/monoscript/fileName/Demo_Cannon.cs: 4bafd18793c1f2e91d81b7d557a59b13 -> 
  custom:scripting/monoscript/fileName/Demo_Unit.cs: 59a5f949051a6dba5929b65f372e7752 -> 
  custom:scripting/monoscript/fileName/Demo_Bullet.cs: 865687936b4476236e7773ddafe98a51 -> 
  custom:scripting/monoscript/fileName/Restart.cs: f4038f140f9e26ceb7931d56fcf7209d -> add66e6da873e366ed3518c440850d01
  custom:CustomObjectIndexerAttribute: 9a22284fe3817be447336de3de66b15e -> 
  custom:container-demuxer-webm: 4f35f7cbe854078d1ac9338744f61a02 -> 
  custom:scripting/monoscript/fileName/HealthSystem.cs: 3bf514bc72cae70b3f75cf0b3e42834b -> 
  custom:scripting/monoscript/fileName/ReadmeEditor_HealthSystem.cs: ffe2b7af7ae94220116f831e129dbec4 -> 
  custom:scripting/monoscript/fileName/Demo_Zombie.cs: e506a4c95f2fa047953388ae05cd79a7 -> 
  custom:scripting/monoscript/fileName/LookAtCamera.cs: 44866165fc05474e916a53991d5a3bc9 -> 
  custom:container-muxer-webm: aa71ff27fc2769a1b78a27578f13a17b -> 
  custom:video-decoder-webm-vp8: 9c59270c3fd7afecdb556c50c9e8de78 -> 
  custom:SearchIndexIgnoredProperties: e643bd26f0fe6173181afceb89e7c659 -> 
  custom:scripting/monoscript/fileName/HealthSystemComponent.cs: 376616f923bdf6f4801de5c1cfc814d3 -> 
  custom:AudioImporter_EditorPlatform: 3918e3fc78b5a79bad01e8451be0beb8 -> 
  custom:scripting/monoscript/fileName/IGetHealthSystem.cs: fe78d35da2a17f46f9315a888e2723bc -> 
  custom:scripting/monoscript/fileName/Demo_HealButton.cs: 586b31ab69340957765be839e992134f -> 
  custom:scripting/monoscript/fileName/TryAgain.cs: 5943599f40223b8eec5bba9b73d114a1 -> 
  custom:scripting/monoscript/fileName/HealthBarUI.cs: 2ed933b48b8d56a6b02dfff68cc5ea5a -> 
  custom:framework-osx-AVFoundation: e770b220cccbd017edd2c1fefb359320 -> 
  custom:video-encoder-webm-vp8: eb34c28f22e8b96e1ab97ce403110664 -> 
  custom:audio-decoder-ogg-vorbis: bf7c407c2cedff20999df2af8eb42d56 -> 
  custom:scripting/monoscript/fileName/Demo_DamageButton.cs: 134b4fa9c96d91b73fe2ab2bf8f47c91 -> 
  custom:scripting/monoscript/fileName/Demo_UnitCSharp.cs: bf027c959432188370c4d588e50122f7 -> 
  custom:scripting/monoscript/fileName/Demo.cs: 64e1956b8d06855efe6846ccc24a48c8 -> 
  custom:audio-encoder-webm-vorbis: bf7c407c2cedff20999df2af8eb42d56 -> 
  custom:scripting/monoscript/fileName/Demo_DefenseGame.cs: ef35965b14692a186e75b7b809fb2f7b -> 
  custom:scripting/precompiled-assembly-types:Assembly-CSharp: 9c679feca488b115ca36c73c0d83df4f -> 7a063d5b9f86bfaf1c70d59d4d03a175
  custom:scripting/monoscript/fileName/PlayerMove.cs: c911525a3fea5fc8ea2713161dd32c9d -> e1b5b1ca7ac5e05a4b47501120527237
  custom:scripting/monoscript/fileName/Readme_HealthSystem.cs: e6e81e05fa9f5a72d1e699f63cb523ba -> 
========================================================================
Received Prepare
Caller must complete domain reload
Begin MonoManager ReloadAssembly
Thread 0x16badf000 may have been prematurely finalized
- Loaded All Assemblies, in  0.343 seconds
Native extension for OSXStandalone target not found
Native extension for WebGL target not found
Mono: successfully reloaded assembly
- Finished resetting the current domain, in  0.825 seconds
Domain Reload Profiling: 1170ms
	BeginReloadAssembly (93ms)
		ExecutionOrderSort (0ms)
		DisableScriptedObjects (4ms)
		BackupInstance (0ms)
		ReleaseScriptingObjects (0ms)
		CreateAndSetChildDomain (32ms)
	RebuildCommonClasses (35ms)
	RebuildNativeTypeToScriptingClass (12ms)
	initialDomainReloadingComplete (15ms)
	LoadAllAssembliesAndSetupDomain (189ms)
		LoadAssemblies (195ms)
		RebuildTransferFunctionScriptingTraits (0ms)
		AnalyzeDomain (25ms)
			TypeCache.Refresh (11ms)
				TypeCache.ScanAssembly (1ms)
			ScanForSourceGeneratedMonoScriptInfo (8ms)
			ResolveRequiredComponents (5ms)
	FinalizeReload (826ms)
		ReleaseScriptCaches (0ms)
		RebuildScriptCaches (0ms)
		SetupLoadedEditorAssemblies (247ms)
			LogAssemblyErrors (0ms)
			InitializePlatformSupportModulesInManaged (4ms)
			SetLoadedEditorAssemblies (3ms)
			RefreshPlugins (0ms)
			BeforeProcessingInitializeOnLoad (40ms)
			ProcessInitializeOnLoadAttributes (188ms)
			ProcessInitializeOnLoadMethodAttributes (11ms)
			AfterProcessingInitializeOnLoad (1ms)
			EditorAssembliesLoaded (0ms)
		ExecutionOrderSort2 (0ms)
		AwakeInstancesAfterBackupRestoration (2ms)
Refreshing native plugins compatible for Editor in 0.63 ms, found 2 plugins.
Preloading 0 native plugins for Editor in 0.00 ms.
Unloading 3530 Unused Serialized files (Serialized files now loaded: 0)
Unloading 17 unused Assets / (102.6 KB). Loaded Objects now: 4050.
Memory consumption went from 160.7 MB to 160.6 MB.
Total: 2.809084 ms (FindLiveObjects: 0.345708 ms CreateObjectMapping: 0.043375 ms MarkObjects: 2.323459 ms  DeleteObjects: 0.096000 ms)

Prepare: number of updated asset objects reloaded= 0
AssetImportParameters requested are different than current active one (requested -> active):
  custom:container-demuxer-ogg: 62fdf1f143b41e24485cea50d1cbac27 -> 
  custom:video-decoder-ogg-theora: a1e56fd34408186e4bbccfd4996cb3dc -> 
  custom:scripting/monoscript/fileName/Demo_Cannon.cs: 4bafd18793c1f2e91d81b7d557a59b13 -> 
  custom:scripting/monoscript/fileName/Demo_Unit.cs: 59a5f949051a6dba5929b65f372e7752 -> 
  custom:scripting/monoscript/fileName/Demo_Bullet.cs: 865687936b4476236e7773ddafe98a51 -> 
  custom:scripting/monoscript/fileName/Restart.cs: f4038f140f9e26ceb7931d56fcf7209d -> add66e6da873e366ed3518c440850d01
  custom:CustomObjectIndexerAttribute: 9a22284fe3817be447336de3de66b15e -> 
  custom:container-demuxer-webm: 4f35f7cbe854078d1ac9338744f61a02 -> 
  custom:scripting/monoscript/fileName/HealthSystem.cs: 3bf514bc72cae70b3f75cf0b3e42834b -> 
  custom:scripting/monoscript/fileName/ReadmeEditor_HealthSystem.cs: ffe2b7af7ae94220116f831e129dbec4 -> 
  custom:scripting/monoscript/fileName/Demo_Zombie.cs: e506a4c95f2fa047953388ae05cd79a7 -> 
  custom:scripting/monoscript/fileName/LookAtCamera.cs: 44866165fc05474e916a53991d5a3bc9 -> 
  custom:container-muxer-webm: aa71ff27fc2769a1b78a27578f13a17b -> 
  custom:video-decoder-webm-vp8: 9c59270c3fd7afecdb556c50c9e8de78 -> 
  custom:SearchIndexIgnoredProperties: e643bd26f0fe6173181afceb89e7c659 -> 
  custom:scripting/monoscript/fileName/HealthSystemComponent.cs: 376616f923bdf6f4801de5c1cfc814d3 -> 
  custom:AudioImporter_EditorPlatform: 3918e3fc78b5a79bad01e8451be0beb8 -> 
  custom:scripting/monoscript/fileName/IGetHealthSystem.cs: fe78d35da2a17f46f9315a888e2723bc -> 
  custom:scripting/monoscript/fileName/Demo_HealButton.cs: 586b31ab69340957765be839e992134f -> 
  custom:scripting/monoscript/fileName/TryAgain.cs: 5943599f40223b8eec5bba9b73d114a1 -> 
  custom:scripting/monoscript/fileName/HealthBarUI.cs: 2ed933b48b8d56a6b02dfff68cc5ea5a -> 
  custom:framework-osx-AVFoundation: e770b220cccbd017edd2c1fefb359320 -> 
  custom:video-encoder-webm-vp8: eb34c28f22e8b96e1ab97ce403110664 -> 
  custom:audio-decoder-ogg-vorbis: bf7c407c2cedff20999df2af8eb42d56 -> 
  custom:scripting/monoscript/fileName/Demo_DamageButton.cs: 134b4fa9c96d91b73fe2ab2bf8f47c91 -> 
  custom:scripting/monoscript/fileName/Demo_UnitCSharp.cs: bf027c959432188370c4d588e50122f7 -> 
  custom:scripting/monoscript/fileName/Demo.cs: 64e1956b8d06855efe6846ccc24a48c8 -> 
  custom:audio-encoder-webm-vorbis: bf7c407c2cedff20999df2af8eb42d56 -> 
  custom:scripting/monoscript/fileName/Demo_DefenseGame.cs: ef35965b14692a186e75b7b809fb2f7b -> 
  custom:scripting/precompiled-assembly-types:Assembly-CSharp: c2012a2da094765f47304767abc48809 -> 7a063d5b9f86bfaf1c70d59d4d03a175
  custom:scripting/monoscript/fileName/PlayerMove.cs: c911525a3fea5fc8ea2713161dd32c9d -> e1b5b1ca7ac5e05a4b47501120527237
  custom:scripting/monoscript/fileName/Readme_HealthSystem.cs: e6e81e05fa9f5a72d1e699f63cb523ba -> 
========================================================================
Received Prepare
Caller must complete domain reload
Begin MonoManager ReloadAssembly
Thread 0x16badf000 may have been prematurely finalized
- Loaded All Assemblies, in  0.342 seconds
Native extension for OSXStandalone target not found
Native extension for WebGL target not found
Mono: successfully reloaded assembly
- Finished resetting the current domain, in  0.871 seconds
Domain Reload Profiling: 1213ms
	BeginReloadAssembly (107ms)
		ExecutionOrderSort (0ms)
		DisableScriptedObjects (3ms)
		BackupInstance (0ms)
		ReleaseScriptingObjects (0ms)
		CreateAndSetChildDomain (42ms)
	RebuildCommonClasses (28ms)
	RebuildNativeTypeToScriptingClass (9ms)
	initialDomainReloadingComplete (18ms)
	LoadAllAssembliesAndSetupDomain (180ms)
		LoadAssemblies (191ms)
		RebuildTransferFunctionScriptingTraits (0ms)
		AnalyzeDomain (24ms)
			TypeCache.Refresh (13ms)
				TypeCache.ScanAssembly (1ms)
			ScanForSourceGeneratedMonoScriptInfo (6ms)
			ResolveRequiredComponents (5ms)
	FinalizeReload (872ms)
		ReleaseScriptCaches (0ms)
		RebuildScriptCaches (0ms)
		SetupLoadedEditorAssemblies (262ms)
			LogAssemblyErrors (0ms)
			InitializePlatformSupportModulesInManaged (4ms)
			SetLoadedEditorAssemblies (4ms)
			RefreshPlugins (0ms)
			BeforeProcessingInitializeOnLoad (44ms)
			ProcessInitializeOnLoadAttributes (197ms)
			ProcessInitializeOnLoadMethodAttributes (12ms)
			AfterProcessingInitializeOnLoad (1ms)
			EditorAssembliesLoaded (0ms)
		ExecutionOrderSort2 (0ms)
		AwakeInstancesAfterBackupRestoration (3ms)
Refreshing native plugins compatible for Editor in 0.65 ms, found 2 plugins.
Preloading 0 native plugins for Editor in 0.00 ms.
Unloading 3530 Unused Serialized files (Serialized files now loaded: 0)
Unloading 17 unused Assets / (102.6 KB). Loaded Objects now: 4053.
Memory consumption went from 165.7 MB to 165.6 MB.
Total: 2.598000 ms (FindLiveObjects: 0.157958 ms CreateObjectMapping: 0.049083 ms MarkObjects: 2.257292 ms  DeleteObjects: 0.133125 ms)

Prepare: number of updated asset objects reloaded= 0
AssetImportParameters requested are different than current active one (requested -> active):
  custom:container-demuxer-ogg: 62fdf1f143b41e24485cea50d1cbac27 -> 
  custom:video-decoder-ogg-theora: a1e56fd34408186e4bbccfd4996cb3dc -> 
  custom:scripting/monoscript/fileName/Demo_Cannon.cs: 4bafd18793c1f2e91d81b7d557a59b13 -> 
  custom:scripting/monoscript/fileName/Demo_Unit.cs: 59a5f949051a6dba5929b65f372e7752 -> 
  custom:scripting/monoscript/fileName/Demo_Bullet.cs: 865687936b4476236e7773ddafe98a51 -> 
  custom:scripting/monoscript/fileName/Restart.cs: f4038f140f9e26ceb7931d56fcf7209d -> add66e6da873e366ed3518c440850d01
  custom:CustomObjectIndexerAttribute: 9a22284fe3817be447336de3de66b15e -> 
  custom:container-demuxer-webm: 4f35f7cbe854078d1ac9338744f61a02 -> 
  custom:scripting/monoscript/fileName/HealthSystem.cs: 3bf514bc72cae70b3f75cf0b3e42834b -> 
  custom:scripting/monoscript/fileName/ReadmeEditor_HealthSystem.cs: ffe2b7af7ae94220116f831e129dbec4 -> 
  custom:scripting/monoscript/fileName/Demo_Zombie.cs: e506a4c95f2fa047953388ae05cd79a7 -> 
  custom:scripting/monoscript/fileName/LookAtCamera.cs: 44866165fc05474e916a53991d5a3bc9 -> 
  custom:container-muxer-webm: aa71ff27fc2769a1b78a27578f13a17b -> 
  custom:video-decoder-webm-vp8: 9c59270c3fd7afecdb556c50c9e8de78 -> 
  custom:SearchIndexIgnoredProperties: e643bd26f0fe6173181afceb89e7c659 -> 
  custom:scripting/monoscript/fileName/HealthSystemComponent.cs: 376616f923bdf6f4801de5c1cfc814d3 -> 
  custom:AudioImporter_EditorPlatform: 3918e3fc78b5a79bad01e8451be0beb8 -> 
  custom:scripting/monoscript/fileName/IGetHealthSystem.cs: fe78d35da2a17f46f9315a888e2723bc -> 
  custom:scripting/monoscript/fileName/Demo_HealButton.cs: 586b31ab69340957765be839e992134f -> 
  custom:scripting/monoscript/fileName/TryAgain.cs: 5943599f40223b8eec5bba9b73d114a1 -> 
  custom:scripting/monoscript/fileName/HealthBarUI.cs: 2ed933b48b8d56a6b02dfff68cc5ea5a -> 
  custom:framework-osx-AVFoundation: e770b220cccbd017edd2c1fefb359320 -> 
  custom:video-encoder-webm-vp8: eb34c28f22e8b96e1ab97ce403110664 -> 
  custom:audio-decoder-ogg-vorbis: bf7c407c2cedff20999df2af8eb42d56 -> 
  custom:scripting/monoscript/fileName/Demo_DamageButton.cs: 134b4fa9c96d91b73fe2ab2bf8f47c91 -> 
  custom:scripting/monoscript/fileName/Demo_UnitCSharp.cs: bf027c959432188370c4d588e50122f7 -> 
  custom:scripting/monoscript/fileName/Demo.cs: 64e1956b8d06855efe6846ccc24a48c8 -> 
  custom:audio-encoder-webm-vorbis: bf7c407c2cedff20999df2af8eb42d56 -> 
  custom:scripting/monoscript/fileName/Demo_DefenseGame.cs: ef35965b14692a186e75b7b809fb2f7b -> 
  custom:scripting/precompiled-assembly-types:Assembly-CSharp: c2012a2da094765f47304767abc48809 -> 7a063d5b9f86bfaf1c70d59d4d03a175
  custom:scripting/monoscript/fileName/PlayerMove.cs: c911525a3fea5fc8ea2713161dd32c9d -> e1b5b1ca7ac5e05a4b47501120527237
  custom:scripting/monoscript/fileName/Readme_HealthSystem.cs: e6e81e05fa9f5a72d1e699f63cb523ba -> 
========================================================================
Received Import Request.
  Time since last request: 295193.859326 seconds.
  path: Assets/Scripts/ReturnMenu.cs
  artifactKey: Guid(4f959f1cf96754af1850c451f3e97ba7) Importer(815301076,1909f56bfc062723c751e8b465ee728b)
Start importing Assets/Scripts/ReturnMenu.cs using Guid(4f959f1cf96754af1850c451f3e97ba7) Importer(815301076,1909f56bfc062723c751e8b465ee728b) [PhysX] Initialized MultithreadedTaskDispatcher with 8 workers.
 -> (artifact id: 'ef827703c5677c38fd406b86648a731e') in 0.001529 seconds
Number of updated asset objects reloaded before import = 0
Number of asset objects unloaded after import = 0
========================================================================
Received Prepare
Caller must complete domain reload
Begin MonoManager ReloadAssembly
Thread 0x16badf000 may have been prematurely finalized
- Loaded All Assemblies, in  0.383 seconds
Native extension for OSXStandalone target not found
Native extension for WebGL target not found
Mono: successfully reloaded assembly
- Finished resetting the current domain, in  1.040 seconds
Domain Reload Profiling: 1423ms
	BeginReloadAssembly (135ms)
		ExecutionOrderSort (0ms)
		DisableScriptedObjects (3ms)
		BackupInstance (0ms)
		ReleaseScriptingObjects (0ms)
		CreateAndSetChildDomain (50ms)
	RebuildCommonClasses (37ms)
	RebuildNativeTypeToScriptingClass (10ms)
	initialDomainReloadingComplete (21ms)
	LoadAllAssembliesAndSetupDomain (181ms)
		LoadAssemblies (202ms)
		RebuildTransferFunctionScriptingTraits (0ms)
		AnalyzeDomain (31ms)
			TypeCache.Refresh (19ms)
				TypeCache.ScanAssembly (1ms)
			ScanForSourceGeneratedMonoScriptInfo (7ms)
			ResolveRequiredComponents (5ms)
	FinalizeReload (1040ms)
		ReleaseScriptCaches (0ms)
		RebuildScriptCaches (0ms)
		SetupLoadedEditorAssemblies (288ms)
			LogAssemblyErrors (0ms)
			InitializePlatformSupportModulesInManaged (5ms)
			SetLoadedEditorAssemblies (4ms)
			RefreshPlugins (0ms)
			BeforeProcessingInitializeOnLoad (53ms)
			ProcessInitializeOnLoadAttributes (213ms)
			ProcessInitializeOnLoadMethodAttributes (12ms)
			AfterProcessingInitializeOnLoad (1ms)
			EditorAssembliesLoaded (0ms)
		ExecutionOrderSort2 (0ms)
		AwakeInstancesAfterBackupRestoration (3ms)
Refreshing native plugins compatible for Editor in 0.69 ms, found 2 plugins.
Preloading 0 native plugins for Editor in 0.00 ms.
Unloading 3530 Unused Serialized files (Serialized files now loaded: 0)
Unloading 17 unused Assets / (78.6 KB). Loaded Objects now: 4057.
Memory consumption went from 170.5 MB to 170.4 MB.
Total: 2.486042 ms (FindLiveObjects: 0.147708 ms CreateObjectMapping: 0.045166 ms MarkObjects: 2.198500 ms  DeleteObjects: 0.094125 ms)

Prepare: number of updated asset objects reloaded= 0
AssetImportParameters requested are different than current active one (requested -> active):
  custom:container-demuxer-ogg: 62fdf1f143b41e24485cea50d1cbac27 -> 
  custom:video-decoder-ogg-theora: a1e56fd34408186e4bbccfd4996cb3dc -> 
  custom:scripting/monoscript/fileName/Demo_Cannon.cs: 4bafd18793c1f2e91d81b7d557a59b13 -> 
  custom:scripting/monoscript/fileName/Demo_Unit.cs: 59a5f949051a6dba5929b65f372e7752 -> 
  custom:scripting/monoscript/fileName/Demo_Bullet.cs: 865687936b4476236e7773ddafe98a51 -> 
  custom:scripting/monoscript/fileName/Restart.cs: f4038f140f9e26ceb7931d56fcf7209d -> add66e6da873e366ed3518c440850d01
  custom:scripting/monoscript/fileName/MenuLoader.cs: b921a92d494c127f5c5814c88143c62e -> 
  custom:CustomObjectIndexerAttribute: 9a22284fe3817be447336de3de66b15e -> 
  custom:container-demuxer-webm: 4f35f7cbe854078d1ac9338744f61a02 -> 
  custom:scripting/monoscript/fileName/HealthSystem.cs: 3bf514bc72cae70b3f75cf0b3e42834b -> 
  custom:scripting/monoscript/fileName/ReadmeEditor_HealthSystem.cs: ffe2b7af7ae94220116f831e129dbec4 -> 
  custom:scripting/monoscript/fileName/Demo_Zombie.cs: e506a4c95f2fa047953388ae05cd79a7 -> 
  custom:scripting/monoscript/fileName/LookAtCamera.cs: 44866165fc05474e916a53991d5a3bc9 -> 
  custom:container-muxer-webm: aa71ff27fc2769a1b78a27578f13a17b -> 
  custom:video-decoder-webm-vp8: 9c59270c3fd7afecdb556c50c9e8de78 -> 
  custom:SearchIndexIgnoredProperties: e643bd26f0fe6173181afceb89e7c659 -> 
  custom:scripting/monoscript/fileName/HealthSystemComponent.cs: 376616f923bdf6f4801de5c1cfc814d3 -> 
  custom:AudioImporter_EditorPlatform: 3918e3fc78b5a79bad01e8451be0beb8 -> 
  custom:scripting/monoscript/fileName/IGetHealthSystem.cs: fe78d35da2a17f46f9315a888e2723bc -> 
  custom:scripting/monoscript/fileName/Demo_HealButton.cs: 586b31ab69340957765be839e992134f -> 
  custom:scripting/monoscript/fileName/TryAgain.cs: 5943599f40223b8eec5bba9b73d114a1 -> 
  custom:scripting/monoscript/fileName/HealthBarUI.cs: 2ed933b48b8d56a6b02dfff68cc5ea5a -> 
  custom:framework-osx-AVFoundation: e770b220cccbd017edd2c1fefb359320 -> 
  custom:video-encoder-webm-vp8: eb34c28f22e8b96e1ab97ce403110664 -> 
  custom:audio-decoder-ogg-vorbis: bf7c407c2cedff20999df2af8eb42d56 -> 
  custom:scripting/monoscript/fileName/Demo_DamageButton.cs: 134b4fa9c96d91b73fe2ab2bf8f47c91 -> 
  custom:scripting/monoscript/fileName/Demo_UnitCSharp.cs: bf027c959432188370c4d588e50122f7 -> 
  custom:scripting/monoscript/fileName/Demo.cs: 64e1956b8d06855efe6846ccc24a48c8 -> 
  custom:audio-encoder-webm-vorbis: bf7c407c2cedff20999df2af8eb42d56 -> 
  custom:scripting/monoscript/fileName/Demo_DefenseGame.cs: ef35965b14692a186e75b7b809fb2f7b -> 
  custom:scripting/precompiled-assembly-types:Assembly-CSharp: 97b9f7107fd5899beadf72deb6e4f1df -> 7a063d5b9f86bfaf1c70d59d4d03a175
  custom:scripting/monoscript/fileName/PlayerMove.cs: c911525a3fea5fc8ea2713161dd32c9d -> e1b5b1ca7ac5e05a4b47501120527237
  custom:scripting/monoscript/fileName/Readme_HealthSystem.cs: e6e81e05fa9f5a72d1e699f63cb523ba -> 
========================================================================
Received Prepare
Caller must complete domain reload
Begin MonoManager ReloadAssembly
Thread 0x16badf000 may have been prematurely finalized
- Loaded All Assemblies, in  0.322 seconds
Native extension for OSXStandalone target not found
Native extension for WebGL target not found
Mono: successfully reloaded assembly
- Finished resetting the current domain, in  0.866 seconds
Domain Reload Profiling: 1190ms
	BeginReloadAssembly (95ms)
		ExecutionOrderSort (0ms)
		DisableScriptedObjects (3ms)
		BackupInstance (0ms)
		ReleaseScriptingObjects (0ms)
		CreateAndSetChildDomain (33ms)
	RebuildCommonClasses (29ms)
	RebuildNativeTypeToScriptingClass (9ms)
	initialDomainReloadingComplete (21ms)
	LoadAllAssembliesAndSetupDomain (170ms)
		LoadAssemblies (166ms)
		RebuildTransferFunctionScriptingTraits (0ms)
		AnalyzeDomain (35ms)
			TypeCache.Refresh (15ms)
				TypeCache.ScanAssembly (1ms)
			ScanForSourceGeneratedMonoScriptInfo (8ms)
			ResolveRequiredComponents (10ms)
	FinalizeReload (867ms)
		ReleaseScriptCaches (0ms)
		RebuildScriptCaches (0ms)
		SetupLoadedEditorAssemblies (265ms)
			LogAssemblyErrors (0ms)
			InitializePlatformSupportModulesInManaged (5ms)
			SetLoadedEditorAssemblies (4ms)
			RefreshPlugins (0ms)
			BeforeProcessingInitializeOnLoad (42ms)
			ProcessInitializeOnLoadAttributes (201ms)
			ProcessInitializeOnLoadMethodAttributes (12ms)
			AfterProcessingInitializeOnLoad (1ms)
			EditorAssembliesLoaded (0ms)
		ExecutionOrderSort2 (0ms)
		AwakeInstancesAfterBackupRestoration (3ms)
Refreshing native plugins compatible for Editor in 0.75 ms, found 2 plugins.
Preloading 0 native plugins for Editor in 0.00 ms.
Unloading 3531 Unused Serialized files (Serialized files now loaded: 0)
Unloading 17 unused Assets / (102.7 KB). Loaded Objects now: 4060.
Memory consumption went from 175.7 MB to 175.6 MB.
Total: 6.009208 ms (FindLiveObjects: 0.239292 ms CreateObjectMapping: 0.046542 ms MarkObjects: 5.597334 ms  DeleteObjects: 0.125166 ms)

Prepare: number of updated asset objects reloaded= 0
AssetImportParameters requested are different than current active one (requested -> active):
  custom:container-demuxer-ogg: 62fdf1f143b41e24485cea50d1cbac27 -> 
  custom:video-decoder-ogg-theora: a1e56fd34408186e4bbccfd4996cb3dc -> 
  custom:scripting/monoscript/fileName/Demo_Cannon.cs: 4bafd18793c1f2e91d81b7d557a59b13 -> 
  custom:scripting/monoscript/fileName/Demo_Unit.cs: 59a5f949051a6dba5929b65f372e7752 -> 
  custom:scripting/monoscript/fileName/Demo_Bullet.cs: 865687936b4476236e7773ddafe98a51 -> 
  custom:scripting/monoscript/fileName/Restart.cs: f4038f140f9e26ceb7931d56fcf7209d -> add66e6da873e366ed3518c440850d01
  custom:scripting/monoscript/fileName/MenuLoader.cs: b921a92d494c127f5c5814c88143c62e -> 
  custom:CustomObjectIndexerAttribute: 9a22284fe3817be447336de3de66b15e -> 
  custom:container-demuxer-webm: 4f35f7cbe854078d1ac9338744f61a02 -> 
  custom:scripting/monoscript/fileName/HealthSystem.cs: 3bf514bc72cae70b3f75cf0b3e42834b -> 
  custom:scripting/monoscript/fileName/ReadmeEditor_HealthSystem.cs: ffe2b7af7ae94220116f831e129dbec4 -> 
  custom:scripting/monoscript/fileName/Demo_Zombie.cs: e506a4c95f2fa047953388ae05cd79a7 -> 
  custom:scripting/monoscript/fileName/LookAtCamera.cs: 44866165fc05474e916a53991d5a3bc9 -> 
  custom:container-muxer-webm: aa71ff27fc2769a1b78a27578f13a17b -> 
  custom:video-decoder-webm-vp8: 9c59270c3fd7afecdb556c50c9e8de78 -> 
  custom:SearchIndexIgnoredProperties: e643bd26f0fe6173181afceb89e7c659 -> 
  custom:scripting/monoscript/fileName/HealthSystemComponent.cs: 376616f923bdf6f4801de5c1cfc814d3 -> 
  custom:AudioImporter_EditorPlatform: 3918e3fc78b5a79bad01e8451be0beb8 -> 
  custom:scripting/monoscript/fileName/IGetHealthSystem.cs: fe78d35da2a17f46f9315a888e2723bc -> 
  custom:scripting/monoscript/fileName/Demo_HealButton.cs: 586b31ab69340957765be839e992134f -> 
  custom:scripting/monoscript/fileName/TryAgain.cs: 5943599f40223b8eec5bba9b73d114a1 -> 
  custom:scripting/monoscript/fileName/HealthBarUI.cs: 2ed933b48b8d56a6b02dfff68cc5ea5a -> 
  custom:framework-osx-AVFoundation: e770b220cccbd017edd2c1fefb359320 -> 
  custom:video-encoder-webm-vp8: eb34c28f22e8b96e1ab97ce403110664 -> 
  custom:audio-decoder-ogg-vorbis: bf7c407c2cedff20999df2af8eb42d56 -> 
  custom:scripting/monoscript/fileName/Demo_DamageButton.cs: 134b4fa9c96d91b73fe2ab2bf8f47c91 -> 
  custom:scripting/monoscript/fileName/Demo_UnitCSharp.cs: bf027c959432188370c4d588e50122f7 -> 
  custom:scripting/monoscript/fileName/Demo.cs: 64e1956b8d06855efe6846ccc24a48c8 -> 
  custom:audio-encoder-webm-vorbis: bf7c407c2cedff20999df2af8eb42d56 -> 
  custom:scripting/monoscript/fileName/Demo_DefenseGame.cs: ef35965b14692a186e75b7b809fb2f7b -> 
  custom:scripting/precompiled-assembly-types:Assembly-CSharp: 97b9f7107fd5899beadf72deb6e4f1df -> 7a063d5b9f86bfaf1c70d59d4d03a175
  custom:scripting/monoscript/fileName/PlayerMove.cs: c911525a3fea5fc8ea2713161dd32c9d -> e1b5b1ca7ac5e05a4b47501120527237
  custom:scripting/monoscript/fileName/Readme_HealthSystem.cs: e6e81e05fa9f5a72d1e699f63cb523ba -> 
========================================================================
Received Prepare
Caller must complete domain reload
Begin MonoManager ReloadAssembly
Thread 0x16badf000 may have been prematurely finalized
- Loaded All Assemblies, in  0.325 seconds
Native extension for OSXStandalone target not found
Native extension for WebGL target not found
Mono: successfully reloaded assembly
- Finished resetting the current domain, in  0.859 seconds
Domain Reload Profiling: 1185ms
	BeginReloadAssembly (95ms)
		ExecutionOrderSort (0ms)
		DisableScriptedObjects (3ms)
		BackupInstance (0ms)
		ReleaseScriptingObjects (0ms)
		CreateAndSetChildDomain (35ms)
	RebuildCommonClasses (29ms)
	RebuildNativeTypeToScriptingClass (9ms)
	initialDomainReloadingComplete (28ms)
	LoadAllAssembliesAndSetupDomain (163ms)
		LoadAssemblies (168ms)
		RebuildTransferFunctionScriptingTraits (0ms)
		AnalyzeDomain (25ms)
			TypeCache.Refresh (20ms)
				TypeCache.ScanAssembly (0ms)
			ScanForSourceGeneratedMonoScriptInfo (0ms)
			ResolveRequiredComponents (5ms)
	FinalizeReload (860ms)
		ReleaseScriptCaches (0ms)
		RebuildScriptCaches (0ms)
		SetupLoadedEditorAssemblies (278ms)
			LogAssemblyErrors (0ms)
			InitializePlatformSupportModulesInManaged (5ms)
			SetLoadedEditorAssemblies (4ms)
			RefreshPlugins (0ms)
			BeforeProcessingInitializeOnLoad (43ms)
			ProcessInitializeOnLoadAttributes (211ms)
			ProcessInitializeOnLoadMethodAttributes (14ms)
			AfterProcessingInitializeOnLoad (1ms)
			EditorAssembliesLoaded (0ms)
		ExecutionOrderSort2 (0ms)
		AwakeInstancesAfterBackupRestoration (3ms)
Refreshing native plugins compatible for Editor in 0.73 ms, found 2 plugins.
Preloading 0 native plugins for Editor in 0.00 ms.
Unloading 3531 Unused Serialized files (Serialized files now loaded: 0)
Unloading 17 unused Assets / (102.7 KB). Loaded Objects now: 4063.
Memory consumption went from 180.6 MB to 180.5 MB.
Total: 2.919292 ms (FindLiveObjects: 0.301166 ms CreateObjectMapping: 0.046125 ms MarkObjects: 2.477417 ms  DeleteObjects: 0.093916 ms)

Prepare: number of updated asset objects reloaded= 0
AssetImportParameters requested are different than current active one (requested -> active):
  custom:container-demuxer-ogg: 62fdf1f143b41e24485cea50d1cbac27 -> 
  custom:video-decoder-ogg-theora: a1e56fd34408186e4bbccfd4996cb3dc -> 
  custom:scripting/monoscript/fileName/Demo_Cannon.cs: 4bafd18793c1f2e91d81b7d557a59b13 -> 
  custom:scripting/monoscript/fileName/Demo_Unit.cs: 59a5f949051a6dba5929b65f372e7752 -> 
  custom:scripting/monoscript/fileName/Demo_Bullet.cs: 865687936b4476236e7773ddafe98a51 -> 
  custom:scripting/monoscript/fileName/Restart.cs: f4038f140f9e26ceb7931d56fcf7209d -> add66e6da873e366ed3518c440850d01
  custom:scripting/monoscript/fileName/MenuLoader.cs: b921a92d494c127f5c5814c88143c62e -> 
  custom:CustomObjectIndexerAttribute: 9a22284fe3817be447336de3de66b15e -> 
  custom:container-demuxer-webm: 4f35f7cbe854078d1ac9338744f61a02 -> 
  custom:scripting/monoscript/fileName/HealthSystem.cs: 3bf514bc72cae70b3f75cf0b3e42834b -> 
  custom:scripting/monoscript/fileName/ReadmeEditor_HealthSystem.cs: ffe2b7af7ae94220116f831e129dbec4 -> 
  custom:scripting/monoscript/fileName/Demo_Zombie.cs: e506a4c95f2fa047953388ae05cd79a7 -> 
  custom:scripting/monoscript/fileName/LookAtCamera.cs: 44866165fc05474e916a53991d5a3bc9 -> 
  custom:container-muxer-webm: aa71ff27fc2769a1b78a27578f13a17b -> 
  custom:video-decoder-webm-vp8: 9c59270c3fd7afecdb556c50c9e8de78 -> 
  custom:SearchIndexIgnoredProperties: e643bd26f0fe6173181afceb89e7c659 -> 
  custom:scripting/monoscript/fileName/HealthSystemComponent.cs: 376616f923bdf6f4801de5c1cfc814d3 -> 
  custom:AudioImporter_EditorPlatform: 3918e3fc78b5a79bad01e8451be0beb8 -> 
  custom:scripting/monoscript/fileName/IGetHealthSystem.cs: fe78d35da2a17f46f9315a888e2723bc -> 
  custom:scripting/monoscript/fileName/Demo_HealButton.cs: 586b31ab69340957765be839e992134f -> 
  custom:scripting/monoscript/fileName/TryAgain.cs: 5943599f40223b8eec5bba9b73d114a1 -> 
  custom:scripting/monoscript/fileName/HealthBarUI.cs: 2ed933b48b8d56a6b02dfff68cc5ea5a -> 
  custom:framework-osx-AVFoundation: e770b220cccbd017edd2c1fefb359320 -> 
  custom:video-encoder-webm-vp8: eb34c28f22e8b96e1ab97ce403110664 -> 
  custom:audio-decoder-ogg-vorbis: bf7c407c2cedff20999df2af8eb42d56 -> 
  custom:scripting/monoscript/fileName/Demo_DamageButton.cs: 134b4fa9c96d91b73fe2ab2bf8f47c91 -> 
  custom:scripting/monoscript/fileName/Demo_UnitCSharp.cs: bf027c959432188370c4d588e50122f7 -> 
  custom:scripting/monoscript/fileName/Demo.cs: 64e1956b8d06855efe6846ccc24a48c8 -> 
  custom:audio-encoder-webm-vorbis: bf7c407c2cedff20999df2af8eb42d56 -> 
  custom:scripting/monoscript/fileName/Demo_DefenseGame.cs: ef35965b14692a186e75b7b809fb2f7b -> 
  custom:scripting/precompiled-assembly-types:Assembly-CSharp: 97b9f7107fd5899beadf72deb6e4f1df -> 7a063d5b9f86bfaf1c70d59d4d03a175
  custom:scripting/monoscript/fileName/PlayerMove.cs: c911525a3fea5fc8ea2713161dd32c9d -> e1b5b1ca7ac5e05a4b47501120527237
  custom:scripting/monoscript/fileName/Readme_HealthSystem.cs: e6e81e05fa9f5a72d1e699f63cb523ba -> 
========================================================================
Received Prepare
Caller must complete domain reload
Begin MonoManager ReloadAssembly
Thread 0x16badf000 may have been prematurely finalized
- Loaded All Assemblies, in  0.290 seconds
Native extension for OSXStandalone target not found
Native extension for WebGL target not found
Mono: successfully reloaded assembly
- Finished resetting the current domain, in  0.803 seconds
Domain Reload Profiling: 1093ms
	BeginReloadAssembly (96ms)
		ExecutionOrderSort (0ms)
		DisableScriptedObjects (3ms)
		BackupInstance (0ms)
		ReleaseScriptingObjects (0ms)
		CreateAndSetChildDomain (34ms)
	RebuildCommonClasses (28ms)
	RebuildNativeTypeToScriptingClass (9ms)
	initialDomainReloadingComplete (15ms)
	LoadAllAssembliesAndSetupDomain (143ms)
		LoadAssemblies (159ms)
		RebuildTransferFunctionScriptingTraits (0ms)
		AnalyzeDomain (16ms)
			TypeCache.Refresh (8ms)
				TypeCache.ScanAssembly (0ms)
			ScanForSourceGeneratedMonoScriptInfo (0ms)
			ResolveRequiredComponents (7ms)
	FinalizeReload (803ms)
		ReleaseScriptCaches (0ms)
		RebuildScriptCaches (0ms)
		SetupLoadedEditorAssemblies (285ms)
			LogAssemblyErrors (0ms)
			InitializePlatformSupportModulesInManaged (4ms)
			SetLoadedEditorAssemblies (4ms)
			RefreshPlugins (0ms)
			BeforeProcessingInitializeOnLoad (43ms)
			ProcessInitializeOnLoadAttributes (219ms)
			ProcessInitializeOnLoadMethodAttributes (13ms)
			AfterProcessingInitializeOnLoad (1ms)
			EditorAssembliesLoaded (0ms)
		ExecutionOrderSort2 (0ms)
		AwakeInstancesAfterBackupRestoration (3ms)
Refreshing native plugins compatible for Editor in 0.73 ms, found 2 plugins.
Preloading 0 native plugins for Editor in 0.00 ms.
Unloading 3531 Unused Serialized files (Serialized files now loaded: 0)
Unloading 17 unused Assets / (102.8 KB). Loaded Objects now: 4066.
Memory consumption went from 185.5 MB to 185.4 MB.
Total: 4.305375 ms (FindLiveObjects: 0.167875 ms CreateObjectMapping: 0.045708 ms MarkObjects: 3.948709 ms  DeleteObjects: 0.142666 ms)

Prepare: number of updated asset objects reloaded= 0
AssetImportParameters requested are different than current active one (requested -> active):
  custom:container-demuxer-ogg: 62fdf1f143b41e24485cea50d1cbac27 -> 
  custom:video-decoder-ogg-theora: a1e56fd34408186e4bbccfd4996cb3dc -> 
  custom:scripting/monoscript/fileName/Demo_Cannon.cs: 4bafd18793c1f2e91d81b7d557a59b13 -> 
  custom:scripting/monoscript/fileName/Demo_Unit.cs: 59a5f949051a6dba5929b65f372e7752 -> 
  custom:scripting/monoscript/fileName/Demo_Bullet.cs: 865687936b4476236e7773ddafe98a51 -> 
  custom:scripting/monoscript/fileName/Restart.cs: f4038f140f9e26ceb7931d56fcf7209d -> add66e6da873e366ed3518c440850d01
  custom:scripting/monoscript/fileName/MenuLoader.cs: b921a92d494c127f5c5814c88143c62e -> 
  custom:CustomObjectIndexerAttribute: 9a22284fe3817be447336de3de66b15e -> 
  custom:container-demuxer-webm: 4f35f7cbe854078d1ac9338744f61a02 -> 
  custom:scripting/monoscript/fileName/HealthSystem.cs: 3bf514bc72cae70b3f75cf0b3e42834b -> 
  custom:scripting/monoscript/fileName/ReadmeEditor_HealthSystem.cs: ffe2b7af7ae94220116f831e129dbec4 -> 
  custom:scripting/monoscript/fileName/Demo_Zombie.cs: e506a4c95f2fa047953388ae05cd79a7 -> 
  custom:scripting/monoscript/fileName/LookAtCamera.cs: 44866165fc05474e916a53991d5a3bc9 -> 
  custom:container-muxer-webm: aa71ff27fc2769a1b78a27578f13a17b -> 
  custom:video-decoder-webm-vp8: 9c59270c3fd7afecdb556c50c9e8de78 -> 
  custom:SearchIndexIgnoredProperties: e643bd26f0fe6173181afceb89e7c659 -> 
  custom:scripting/monoscript/fileName/HealthSystemComponent.cs: 376616f923bdf6f4801de5c1cfc814d3 -> 
  custom:AudioImporter_EditorPlatform: 3918e3fc78b5a79bad01e8451be0beb8 -> 
  custom:scripting/monoscript/fileName/IGetHealthSystem.cs: fe78d35da2a17f46f9315a888e2723bc -> 
  custom:scripting/monoscript/fileName/Demo_HealButton.cs: 586b31ab69340957765be839e992134f -> 
  custom:scripting/monoscript/fileName/TryAgain.cs: 5943599f40223b8eec5bba9b73d114a1 -> 
  custom:scripting/monoscript/fileName/HealthBarUI.cs: 2ed933b48b8d56a6b02dfff68cc5ea5a -> 
  custom:framework-osx-AVFoundation: e770b220cccbd017edd2c1fefb359320 -> 
  custom:video-encoder-webm-vp8: eb34c28f22e8b96e1ab97ce403110664 -> 
  custom:audio-decoder-ogg-vorbis: bf7c407c2cedff20999df2af8eb42d56 -> 
  custom:scripting/monoscript/fileName/Demo_DamageButton.cs: 134b4fa9c96d91b73fe2ab2bf8f47c91 -> 
  custom:scripting/monoscript/fileName/Demo_UnitCSharp.cs: bf027c959432188370c4d588e50122f7 -> 
  custom:scripting/monoscript/fileName/Demo.cs: 64e1956b8d06855efe6846ccc24a48c8 -> 
  custom:audio-encoder-webm-vorbis: bf7c407c2cedff20999df2af8eb42d56 -> 
  custom:scripting/monoscript/fileName/Demo_DefenseGame.cs: ef35965b14692a186e75b7b809fb2f7b -> 
  custom:scripting/precompiled-assembly-types:Assembly-CSharp: 97b9f7107fd5899beadf72deb6e4f1df -> 7a063d5b9f86bfaf1c70d59d4d03a175
  custom:scripting/monoscript/fileName/PlayerMove.cs: c911525a3fea5fc8ea2713161dd32c9d -> e1b5b1ca7ac5e05a4b47501120527237
  custom:scripting/monoscript/fileName/Readme_HealthSystem.cs: e6e81e05fa9f5a72d1e699f63cb523ba -> 
========================================================================
Received Prepare
Caller must complete domain reload
Begin MonoManager ReloadAssembly
Thread 0x16badf000 may have been prematurely finalized
- Loaded All Assemblies, in  0.325 seconds
Native extension for OSXStandalone target not found
Native extension for WebGL target not found
Mono: successfully reloaded assembly
- Finished resetting the current domain, in  0.893 seconds
Domain Reload Profiling: 1218ms
	BeginReloadAssembly (95ms)
		ExecutionOrderSort (0ms)
		DisableScriptedObjects (3ms)
		BackupInstance (0ms)
		ReleaseScriptingObjects (0ms)
		CreateAndSetChildDomain (33ms)
	RebuildCommonClasses (28ms)
	RebuildNativeTypeToScriptingClass (9ms)
	initialDomainReloadingComplete (19ms)
	LoadAllAssembliesAndSetupDomain (174ms)
		LoadAssemblies (177ms)
		RebuildTransferFunctionScriptingTraits (0ms)
		AnalyzeDomain (30ms)
			TypeCache.Refresh (25ms)
				TypeCache.ScanAssembly (0ms)
			ScanForSourceGeneratedMonoScriptInfo (0ms)
			ResolveRequiredComponents (5ms)
	FinalizeReload (893ms)
		ReleaseScriptCaches (0ms)
		RebuildScriptCaches (0ms)
		SetupLoadedEditorAssemblies (279ms)
			LogAssemblyErrors (0ms)
			InitializePlatformSupportModulesInManaged (5ms)
			SetLoadedEditorAssemblies (4ms)
			RefreshPlugins (0ms)
			BeforeProcessingInitializeOnLoad (44ms)
			ProcessInitializeOnLoadAttributes (212ms)
			ProcessInitializeOnLoadMethodAttributes (14ms)
			AfterProcessingInitializeOnLoad (1ms)
			EditorAssembliesLoaded (0ms)
		ExecutionOrderSort2 (0ms)
		AwakeInstancesAfterBackupRestoration (3ms)
Refreshing native plugins compatible for Editor in 0.76 ms, found 2 plugins.
Preloading 0 native plugins for Editor in 0.00 ms.
Unloading 3531 Unused Serialized files (Serialized files now loaded: 0)
Unloading 17 unused Assets / (94.5 KB). Loaded Objects now: 4069.
Memory consumption went from 190.5 MB to 190.4 MB.
Total: 2.757250 ms (FindLiveObjects: 0.134791 ms CreateObjectMapping: 0.050000 ms MarkObjects: 2.429459 ms  DeleteObjects: 0.142375 ms)

Prepare: number of updated asset objects reloaded= 0
AssetImportParameters requested are different than current active one (requested -> active):
  custom:container-demuxer-ogg: 62fdf1f143b41e24485cea50d1cbac27 -> 
  custom:video-decoder-ogg-theora: a1e56fd34408186e4bbccfd4996cb3dc -> 
  custom:scripting/monoscript/fileName/Demo_Cannon.cs: 4bafd18793c1f2e91d81b7d557a59b13 -> 
  custom:scripting/monoscript/fileName/Demo_Unit.cs: 59a5f949051a6dba5929b65f372e7752 -> 
  custom:scripting/monoscript/fileName/Demo_Bullet.cs: 865687936b4476236e7773ddafe98a51 -> 
  custom:scripting/monoscript/fileName/Restart.cs: f4038f140f9e26ceb7931d56fcf7209d -> add66e6da873e366ed3518c440850d01
  custom:scripting/monoscript/fileName/MenuLoader.cs: b921a92d494c127f5c5814c88143c62e -> 
  custom:CustomObjectIndexerAttribute: 9a22284fe3817be447336de3de66b15e -> 
  custom:container-demuxer-webm: 4f35f7cbe854078d1ac9338744f61a02 -> 
  custom:scripting/monoscript/fileName/HealthSystem.cs: 3bf514bc72cae70b3f75cf0b3e42834b -> 
  custom:scripting/monoscript/fileName/ReadmeEditor_HealthSystem.cs: ffe2b7af7ae94220116f831e129dbec4 -> 
  custom:scripting/monoscript/fileName/Demo_Zombie.cs: e506a4c95f2fa047953388ae05cd79a7 -> 
  custom:scripting/monoscript/fileName/LookAtCamera.cs: 44866165fc05474e916a53991d5a3bc9 -> 
  custom:container-muxer-webm: aa71ff27fc2769a1b78a27578f13a17b -> 
  custom:video-decoder-webm-vp8: 9c59270c3fd7afecdb556c50c9e8de78 -> 
  custom:SearchIndexIgnoredProperties: e643bd26f0fe6173181afceb89e7c659 -> 
  custom:scripting/monoscript/fileName/HealthSystemComponent.cs: 376616f923bdf6f4801de5c1cfc814d3 -> 
  custom:AudioImporter_EditorPlatform: 3918e3fc78b5a79bad01e8451be0beb8 -> 
  custom:scripting/monoscript/fileName/IGetHealthSystem.cs: fe78d35da2a17f46f9315a888e2723bc -> 
  custom:scripting/monoscript/fileName/Demo_HealButton.cs: 586b31ab69340957765be839e992134f -> 
  custom:scripting/monoscript/fileName/TryAgain.cs: 5943599f40223b8eec5bba9b73d114a1 -> 
  custom:scripting/monoscript/fileName/HealthBarUI.cs: 2ed933b48b8d56a6b02dfff68cc5ea5a -> 
  custom:framework-osx-AVFoundation: e770b220cccbd017edd2c1fefb359320 -> 
  custom:video-encoder-webm-vp8: eb34c28f22e8b96e1ab97ce403110664 -> 
  custom:audio-decoder-ogg-vorbis: bf7c407c2cedff20999df2af8eb42d56 -> 
  custom:scripting/monoscript/fileName/Demo_DamageButton.cs: 134b4fa9c96d91b73fe2ab2bf8f47c91 -> 
  custom:scripting/monoscript/fileName/Demo_UnitCSharp.cs: bf027c959432188370c4d588e50122f7 -> 
  custom:scripting/monoscript/fileName/Demo.cs: 64e1956b8d06855efe6846ccc24a48c8 -> 
  custom:audio-encoder-webm-vorbis: bf7c407c2cedff20999df2af8eb42d56 -> 
  custom:scripting/monoscript/fileName/Demo_DefenseGame.cs: ef35965b14692a186e75b7b809fb2f7b -> 
  custom:scripting/precompiled-assembly-types:Assembly-CSharp: 97b9f7107fd5899beadf72deb6e4f1df -> 7a063d5b9f86bfaf1c70d59d4d03a175
  custom:scripting/monoscript/fileName/PlayerMove.cs: c911525a3fea5fc8ea2713161dd32c9d -> e1b5b1ca7ac5e05a4b47501120527237
  custom:scripting/monoscript/fileName/Readme_HealthSystem.cs: e6e81e05fa9f5a72d1e699f63cb523ba -> 
========================================================================
Received Prepare
Refreshing native plugins compatible for Editor in 0.62 ms, found 2 plugins.
Preloading 0 native plugins for Editor in 0.00 ms.
Unloading 4 Unused Serialized files (Serialized files now loaded: 0)
Unloading 4 unused Assets / (67.4 KB). Loaded Objects now: 4069.
Memory consumption went from 134.2 MB to 134.2 MB.
Total: 22.971750 ms (FindLiveObjects: 0.313292 ms CreateObjectMapping: 0.047166 ms MarkObjects: 22.402959 ms  DeleteObjects: 0.207875 ms)

Prepare: number of updated asset objects reloaded= 0
AssetImportParameters requested are different than current active one (requested -> active):
  custom:container-demuxer-ogg: 62fdf1f143b41e24485cea50d1cbac27 -> 
  custom:video-decoder-ogg-theora: a1e56fd34408186e4bbccfd4996cb3dc -> 
  custom:scripting/monoscript/fileName/Demo_Cannon.cs: 4bafd18793c1f2e91d81b7d557a59b13 -> 
  custom:scripting/monoscript/fileName/Demo_Unit.cs: 59a5f949051a6dba5929b65f372e7752 -> 
  custom:scripting/monoscript/fileName/Demo_Bullet.cs: 865687936b4476236e7773ddafe98a51 -> 
  custom:scripting/monoscript/fileName/Restart.cs: f4038f140f9e26ceb7931d56fcf7209d -> add66e6da873e366ed3518c440850d01
  custom:scripting/monoscript/fileName/MenuLoader.cs: b921a92d494c127f5c5814c88143c62e -> 
  custom:CustomObjectIndexerAttribute: 9a22284fe3817be447336de3de66b15e -> 
  custom:container-demuxer-webm: 4f35f7cbe854078d1ac9338744f61a02 -> 
  custom:scripting/monoscript/fileName/HealthSystem.cs: 3bf514bc72cae70b3f75cf0b3e42834b -> 
  custom:scripting/monoscript/fileName/ReadmeEditor_HealthSystem.cs: ffe2b7af7ae94220116f831e129dbec4 -> 
  custom:scripting/monoscript/fileName/Demo_Zombie.cs: e506a4c95f2fa047953388ae05cd79a7 -> 
  custom:scripting/monoscript/fileName/LookAtCamera.cs: 44866165fc05474e916a53991d5a3bc9 -> 
  custom:container-muxer-webm: aa71ff27fc2769a1b78a27578f13a17b -> 
  custom:video-decoder-webm-vp8: 9c59270c3fd7afecdb556c50c9e8de78 -> 
  custom:SearchIndexIgnoredProperties: e643bd26f0fe6173181afceb89e7c659 -> 
  custom:scripting/monoscript/fileName/HealthSystemComponent.cs: 376616f923bdf6f4801de5c1cfc814d3 -> 
  custom:AudioImporter_EditorPlatform: 3918e3fc78b5a79bad01e8451be0beb8 -> 
  custom:scripting/monoscript/fileName/IGetHealthSystem.cs: fe78d35da2a17f46f9315a888e2723bc -> 
  custom:scripting/monoscript/fileName/Demo_HealButton.cs: 586b31ab69340957765be839e992134f -> 
  custom:scripting/monoscript/fileName/TryAgain.cs: 5943599f40223b8eec5bba9b73d114a1 -> 
  custom:scripting/monoscript/fileName/HealthBarUI.cs: 2ed933b48b8d56a6b02dfff68cc5ea5a -> 
  custom:framework-osx-AVFoundation: e770b220cccbd017edd2c1fefb359320 -> 
  custom:video-encoder-webm-vp8: eb34c28f22e8b96e1ab97ce403110664 -> 
  custom:audio-decoder-ogg-vorbis: bf7c407c2cedff20999df2af8eb42d56 -> 
  custom:scripting/monoscript/fileName/Demo_DamageButton.cs: 134b4fa9c96d91b73fe2ab2bf8f47c91 -> 
  custom:scripting/monoscript/fileName/Demo_UnitCSharp.cs: bf027c959432188370c4d588e50122f7 -> 
  custom:scripting/monoscript/fileName/Demo.cs: 64e1956b8d06855efe6846ccc24a48c8 -> 
  custom:audio-encoder-webm-vorbis: bf7c407c2cedff20999df2af8eb42d56 -> 
  custom:scripting/monoscript/fileName/Demo_DefenseGame.cs: ef35965b14692a186e75b7b809fb2f7b -> 
  custom:scripting/precompiled-assembly-types:Assembly-CSharp: 97b9f7107fd5899beadf72deb6e4f1df -> 7a063d5b9f86bfaf1c70d59d4d03a175
  custom:scripting/monoscript/fileName/PlayerMove.cs: c911525a3fea5fc8ea2713161dd32c9d -> e1b5b1ca7ac5e05a4b47501120527237
  custom:scripting/monoscript/fileName/Readme_HealthSystem.cs: e6e81e05fa9f5a72d1e699f63cb523ba -> 
========================================================================
Received Prepare
Refreshing native plugins compatible for Editor in 0.66 ms, found 2 plugins.
Preloading 0 native plugins for Editor in 0.00 ms.
Unloading 4 Unused Serialized files (Serialized files now loaded: 0)
Unloading 4 unused Assets / (83.6 KB). Loaded Objects now: 4069.
Memory consumption went from 133.7 MB to 133.7 MB.
Total: 2.458792 ms (FindLiveObjects: 0.224333 ms CreateObjectMapping: 0.045500 ms MarkObjects: 2.129250 ms  DeleteObjects: 0.059167 ms)

Prepare: number of updated asset objects reloaded= 0
AssetImportParameters requested are different than current active one (requested -> active):
  custom:container-demuxer-ogg: 62fdf1f143b41e24485cea50d1cbac27 -> 
  custom:video-decoder-ogg-theora: a1e56fd34408186e4bbccfd4996cb3dc -> 
  custom:scripting/monoscript/fileName/Demo_Cannon.cs: 4bafd18793c1f2e91d81b7d557a59b13 -> 
  custom:scripting/monoscript/fileName/Demo_Unit.cs: 59a5f949051a6dba5929b65f372e7752 -> 
  custom:scripting/monoscript/fileName/Demo_Bullet.cs: 865687936b4476236e7773ddafe98a51 -> 
  custom:scripting/monoscript/fileName/Restart.cs: f4038f140f9e26ceb7931d56fcf7209d -> add66e6da873e366ed3518c440850d01
  custom:scripting/monoscript/fileName/MenuLoader.cs: b921a92d494c127f5c5814c88143c62e -> 
  custom:CustomObjectIndexerAttribute: 9a22284fe3817be447336de3de66b15e -> 
  custom:container-demuxer-webm: 4f35f7cbe854078d1ac9338744f61a02 -> 
  custom:scripting/monoscript/fileName/HealthSystem.cs: 3bf514bc72cae70b3f75cf0b3e42834b -> 
  custom:scripting/monoscript/fileName/ReadmeEditor_HealthSystem.cs: ffe2b7af7ae94220116f831e129dbec4 -> 
  custom:scripting/monoscript/fileName/Demo_Zombie.cs: e506a4c95f2fa047953388ae05cd79a7 -> 
  custom:scripting/monoscript/fileName/LookAtCamera.cs: 44866165fc05474e916a53991d5a3bc9 -> 
  custom:container-muxer-webm: aa71ff27fc2769a1b78a27578f13a17b -> 
  custom:video-decoder-webm-vp8: 9c59270c3fd7afecdb556c50c9e8de78 -> 
  custom:SearchIndexIgnoredProperties: e643bd26f0fe6173181afceb89e7c659 -> 
  custom:scripting/monoscript/fileName/HealthSystemComponent.cs: 376616f923bdf6f4801de5c1cfc814d3 -> 
  custom:AudioImporter_EditorPlatform: 3918e3fc78b5a79bad01e8451be0beb8 -> 
  custom:scripting/monoscript/fileName/IGetHealthSystem.cs: fe78d35da2a17f46f9315a888e2723bc -> 
  custom:scripting/monoscript/fileName/Demo_HealButton.cs: 586b31ab69340957765be839e992134f -> 
  custom:scripting/monoscript/fileName/TryAgain.cs: 5943599f40223b8eec5bba9b73d114a1 -> 
  custom:scripting/monoscript/fileName/HealthBarUI.cs: 2ed933b48b8d56a6b02dfff68cc5ea5a -> 
  custom:framework-osx-AVFoundation: e770b220cccbd017edd2c1fefb359320 -> 
  custom:video-encoder-webm-vp8: eb34c28f22e8b96e1ab97ce403110664 -> 
  custom:audio-decoder-ogg-vorbis: bf7c407c2cedff20999df2af8eb42d56 -> 
  custom:scripting/monoscript/fileName/Demo_DamageButton.cs: 134b4fa9c96d91b73fe2ab2bf8f47c91 -> 
  custom:scripting/monoscript/fileName/Demo_UnitCSharp.cs: bf027c959432188370c4d588e50122f7 -> 
  custom:scripting/monoscript/fileName/Demo.cs: 64e1956b8d06855efe6846ccc24a48c8 -> 
  custom:audio-encoder-webm-vorbis: bf7c407c2cedff20999df2af8eb42d56 -> 
  custom:scripting/monoscript/fileName/Demo_DefenseGame.cs: ef35965b14692a186e75b7b809fb2f7b -> 
  custom:scripting/precompiled-assembly-types:Assembly-CSharp: 97b9f7107fd5899beadf72deb6e4f1df -> 7a063d5b9f86bfaf1c70d59d4d03a175
  custom:scripting/monoscript/fileName/PlayerMove.cs: c911525a3fea5fc8ea2713161dd32c9d -> e1b5b1ca7ac5e05a4b47501120527237
  custom:scripting/monoscript/fileName/Readme_HealthSystem.cs: e6e81e05fa9f5a72d1e699f63cb523ba -> 
========================================================================
Received Prepare
Caller must complete domain reload
Begin MonoManager ReloadAssembly
Thread 0x16badf000 may have been prematurely finalized
- Loaded All Assemblies, in  0.751 seconds
Native extension for OSXStandalone target not found
Native extension for WebGL target not found
Mono: successfully reloaded assembly
- Finished resetting the current domain, in  0.843 seconds
Domain Reload Profiling: 1595ms
	BeginReloadAssembly (226ms)
		ExecutionOrderSort (0ms)
		DisableScriptedObjects (5ms)
		BackupInstance (0ms)
		ReleaseScriptingObjects (0ms)
		CreateAndSetChildDomain (97ms)
	RebuildCommonClasses (29ms)
	RebuildNativeTypeToScriptingClass (9ms)
	initialDomainReloadingComplete (27ms)
	LoadAllAssembliesAndSetupDomain (460ms)
		LoadAssemblies (361ms)
		RebuildTransferFunctionScriptingTraits (0ms)
		AnalyzeDomain (185ms)
			TypeCache.Refresh (132ms)
				TypeCache.ScanAssembly (87ms)
			ScanForSourceGeneratedMonoScriptInfo (31ms)
			ResolveRequiredComponents (21ms)
	FinalizeReload (843ms)
		ReleaseScriptCaches (0ms)
		RebuildScriptCaches (0ms)
		SetupLoadedEditorAssemblies (292ms)
			LogAssemblyErrors (0ms)
			InitializePlatformSupportModulesInManaged (10ms)
			SetLoadedEditorAssemblies (6ms)
			RefreshPlugins (0ms)
			BeforeProcessingInitializeOnLoad (44ms)
			ProcessInitializeOnLoadAttributes (220ms)
			ProcessInitializeOnLoadMethodAttributes (11ms)
			AfterProcessingInitializeOnLoad (1ms)
			EditorAssembliesLoaded (0ms)
		ExecutionOrderSort2 (0ms)
		AwakeInstancesAfterBackupRestoration (3ms)
Refreshing native plugins compatible for Editor in 0.56 ms, found 2 plugins.
Preloading 0 native plugins for Editor in 0.00 ms.
Unloading 3531 Unused Serialized files (Serialized files now loaded: 0)
Unloading 17 unused Assets / (86.2 KB). Loaded Objects now: 4072.
Memory consumption went from 194.2 MB to 194.1 MB.
Total: 3.537625 ms (FindLiveObjects: 0.364666 ms CreateObjectMapping: 0.047250 ms MarkObjects: 3.009625 ms  DeleteObjects: 0.115500 ms)

Prepare: number of updated asset objects reloaded= 0
AssetImportParameters requested are different than current active one (requested -> active):
  custom:container-demuxer-ogg: 62fdf1f143b41e24485cea50d1cbac27 -> 
  custom:video-decoder-ogg-theora: a1e56fd34408186e4bbccfd4996cb3dc -> 
  custom:scripting/monoscript/fileName/Demo_Cannon.cs: 4bafd18793c1f2e91d81b7d557a59b13 -> 
  custom:scripting/monoscript/fileName/Demo_Unit.cs: 59a5f949051a6dba5929b65f372e7752 -> 
  custom:scripting/monoscript/fileName/Demo_Bullet.cs: 865687936b4476236e7773ddafe98a51 -> 
  custom:scripting/monoscript/fileName/Restart.cs: f4038f140f9e26ceb7931d56fcf7209d -> add66e6da873e366ed3518c440850d01
  custom:scripting/monoscript/fileName/MenuLoader.cs: b921a92d494c127f5c5814c88143c62e -> 
  custom:CustomObjectIndexerAttribute: 9a22284fe3817be447336de3de66b15e -> 
  custom:container-demuxer-webm: 4f35f7cbe854078d1ac9338744f61a02 -> 
  custom:scripting/monoscript/fileName/HealthSystem.cs: 3bf514bc72cae70b3f75cf0b3e42834b -> 
  custom:scripting/monoscript/fileName/ReadmeEditor_HealthSystem.cs: ffe2b7af7ae94220116f831e129dbec4 -> 
  custom:scripting/monoscript/fileName/Demo_Zombie.cs: e506a4c95f2fa047953388ae05cd79a7 -> 
  custom:scripting/monoscript/fileName/LookAtCamera.cs: 44866165fc05474e916a53991d5a3bc9 -> 
  custom:container-muxer-webm: aa71ff27fc2769a1b78a27578f13a17b -> 
  custom:video-decoder-webm-vp8: 9c59270c3fd7afecdb556c50c9e8de78 -> 
  custom:SearchIndexIgnoredProperties: e643bd26f0fe6173181afceb89e7c659 -> 
  custom:scripting/monoscript/fileName/HealthSystemComponent.cs: 376616f923bdf6f4801de5c1cfc814d3 -> 
  custom:AudioImporter_EditorPlatform: 3918e3fc78b5a79bad01e8451be0beb8 -> 
  custom:scripting/monoscript/fileName/IGetHealthSystem.cs: fe78d35da2a17f46f9315a888e2723bc -> 
  custom:scripting/monoscript/fileName/Demo_HealButton.cs: 586b31ab69340957765be839e992134f -> 
  custom:scripting/monoscript/fileName/TryAgain.cs: 5943599f40223b8eec5bba9b73d114a1 -> 
  custom:scripting/monoscript/fileName/HealthBarUI.cs: 2ed933b48b8d56a6b02dfff68cc5ea5a -> 
  custom:framework-osx-AVFoundation: e770b220cccbd017edd2c1fefb359320 -> 
  custom:video-encoder-webm-vp8: eb34c28f22e8b96e1ab97ce403110664 -> 
  custom:audio-decoder-ogg-vorbis: bf7c407c2cedff20999df2af8eb42d56 -> 
  custom:scripting/monoscript/fileName/Demo_DamageButton.cs: 134b4fa9c96d91b73fe2ab2bf8f47c91 -> 
  custom:scripting/monoscript/fileName/Demo_UnitCSharp.cs: bf027c959432188370c4d588e50122f7 -> 
  custom:scripting/monoscript/fileName/Demo.cs: 64e1956b8d06855efe6846ccc24a48c8 -> 
  custom:audio-encoder-webm-vorbis: bf7c407c2cedff20999df2af8eb42d56 -> 
  custom:scripting/monoscript/fileName/Demo_DefenseGame.cs: ef35965b14692a186e75b7b809fb2f7b -> 
  custom:scripting/precompiled-assembly-types:Assembly-CSharp: 97b9f7107fd5899beadf72deb6e4f1df -> 7a063d5b9f86bfaf1c70d59d4d03a175
  custom:scripting/monoscript/fileName/PlayerMove.cs: c911525a3fea5fc8ea2713161dd32c9d -> e1b5b1ca7ac5e05a4b47501120527237
  custom:scripting/monoscript/fileName/Readme_HealthSystem.cs: e6e81e05fa9f5a72d1e699f63cb523ba -> 
========================================================================
Received Prepare
Refreshing native plugins compatible for Editor in 1.72 ms, found 2 plugins.
Preloading 0 native plugins for Editor in 0.00 ms.
Unloading 4 Unused Serialized files (Serialized files now loaded: 0)
Unloading 4 unused Assets / (75.3 KB). Loaded Objects now: 4072.
Memory consumption went from 139.5 MB to 139.4 MB.
Total: 28.514417 ms (FindLiveObjects: 0.255333 ms CreateObjectMapping: 0.044292 ms MarkObjects: 27.999125 ms  DeleteObjects: 0.215125 ms)

Prepare: number of updated asset objects reloaded= 0
AssetImportParameters requested are different than current active one (requested -> active):
  custom:container-demuxer-ogg: 62fdf1f143b41e24485cea50d1cbac27 -> 
  custom:video-decoder-ogg-theora: a1e56fd34408186e4bbccfd4996cb3dc -> 
  custom:scripting/monoscript/fileName/Demo_Cannon.cs: 4bafd18793c1f2e91d81b7d557a59b13 -> 
  custom:scripting/monoscript/fileName/Demo_Unit.cs: 59a5f949051a6dba5929b65f372e7752 -> 
  custom:scripting/monoscript/fileName/Demo_Bullet.cs: 865687936b4476236e7773ddafe98a51 -> 
  custom:scripting/monoscript/fileName/Restart.cs: f4038f140f9e26ceb7931d56fcf7209d -> add66e6da873e366ed3518c440850d01
  custom:scripting/monoscript/fileName/MenuLoader.cs: b921a92d494c127f5c5814c88143c62e -> 
  custom:CustomObjectIndexerAttribute: 9a22284fe3817be447336de3de66b15e -> 
  custom:container-demuxer-webm: 4f35f7cbe854078d1ac9338744f61a02 -> 
  custom:scripting/monoscript/fileName/HealthSystem.cs: 3bf514bc72cae70b3f75cf0b3e42834b -> 
  custom:scripting/monoscript/fileName/ReadmeEditor_HealthSystem.cs: ffe2b7af7ae94220116f831e129dbec4 -> 
  custom:scripting/monoscript/fileName/Demo_Zombie.cs: e506a4c95f2fa047953388ae05cd79a7 -> 
  custom:scripting/monoscript/fileName/LookAtCamera.cs: 44866165fc05474e916a53991d5a3bc9 -> 
  custom:container-muxer-webm: aa71ff27fc2769a1b78a27578f13a17b -> 
  custom:video-decoder-webm-vp8: 9c59270c3fd7afecdb556c50c9e8de78 -> 
  custom:SearchIndexIgnoredProperties: e643bd26f0fe6173181afceb89e7c659 -> 
  custom:scripting/monoscript/fileName/HealthSystemComponent.cs: 376616f923bdf6f4801de5c1cfc814d3 -> 
  custom:AudioImporter_EditorPlatform: 3918e3fc78b5a79bad01e8451be0beb8 -> 
  custom:scripting/monoscript/fileName/IGetHealthSystem.cs: fe78d35da2a17f46f9315a888e2723bc -> 
  custom:scripting/monoscript/fileName/Demo_HealButton.cs: 586b31ab69340957765be839e992134f -> 
  custom:scripting/monoscript/fileName/TryAgain.cs: 5943599f40223b8eec5bba9b73d114a1 -> 
  custom:scripting/monoscript/fileName/HealthBarUI.cs: 2ed933b48b8d56a6b02dfff68cc5ea5a -> 
  custom:framework-osx-AVFoundation: e770b220cccbd017edd2c1fefb359320 -> 
  custom:video-encoder-webm-vp8: eb34c28f22e8b96e1ab97ce403110664 -> 
  custom:audio-decoder-ogg-vorbis: bf7c407c2cedff20999df2af8eb42d56 -> 
  custom:scripting/monoscript/fileName/Demo_DamageButton.cs: 134b4fa9c96d91b73fe2ab2bf8f47c91 -> 
  custom:scripting/monoscript/fileName/Demo_UnitCSharp.cs: bf027c959432188370c4d588e50122f7 -> 
  custom:scripting/monoscript/fileName/Demo.cs: 64e1956b8d06855efe6846ccc24a48c8 -> 
  custom:audio-encoder-webm-vorbis: bf7c407c2cedff20999df2af8eb42d56 -> 
  custom:scripting/monoscript/fileName/Demo_DefenseGame.cs: ef35965b14692a186e75b7b809fb2f7b -> 
  custom:scripting/precompiled-assembly-types:Assembly-CSharp: 97b9f7107fd5899beadf72deb6e4f1df -> 7a063d5b9f86bfaf1c70d59d4d03a175
  custom:scripting/monoscript/fileName/PlayerMove.cs: c911525a3fea5fc8ea2713161dd32c9d -> e1b5b1ca7ac5e05a4b47501120527237
  custom:scripting/monoscript/fileName/Readme_HealthSystem.cs: e6e81e05fa9f5a72d1e699f63cb523ba -> 
